DDI-MedLine.d74.s9|43-47|alpha|drug
DDI-MedLine.d74.s11|67-71|alpha|drug
DDI-DrugBank.d328.s0|95-104|hydrolyzed|drug
DDI-DrugBank.d328.s7|114-125|methotrexate|drug
DDI-DrugBank.d328.s7|189-200|methotrexate|drug
DDI-DrugBank.d328.s10|232-240|thiazides|drug
DDI-DrugBank.d328.s12|191-199|phenytoin|drug
DDI-DrugBank.d328.s12|316-324|phenytoin|drug
DDI-DrugBank.d328.s13|103-111|phenytoin|drug
DDI-DrugBank.d328.s14|86-94|phenytoin|drug
DDI-DrugBank.d328.s17|-1-14|dextromethorphan|drug
DDI-DrugBank.d328.s17|-1-14|dextromethorphan|drug
DDI-DrugBank.d328.s17|-1-14|dextromethorphan|drug
DDI-DrugBank.d328.s17|16-31|dextromethorphan|drug
DDI-DrugBank.d328.s17|16-31|dextromethorphan|drug
DDI-DrugBank.d328.s17|16-31|dextromethorphan|drug
DDI-DrugBank.d328.s18|94-109|dextromethorphan|drug
DDI-DrugBank.d328.s18|94-109|dextromethorphan|drug
DDI-DrugBank.d328.s18|94-109|dextromethorphan|drug
DDI-DrugBank.d328.s19|8-23|dextromethorphan|drug
DDI-DrugBank.d328.s19|8-23|dextromethorphan|drug
DDI-DrugBank.d328.s19|8-23|dextromethorphan|drug
DDI-DrugBank.d328.s22|8-16|carbonate|drug
DDI-DrugBank.d328.s22|8-16|carbonate|drug
DDI-DrugBank.d328.s27|47-57|fluconazole|drug
DDI-DrugBank.d328.s27|87-98|ketoconazole|drug
DDI-DrugBank.d328.s27|98-109|ketoconazole|drug
DDI-DrugBank.d328.s27|111-121|fluconazole|drug
DDI-DrugBank.d328.s28|82-93|ketoconazole|drug
DDI-DrugBank.d328.s28|99-109|fluconazole|drug
DDI-DrugBank.d328.s29|79-89|fluconazole|drug
DDI-DrugBank.d328.s29|124-135|ketoconazole|drug
DDI-DrugBank.d328.s37|-1-8|omeprazole|drug
DDI-DrugBank.d328.s37|-1-8|omeprazole|drug
DDI-DrugBank.d328.s37|10-19|omeprazole|drug
DDI-DrugBank.d328.s37|10-19|omeprazole|drug
DDI-DrugBank.d328.s38|113-122|omeprazole|drug
DDI-DrugBank.d328.s38|113-122|omeprazole|drug
DDI-DrugBank.d328.s39|55-64|omeprazole|drug
DDI-DrugBank.d328.s39|55-64|omeprazole|drug
DDI-DrugBank.d328.s40|102-111|omeprazole|drug
DDI-DrugBank.d328.s40|102-111|omeprazole|drug
DDI-DrugBank.d328.s41|51-60|omeprazole|drug
DDI-DrugBank.d328.s41|51-60|omeprazole|drug
DDI-DrugBank.d328.s41|135-144|omeprazole|drug
DDI-DrugBank.d328.s41|135-144|omeprazole|drug
DDI-DrugBank.d328.s42|63-72|omeprazole|drug
DDI-DrugBank.d328.s42|63-72|omeprazole|drug
DDI-DrugBank.d19.s1|46-54|phenytoin|drug
DDI-DrugBank.d19.s2|45-53|phenytoin|drug
DDI-DrugBank.d19.s2|124-132|phenytoin|drug
DDI-DrugBank.d19.s2|166-174|phenytoin|drug
DDI-DrugBank.d19.s4|9-17|phenytoin|drug
DDI-DrugBank.d19.s5|7-15|phenytoin|drug
DDI-DrugBank.d19.s9|294-304|nitrosamine|drug
DDI-DrugBank.d19.s9|294-304|nitrosamine|drug
DDI-DrugBank.d69.s0|5-14|cerubidine|drug
DDI-DrugBank.d69.s1|-1-8|cerubidine|drug
DDI-DrugBank.d69.s1|128-137|cerubidine|drug
DDI-DrugBank.d69.s2|-1-14|cyclophosphamide|drug
DDI-DrugBank.d69.s2|-1-14|cyclophosphamide|drug
DDI-DrugBank.d69.s2|-1-14|cyclophosphamide|drug
DDI-DrugBank.d69.s2|-1-14|cyclophosphamide|drug
DDI-DrugBank.d69.s2|-1-14|cyclophosphamide|drug
DDI-DrugBank.d69.s2|-1-14|cyclophosphamide|drug
DDI-DrugBank.d69.s2|38-47|cerubidine|drug
DDI-DrugBank.d69.s3|18-27|cerubidine|drug
DDI-DrugBank.d69.s4|43-54|methotrexate|drug
DDI-DrugBank.d416.s0|103-114|sulfonamides|drug
DDI-DrugBank.d416.s0|103-114|sulfonamides|drug
DDI-DrugBank.d416.s0|103-114|sulfonamides|drug
DDI-DrugBank.d416.s0|103-114|sulfonamides|drug
DDI-DrugBank.d416.s0|130-144|thiazolesulfone|drug
DDI-DrugBank.d416.s0|130-144|thiazolesulfone|drug
DDI-DrugBank.d416.s0|130-144|thiazolesulfone|drug
DDI-DrugBank.d416.s0|130-144|thiazolesulfone|drug
DDI-DrugBank.d416.s0|130-144|thiazolesulfone|drug
DDI-DrugBank.d416.s0|130-144|thiazolesulfone|drug
DDI-DrugBank.d416.s0|130-144|thiazolesulfone|drug
DDI-DrugBank.d416.s2|-1-8|probenecid|drug
DDI-DrugBank.d416.s3|30-39|probenecid|drug
DDI-DrugBank.d320.s0|121-130|amide-type|drug
DDI-DrugBank.d320.s1|176-183|desbutyl|drug
DDI-DrugBank.d320.s1|199-207|3-hydroxy|drug
DDI-DrugBank.d320.s1|199-207|3-hydroxy|drug
DDI-DrugBank.d320.s1|199-207|3-hydroxy|drug
DDI-DrugBank.d320.s1|199-207|3-hydroxy|drug
DDI-DrugBank.d320.s3|156-164|phenytoin|drug
DDI-DrugBank.d320.s3|167-179|phenobarbital|drug
DDI-DrugBank.d320.s3|212-216|azole|drug
DDI-DrugBank.d320.s3|237-248|ketoconazole|drug
DDI-DrugBank.d320.s5|0-8|macrolide|drug
DDI-DrugBank.d320.s6|67-76|omeprazole|drug
DDI-DrugBank.d320.s6|67-76|omeprazole|drug
DDI-MedLine.d62.s0|54-68|methamphetamine|drug
DDI-MedLine.d62.s0|54-68|methamphetamine|drug
DDI-MedLine.d62.s0|54-68|methamphetamine|drug
DDI-MedLine.d62.s0|54-68|methamphetamine|drug
DDI-MedLine.d62.s1|313-327|methamphetamine|drug
DDI-MedLine.d62.s1|313-327|methamphetamine|drug
DDI-MedLine.d62.s1|313-327|methamphetamine|drug
DDI-MedLine.d62.s1|313-327|methamphetamine|drug
DDI-MedLine.d62.s3|14-21|examined|drug
DDI-MedLine.d62.s4|202-209|dopamine|drug
DDI-MedLine.d62.s5|62-69|dopamine|drug
DDI-DrugBank.d639.s0|79-90|ketoconazole|drug
DDI-DrugBank.d639.s0|93-104|itraconazole|drug
DDI-DrugBank.d639.s2|70-82|dexamethasone|drug
DDI-DrugBank.d639.s2|85-93|phenytoin|drug
DDI-DrugBank.d639.s2|96-108|carbamazepine|drug
DDI-DrugBank.d639.s2|96-108|carbamazepine|drug
DDI-DrugBank.d639.s2|144-156|phenobarbital|drug
DDI-DrugBank.d339.s0|24-36|carbamazepine|drug
DDI-DrugBank.d339.s0|24-36|carbamazepine|drug
DDI-DrugBank.d339.s0|43-55|carbamazepine|drug
DDI-DrugBank.d339.s0|43-55|carbamazepine|drug
DDI-DrugBank.d339.s1|65-77|carbamazepine|drug
DDI-DrugBank.d339.s1|65-77|carbamazepine|drug
DDI-DrugBank.d339.s3|215-227|nitroprusside|drug
DDI-DrugBank.d339.s3|242-258|nitroferricyanide|drug
DDI-DrugBank.d339.s4|190-197|benedict|drug
DDI-DrugBank.d520.s0|63-73|carboplatin|drug
DDI-DrugBank.d223.s0|197-207|debrisoquin|drug
DDI-DrugBank.d223.s0|207-217|hydroxylase|drug
DDI-DrugBank.d223.s0|207-217|hydroxylase|drug
DDI-DrugBank.d223.s0|207-217|hydroxylase|drug
DDI-DrugBank.d223.s6|147-155|quinidine|drug
DDI-DrugBank.d223.s7|0-9|cimetidine|drug
DDI-DrugBank.d223.s7|83-96|phenothiazines|drug
DDI-DrugBank.d223.s7|83-96|phenothiazines|drug
DDI-DrugBank.d223.s7|83-96|phenothiazines|drug
DDI-DrugBank.d223.s7|131-141|propafenone|drug
DDI-DrugBank.d223.s16|149-157|quinidine|drug
DDI-DrugBank.d223.s22|-1-8|cimetidine|drug
DDI-DrugBank.d223.s22|10-19|cimetidine|drug
DDI-DrugBank.d223.s23|8-22|anticholinergic|drug
DDI-DrugBank.d223.s23|186-195|cimetidine|drug
DDI-DrugBank.d223.s24|133-142|cimetidine|drug
DDI-DrugBank.d223.s25|257-266|cimetidine|drug
DDI-DrugBank.d223.s25|287-296|cimetidine|drug
DDI-DrugBank.d223.s26|41-47|alcohol|drug
DDI-DrugBank.d223.s26|41-47|alcohol|drug
DDI-DrugBank.d223.s26|41-47|alcohol|drug
DDI-DrugBank.d223.s26|70-76|alcohol|drug
DDI-DrugBank.d223.s26|70-76|alcohol|drug
DDI-DrugBank.d223.s26|70-76|alcohol|drug
DDI-DrugBank.d223.s27|53-59|alcohol|drug
DDI-DrugBank.d223.s27|53-59|alcohol|drug
DDI-DrugBank.d223.s27|53-59|alcohol|drug
DDI-DrugBank.d223.s28|104-113|tolazamide|drug
DDI-DrugBank.d223.s28|159-170|hypoglycemia|drug
DDI-DrugBank.d223.s28|210-219|tolazamide|drug
DDI-MedLine.d59.s0|77-85|carbachol|drug
DDI-MedLine.d59.s1|93-103|aminopyrine|drug
DDI-MedLine.d59.s2|31-39|carbachol|drug
DDI-MedLine.d59.s2|83-91|dibutyryl|drug
DDI-MedLine.d59.s3|165-173|carbachol|drug
DDI-MedLine.d59.s4|209-217|carbachol|drug
DDI-MedLine.d59.s4|251-260|histamine-|drug
DDI-MedLine.d59.s4|251-260|histamine-|drug
DDI-MedLine.d59.s5|130-149|carbachol-stimulated|drug
DDI-MedLine.d59.s6|127-145|1,4,5-trisphosphate|drug
DDI-MedLine.d59.s6|127-145|1,4,5-trisphosphate|drug
DDI-MedLine.d59.s6|127-145|1,4,5-trisphosphate|drug
DDI-MedLine.d59.s6|127-145|1,4,5-trisphosphate|drug
DDI-MedLine.d59.s6|127-145|1,4,5-trisphosphate|drug
DDI-MedLine.d59.s7|246-256|cholinergic|drug
DDI-DrugBank.d269.s1|21-31|debrisoquin|drug
DDI-DrugBank.d269.s1|103-111|quinidine|drug
DDI-DrugBank.d269.s1|142-152|propafenone|drug
DDI-DrugBank.d269.s3|-1-21|catecholamine-depleting|drug
DDI-DrugBank.d269.s3|-1-21|catecholamine-depleting|drug
DDI-DrugBank.d269.s3|169-182|catecholamines|drug
DDI-DrugBank.d269.s3|169-182|catecholamines|drug
DDI-DrugBank.d269.s3|235-243|monoamine|drug
DDI-DrugBank.d269.s4|41-49|clonidine|drug
DDI-DrugBank.d269.s4|73-81|clonidine|drug
DDI-DrugBank.d269.s5|70-78|clonidine|drug
DDI-DrugBank.d269.s6|-1-7|clonidine|drug
DDI-DrugBank.d269.s7|46-57|cyclosporine|drug
DDI-DrugBank.d269.s7|103-114|cyclosporine|drug
DDI-DrugBank.d269.s8|163-174|cyclosporine|drug
DDI-DrugBank.d269.s8|197-208|cyclosporine|drug
DDI-DrugBank.d269.s9|42-53|cyclosporine|drug
DDI-DrugBank.d269.s10|96-107|cyclosporine|drug
DDI-DrugBank.d269.s10|205-216|cyclosporine|drug
DDI-DrugBank.d269.s15|-1-8|cimetidine|drug
DDI-DrugBank.d269.s18|129-141|hypoglycemics|drug
DDI-DrugBank.d269.s18|213-225|hypoglycemics|drug
DDI-DrugBank.d269.s19|46-58|hypoglycemics|drug
DDI-DrugBank.d302.s0|5-53|//www.rxlist.com/cgi/generic3/guanethidine_od.htm|drug
DDI-MedLine.d159.s0|21-38|acetyl-l-carnitine|drug
DDI-MedLine.d159.s0|21-38|acetyl-l-carnitine|drug
DDI-MedLine.d159.s0|45-49|alpha|drug
DDI-MedLine.d159.s1|61-81|1,2:3,4-diepoxybutane|drug
DDI-MedLine.d159.s3|404-410|epoxide|drug
DDI-MedLine.d159.s3|410-419|hydrolases|drug
DDI-MedLine.d159.s6|5-22|acetyl-l-carnitine|drug
DDI-MedLine.d159.s6|5-22|acetyl-l-carnitine|drug
DDI-MedLine.d159.s6|115-126|alpha-lipoic|drug
DDI-DrugBank.d622.s2|279-296|anticholinesterase|drug
DDI-DrugBank.d622.s2|279-296|anticholinesterase|drug
DDI-DrugBank.d622.s2|373-391|anticholinesterases|drug
DDI-DrugBank.d622.s2|373-391|anticholinesterases|drug
DDI-DrugBank.d622.s3|24-36|aminophylline|drug
DDI-DrugBank.d622.s3|39-53|succinylcholine|drug
DDI-DrugBank.d622.s3|71-88|phenothiazine-type|drug
DDI-DrugBank.d622.s3|71-88|phenothiazine-type|drug
DDI-DrugBank.d622.s3|71-88|phenothiazine-type|drug
DDI-DrugBank.d622.s3|139-153|organophosphate|drug
DDI-DrugBank.d622.s3|139-153|organophosphate|drug
DDI-DrugBank.d622.s3|139-153|organophosphate|drug
DDI-DrugBank.d622.s3|139-153|organophosphate|drug
DDI-DrugBank.d622.s3|139-153|organophosphate|drug
DDI-DrugBank.d78.s0|123-135|multivitamins|drug
DDI-DrugBank.d78.s0|135-144|quinolones|drug
DDI-DrugBank.d78.s0|135-144|quinolones|drug
DDI-DrugBank.d78.s1|18-27|quinolones|drug
DDI-DrugBank.d78.s1|18-27|quinolones|drug
DDI-DrugBank.d78.s1|145-157|multivitamins|drug
DDI-DrugBank.d78.s1|394-403|quinolones|drug
DDI-DrugBank.d78.s1|394-403|quinolones|drug
DDI-DrugBank.d78.s3|131-140|quinolones|drug
DDI-DrugBank.d78.s3|131-140|quinolones|drug
DDI-DrugBank.d78.s10|22-31|quinolones|drug
DDI-DrugBank.d78.s10|22-31|quinolones|drug
DDI-DrugBank.d78.s10|196-204|quinolone|drug
DDI-DrugBank.d78.s10|196-204|quinolone|drug
DDI-DrugBank.d78.s14|33-42|quinolones|drug
DDI-DrugBank.d78.s14|33-42|quinolones|drug
DDI-DrugBank.d78.s14|95-106|cyclosporine|drug
DDI-DrugBank.d78.s16|44-52|midazolam|drug
DDI-DrugBank.d78.s16|44-52|midazolam|drug
DDI-DrugBank.d78.s16|44-52|midazolam|drug
DDI-DrugBank.d78.s16|59-67|triazolam|drug
DDI-DrugBank.d78.s19|83-94|nonsteroidal|drug
DDI-DrugBank.d78.s19|178-189|nonsteroidal|drug
DDI-DrugBank.d78.s19|209-217|quinolone|drug
DDI-DrugBank.d78.s19|209-217|quinolone|drug
DDI-DrugBank.d78.s20|216-228|hyperglycemia|drug
DDI-DrugBank.d78.s20|230-241|hypoglycemia|drug
DDI-DrugBank.d78.s20|283-292|quinolones|drug
DDI-DrugBank.d78.s20|283-292|quinolones|drug
DDI-DrugBank.d17.s1|54-61|thiazide|drug
DDI-DrugBank.d17.s4|0-7|thiazide|drug
DDI-DrugBank.d17.s6|48-56|diazoxide|drug
DDI-DrugBank.d17.s7|56-63|thiazide|drug
DDI-DrugBank.d17.s9|16-30|corticosteroids|drug
DDI-DrugBank.d17.s10|21-28|thiazide|drug
DDI-DrugBank.d17.s12|21-28|thiazide|drug
DDI-DrugBank.d17.s14|48-55|thiazide|drug
DDI-DrugBank.d17.s16|-1-11|hypoglycemics|drug
DDI-DrugBank.d17.s17|0-7|thiazide|drug
DDI-DrugBank.d17.s18|48-59|hypoglycemic|drug
DDI-DrugBank.d17.s18|107-114|thiazide|drug
DDI-DrugBank.d17.s21|21-28|thiazide|drug
DDI-DrugBank.d17.s22|-1-9|methenamine|drug
DDI-DrugBank.d17.s22|-1-9|methenamine|drug
DDI-DrugBank.d17.s23|60-67|thiazide|drug
DDI-DrugBank.d17.s24|-1-10|nonsteroidal|drug
DDI-DrugBank.d17.s25|82-90|steroidal|drug
DDI-DrugBank.d17.s25|225-232|thiazide|drug
DDI-DrugBank.d17.s26|16-33|hydroflumethiazide|drug
DDI-DrugBank.d17.s26|16-33|hydroflumethiazide|drug
DDI-DrugBank.d17.s26|39-50|nonsteroidal|drug
DDI-DrugBank.d17.s28|0-8|thiazides|drug
DDI-DrugBank.d17.s31|0-7|thiazide|drug
DDI-DrugBank.d17.s32|440-447|thiazide|drug
DDI-DrugBank.d17.s33|113-121|thiazides|drug
DDI-DrugBank.d153.s0|167-175|monoamine|drug
DDI-DrugBank.d153.s4|-1-12|phenothiazines|drug
DDI-DrugBank.d153.s4|-1-12|phenothiazines|drug
DDI-DrugBank.d153.s4|-1-12|phenothiazines|drug
DDI-DrugBank.d153.s4|19-32|butyrophenones|drug
DDI-DrugBank.d153.s4|19-32|butyrophenones|drug
DDI-DrugBank.d153.s4|19-32|butyrophenones|drug
DDI-DrugBank.d153.s4|19-32|butyrophenones|drug
DDI-DrugBank.d237.s3|-1-14|anticholinergics|drug
DDI-DrugBank.d237.s3|55-69|anticholinergic|drug
DDI-DrugBank.d237.s3|115-125|dicyclomine|drug
DDI-DrugBank.d237.s7|59-69|fluconazole|drug
DDI-DrugBank.d237.s7|81-92|itraconazole|drug
DDI-DrugBank.d237.s7|215-226|ketoconazole|drug
DDI-DrugBank.d237.s8|46-57|ketoconazole|drug
DDI-DrugBank.d237.s9|147-158|ketoconazole|drug
DDI-DrugBank.d237.s10|23-32|cimetidine|drug
DDI-DrugBank.d237.s10|197-206|ranitidine|drug
DDI-DrugBank.d237.s11|108-117|cimetidine|drug
DDI-DrugBank.d237.s11|119-128|ranitidine|drug
DDI-DrugBank.d237.s14|156-164|quinidine|drug
DDI-DrugBank.d237.s14|170-181|procainamide|drug
DDI-DrugBank.d237.s16|8-18|tetracyclic|drug
DDI-DrugBank.d237.s16|8-18|tetracyclic|drug
DDI-DrugBank.d237.s16|45-55|maprotiline|drug
DDI-DrugBank.d237.s17|43-52|sertindole|drug
DDI-DrugBank.d237.s17|43-52|sertindole|drug
DDI-DrugBank.d237.s18|40-49|terodiline|drug
DDI-DrugBank.d590.s0|76-85|ranitidine|drug
DDI-DrugBank.d590.s0|181-188|hydroxy-|drug
DDI-DrugBank.d590.s0|181-188|hydroxy-|drug
DDI-DrugBank.d590.s0|181-188|hydroxy-|drug
DDI-DrugBank.d590.s1|74-83|salicylate|drug
DDI-DrugBank.d590.s2|109-118|ranitidine|drug
DDI-DrugBank.d590.s4|60-69|ranitidine|drug
DDI-DrugBank.d640.s2|171-181|aldosterone|drug
DDI-DrugBank.d640.s3|65-73|amiloride|drug
DDI-DrugBank.d640.s3|65-73|amiloride|drug
DDI-DrugBank.d640.s9|128-146|hydrochlorothiazide|drug
DDI-DrugBank.d640.s9|128-146|hydrochlorothiazide|drug
DDI-DrugBank.d640.s9|128-146|hydrochlorothiazide|drug
DDI-DrugBank.d640.s9|128-146|hydrochlorothiazide|drug
DDI-DrugBank.d640.s9|161-170|cimetidine|drug
DDI-DrugBank.d640.s10|134-145|hypoglycemic|drug
DDI-DrugBank.d640.s10|159-178|cholesterol-lowering|drug
DDI-DrugBank.d640.s10|159-178|cholesterol-lowering|drug
DDI-DrugBank.d73.s0|-1-21|catecholamine-depleting|drug
DDI-DrugBank.d73.s0|-1-21|catecholamine-depleting|drug
DDI-DrugBank.d73.s1|38-50|catecholamine|drug
DDI-DrugBank.d73.s1|38-50|catecholamine|drug
DDI-DrugBank.d73.s3|89-97|clonidine|drug
DDI-DrugBank.d73.s4|120-128|clonidine|drug
DDI-DrugBank.d73.s5|13-21|clonidine|drug
DDI-DrugBank.d73.s5|123-131|clonidine|drug
DDI-DrugBank.d73.s6|64-75|indomethacin|drug
DDI-DrugBank.d73.s6|64-75|indomethacin|drug
DDI-DrugBank.d73.s6|64-75|indomethacin|drug
DDI-DrugBank.d475.s0|43-52|nizatidine|drug
DDI-DrugBank.d475.s0|72-87|chlordiazepoxide|drug
DDI-DrugBank.d475.s0|72-87|chlordiazepoxide|drug
DDI-DrugBank.d475.s0|112-120|phenytoin|drug
DDI-DrugBank.d475.s1|-1-8|nizatidine|drug
DDI-DrugBank.d475.s3|155-164|salicylate|drug
DDI-DrugBank.d475.s3|178-187|nizatidine|drug
DDI-MedLine.d180.s1|169-177|hydrolase|drug
DDI-MedLine.d180.s2|9-16|examined|drug
DDI-MedLine.d180.s6|-1-10|western-blot|drug
DDI-MedLine.d43.s0|6-14|phenotype|drug
DDI-MedLine.d43.s6|192-209|diethylnitrosamine|drug
DDI-MedLine.d43.s6|192-209|diethylnitrosamine|drug
DDI-MedLine.d43.s6|192-209|diethylnitrosamine|drug
DDI-MedLine.d43.s6|192-209|diethylnitrosamine|drug
DDI-MedLine.d43.s6|192-209|diethylnitrosamine|drug
DDI-MedLine.d43.s7|183-195|phenobarbital|drug
DDI-MedLine.d43.s8|25-33|phenotype|drug
DDI-MedLine.d43.s9|32-40|phenotype|drug
DDI-DrugBank.d308.s0|18-28|hydroxyzine|drug
DDI-DrugBank.d308.s0|18-28|hydroxyzine|drug
DDI-DrugBank.d308.s0|18-28|hydroxyzine|drug
DDI-DrugBank.d308.s1|86-96|hydroxyzine|drug
DDI-DrugBank.d308.s1|86-96|hydroxyzine|drug
DDI-DrugBank.d308.s1|86-96|hydroxyzine|drug
DDI-DrugBank.d308.s3|120-126|alcohol|drug
DDI-DrugBank.d308.s3|120-126|alcohol|drug
DDI-DrugBank.d308.s3|120-126|alcohol|drug
DDI-DrugBank.d766.s1|168-179|ketoconazole|drug
DDI-DrugBank.d766.s1|186-196|fluconazole|drug
DDI-DrugBank.d766.s2|206-215|cimetidine|drug
DDI-DrugBank.d766.s2|285-297|acetaminophen|drug
DDI-DrugBank.d766.s2|285-297|acetaminophen|drug
DDI-DrugBank.d766.s2|285-297|acetaminophen|drug
DDI-DrugBank.d766.s2|285-297|acetaminophen|drug
DDI-DrugBank.d766.s2|285-297|acetaminophen|drug
DDI-DrugBank.d766.s2|285-297|acetaminophen|drug
DDI-DrugBank.d766.s2|364-370|sulfate|drug
DDI-DrugBank.d766.s3|38-45|nitrogen|drug
DDI-DrugBank.d766.s3|59-67|imidazole|drug
DDI-DrugBank.d766.s3|59-67|imidazole|drug
DDI-DrugBank.d766.s3|59-67|imidazole|drug
DDI-DrugBank.d766.s3|59-67|imidazole|drug
DDI-DrugBank.d766.s3|59-67|imidazole|drug
DDI-DrugBank.d766.s3|76-87|clotrimazole|drug
DDI-DrugBank.d766.s3|90-101|ketoconazole|drug
DDI-DrugBank.d766.s3|104-113|miconazole|drug
DDI-DrugBank.d14.s0|93-105|nitroglycerin|drug
DDI-DrugBank.d14.s0|93-105|nitroglycerin|drug
DDI-DrugBank.d14.s0|93-105|nitroglycerin|drug
DDI-DrugBank.d14.s1|-1-5|alcohol|drug
DDI-DrugBank.d14.s1|-1-5|alcohol|drug
DDI-DrugBank.d14.s1|-1-5|alcohol|drug
DDI-DrugBank.d465.s0|109-117|dinitrate|drug
DDI-DrugBank.d465.s1|-1-5|alcohol|drug
DDI-DrugBank.d465.s1|-1-5|alcohol|drug
DDI-DrugBank.d465.s1|-1-5|alcohol|drug
DDI-DrugBank.d197.s2|102-110|midazolam|drug
DDI-DrugBank.d197.s2|102-110|midazolam|drug
DDI-DrugBank.d197.s2|102-110|midazolam|drug
DDI-DrugBank.d197.s3|40-54|dexmedetomidine|drug
DDI-DrugBank.d197.s3|40-54|dexmedetomidine|drug
DDI-DrugBank.d197.s3|98-106|midazolam|drug
DDI-DrugBank.d197.s3|98-106|midazolam|drug
DDI-DrugBank.d197.s3|98-106|midazolam|drug
DDI-DrugBank.d105.s0|47-56|indandione|drug
DDI-DrugBank.d105.s0|115-126|nonsteroidal|drug
DDI-DrugBank.d509.s0|56-67|aripiprazole|drug
DDI-DrugBank.d509.s0|56-67|aripiprazole|drug
DDI-DrugBank.d509.s0|168-174|alcohol|drug
DDI-DrugBank.d509.s0|168-174|alcohol|drug
DDI-DrugBank.d509.s0|168-174|alcohol|drug
DDI-DrugBank.d509.s2|35-46|aripiprazole|drug
DDI-DrugBank.d509.s2|35-46|aripiprazole|drug
DDI-DrugBank.d509.s3|38-49|aripiprazole|drug
DDI-DrugBank.d509.s3|38-49|aripiprazole|drug
DDI-DrugBank.d509.s4|-1-10|aripiprazole|drug
DDI-DrugBank.d509.s4|-1-10|aripiprazole|drug
DDI-DrugBank.d509.s5|37-48|aripiprazole|drug
DDI-DrugBank.d509.s5|37-48|aripiprazole|drug
DDI-DrugBank.d509.s6|43-54|aripiprazole|drug
DDI-DrugBank.d509.s6|43-54|aripiprazole|drug
DDI-DrugBank.d509.s7|31-43|carbamazepine|drug
DDI-DrugBank.d509.s7|31-43|carbamazepine|drug
DDI-DrugBank.d509.s7|73-84|aripiprazole|drug
DDI-DrugBank.d509.s7|73-84|aripiprazole|drug
DDI-DrugBank.d509.s8|26-37|ketoconazole|drug
DDI-DrugBank.d509.s8|55-63|quinidine|drug
DDI-DrugBank.d509.s8|105-116|aripiprazole|drug
DDI-DrugBank.d509.s8|105-116|aripiprazole|drug
DDI-DrugBank.d509.s9|34-45|ketoconazole|drug
DDI-DrugBank.d509.s9|98-109|ketoconazole|drug
DDI-DrugBank.d509.s9|147-158|aripiprazole|drug
DDI-DrugBank.d509.s9|147-158|aripiprazole|drug
DDI-DrugBank.d509.s9|171-182|aripiprazole|drug
DDI-DrugBank.d509.s9|171-182|aripiprazole|drug
DDI-DrugBank.d509.s10|23-34|ketoconazole|drug
DDI-DrugBank.d509.s11|35-46|ketoconazole|drug
DDI-DrugBank.d509.s11|53-64|aripiprazole|drug
DDI-DrugBank.d509.s11|53-64|aripiprazole|drug
DDI-DrugBank.d509.s11|74-85|aripiprazole|drug
DDI-DrugBank.d509.s11|74-85|aripiprazole|drug
DDI-DrugBank.d509.s12|35-46|itraconazole|drug
DDI-DrugBank.d509.s14|69-80|aripiprazole|drug
DDI-DrugBank.d509.s14|69-80|aripiprazole|drug
DDI-DrugBank.d509.s15|72-80|quinidine|drug
DDI-DrugBank.d509.s15|159-170|aripiprazole|drug
DDI-DrugBank.d509.s15|159-170|aripiprazole|drug
DDI-DrugBank.d509.s15|173-181|quinidine|drug
DDI-DrugBank.d509.s15|267-278|aripiprazole|drug
DDI-DrugBank.d509.s15|267-278|aripiprazole|drug
DDI-DrugBank.d509.s15|312-330|dehydroaripiprazole|drug
DDI-DrugBank.d509.s15|312-330|dehydroaripiprazole|drug
DDI-DrugBank.d509.s15|312-330|dehydroaripiprazole|drug
DDI-DrugBank.d509.s16|117-128|aripiprazole|drug
DDI-DrugBank.d509.s16|117-128|aripiprazole|drug
DDI-DrugBank.d509.s16|189-197|quinidine|drug
DDI-DrugBank.d509.s16|200-211|aripiprazole|drug
DDI-DrugBank.d509.s16|200-211|aripiprazole|drug
DDI-DrugBank.d509.s18|69-80|aripiprazole|drug
DDI-DrugBank.d509.s18|69-80|aripiprazole|drug
DDI-DrugBank.d509.s19|35-47|carbamazepine|drug
DDI-DrugBank.d509.s19|35-47|carbamazepine|drug
DDI-DrugBank.d509.s19|181-193|carbamazepine|drug
DDI-DrugBank.d509.s19|181-193|carbamazepine|drug
DDI-DrugBank.d509.s19|255-266|aripiprazole|drug
DDI-DrugBank.d509.s19|255-266|aripiprazole|drug
DDI-DrugBank.d509.s19|313-324|aripiprazole|drug
DDI-DrugBank.d509.s19|313-324|aripiprazole|drug
DDI-DrugBank.d509.s19|342-361|dehydro-aripiprazole|drug
DDI-DrugBank.d509.s19|342-361|dehydro-aripiprazole|drug
DDI-DrugBank.d509.s19|342-361|dehydro-aripiprazole|drug
DDI-DrugBank.d509.s20|5-17|carbamazepine|drug
DDI-DrugBank.d509.s20|5-17|carbamazepine|drug
DDI-DrugBank.d509.s20|31-42|aripiprazole|drug
DDI-DrugBank.d509.s20|31-42|aripiprazole|drug
DDI-DrugBank.d509.s20|53-64|aripiprazole|drug
DDI-DrugBank.d509.s20|53-64|aripiprazole|drug
DDI-DrugBank.d509.s22|5-17|carbamazepine|drug
DDI-DrugBank.d509.s22|5-17|carbamazepine|drug
DDI-DrugBank.d509.s22|62-73|aripiprazole|drug
DDI-DrugBank.d509.s22|62-73|aripiprazole|drug
DDI-DrugBank.d509.s23|36-45|famotidine|drug
DDI-DrugBank.d509.s23|106-117|aripiprazole|drug
DDI-DrugBank.d509.s23|106-117|aripiprazole|drug
DDI-DrugBank.d509.s24|137-148|aripiprazole|drug
DDI-DrugBank.d509.s24|137-148|aripiprazole|drug
DDI-DrugBank.d509.s25|183-194|aripiprazole|drug
DDI-DrugBank.d509.s25|183-194|aripiprazole|drug
DDI-DrugBank.d509.s25|228-243|dextromethorphan|drug
DDI-DrugBank.d509.s25|228-243|dextromethorphan|drug
DDI-DrugBank.d509.s25|228-243|dextromethorphan|drug
DDI-DrugBank.d509.s25|261-270|omeprazole|drug
DDI-DrugBank.d509.s25|261-270|omeprazole|drug
DDI-DrugBank.d509.s25|284-299|dextromethorphan|drug
DDI-DrugBank.d509.s25|284-299|dextromethorphan|drug
DDI-DrugBank.d509.s25|284-299|dextromethorphan|drug
DDI-DrugBank.d509.s26|14-25|aripiprazole|drug
DDI-DrugBank.d509.s26|14-25|aripiprazole|drug
DDI-DrugBank.d509.s26|31-49|dehydroaripiprazole|drug
DDI-DrugBank.d509.s26|31-49|dehydroaripiprazole|drug
DDI-DrugBank.d509.s26|31-49|dehydroaripiprazole|drug
DDI-DrugBank.d509.s27|-1-5|alcohol|drug
DDI-DrugBank.d509.s27|-1-5|alcohol|drug
DDI-DrugBank.d509.s27|-1-5|alcohol|drug
DDI-DrugBank.d509.s27|53-64|aripiprazole|drug
DDI-DrugBank.d509.s27|53-64|aripiprazole|drug
DDI-DrugBank.d509.s27|86-92|ethanol|drug
DDI-DrugBank.d509.s27|86-92|ethanol|drug
DDI-DrugBank.d509.s27|126-132|ethanol|drug
DDI-DrugBank.d509.s27|126-132|ethanol|drug
DDI-DrugBank.d509.s28|75-81|alcohol|drug
DDI-DrugBank.d509.s28|75-81|alcohol|drug
DDI-DrugBank.d509.s28|75-81|alcohol|drug
DDI-DrugBank.d744.s0|83-94|hypoglycemic|drug
DDI-DrugBank.d704.s0|173-188|alpha-adrenergic|drug
DDI-DrugBank.d704.s1|103-118|alpha-adrenergic|drug
DDI-DrugBank.d704.s2|40-49|cimetidine|drug
DDI-DrugBank.d704.s4|75-84|cimetidine|drug
DDI-DrugBank.d219.s7|192-203|cyclosporine|drug
DDI-DrugBank.d219.s7|215-226|methotrexate|drug
DDI-DrugBank.d219.s7|331-342|cyclosporine|drug
DDI-DrugBank.d219.s7|348-359|methotrexate|drug
DDI-DrugBank.d219.s8|31-42|cyclosporine|drug
DDI-DrugBank.d219.s10|101-119|hydrochlorothiazide|drug
DDI-DrugBank.d219.s10|101-119|hydrochlorothiazide|drug
DDI-DrugBank.d219.s10|101-119|hydrochlorothiazide|drug
DDI-DrugBank.d219.s10|101-119|hydrochlorothiazide|drug
DDI-DrugBank.d219.s11|145-153|thiazides|drug
DDI-DrugBank.d219.s19|-1-12|phenylbutazone|drug
DDI-DrugBank.d219.s19|-1-12|phenylbutazone|drug
DDI-DrugBank.d219.s19|14-27|phenylbutazone|drug
DDI-DrugBank.d219.s19|14-27|phenylbutazone|drug
DDI-DrugBank.d219.s20|107-120|phenylbutazone|drug
DDI-DrugBank.d219.s20|107-120|phenylbutazone|drug
DDI-DrugBank.d219.s21|87-95|phenytoin|drug
DDI-DrugBank.d219.s21|153-161|phenytoin|drug
DDI-DrugBank.d219.s27|249-256|phenolic|drug
DDI-DrugBank.d219.s27|249-256|phenolic|drug
DDI-DrugBank.d219.s28|21-31|methodology|drug
DDI-DrugBank.d219.s29|16-25|phenomenon|drug
DDI-DrugBank.d8.s0|221-230|inhalation|drug
DDI-DrugBank.d8.s3|69-78|inhalation|drug
DDI-DrugBank.d8.s4|-1-8|cimetidine|drug
DDI-DrugBank.d110.s0|167-175|monoamine|drug
DDI-DrugBank.d110.s0|229-242|phenothiazines|drug
DDI-DrugBank.d110.s0|229-242|phenothiazines|drug
DDI-DrugBank.d110.s0|229-242|phenothiazines|drug
DDI-DrugBank.d110.s4|67-83|para-aminobenzoic|drug
DDI-DrugBank.d110.s4|67-83|para-aminobenzoic|drug
DDI-DrugBank.d110.s4|67-83|para-aminobenzoic|drug
DDI-DrugBank.d110.s4|67-83|para-aminobenzoic|drug
DDI-DrugBank.d110.s4|67-83|para-aminobenzoic|drug
DDI-DrugBank.d110.s4|96-109|chloroprocaine|drug
DDI-DrugBank.d110.s4|96-109|chloroprocaine|drug
DDI-DrugBank.d110.s4|96-109|chloroprocaine|drug
DDI-DrugBank.d110.s4|124-135|sulfonamides|drug
DDI-DrugBank.d110.s4|124-135|sulfonamides|drug
DDI-DrugBank.d110.s4|124-135|sulfonamides|drug
DDI-DrugBank.d110.s4|124-135|sulfonamides|drug
DDI-DrugBank.d110.s5|11-24|chloroprocaine|drug
DDI-DrugBank.d110.s5|11-24|chloroprocaine|drug
DDI-DrugBank.d110.s5|11-24|chloroprocaine|drug
DDI-DrugBank.d110.s5|73-83|sulfonamide|drug
DDI-DrugBank.d110.s5|73-83|sulfonamide|drug
DDI-DrugBank.d110.s5|73-83|sulfonamide|drug
DDI-DrugBank.d110.s5|73-83|sulfonamide|drug
DDI-DrugBank.d671.s0|61-68|pemoline|drug
DDI-DrugBank.d107.s4|-1-11|non-steroidal|drug
DDI-DrugBank.d107.s4|260-271|nonsteroidal|drug
DDI-DrugBank.d107.s6|34-45|indomethacin|drug
DDI-DrugBank.d107.s6|34-45|indomethacin|drug
DDI-DrugBank.d107.s6|34-45|indomethacin|drug
DDI-DrugBank.d107.s10|253-262|methyldopa|drug
DDI-DrugBank.d107.s10|253-262|methyldopa|drug
DDI-DrugBank.d107.s10|289-299|hydralazine|drug
DDI-DrugBank.d107.s12|124-136|thiazide-type|drug
DDI-DrugBank.d107.s13|67-75|amiloride|drug
DDI-DrugBank.d107.s13|67-75|amiloride|drug
DDI-DrugBank.d41.s0|46-59|cholestyramine|drug
DDI-DrugBank.d41.s0|206-219|cholestyramine|drug
DDI-DrugBank.d41.s3|128-139|methotrexate|drug
DDI-DrugBank.d41.s12|112-122|tolbutamide|drug
DDI-DrugBank.d41.s12|112-122|tolbutamide|drug
DDI-DrugBank.d41.s12|207-217|tolbutamide|drug
DDI-DrugBank.d41.s12|207-217|tolbutamide|drug
DDI-DrugBank.d531.s5|40-52|phenobarbital|drug
DDI-DrugBank.d531.s10|-1-12|antihistamines|drug
DDI-DrugBank.d531.s10|-1-12|antihistamines|drug
DDI-DrugBank.d531.s10|14-28|benzodiazepines|drug
DDI-DrugBank.d531.s11|11-19|midazolam|drug
DDI-DrugBank.d531.s11|11-19|midazolam|drug
DDI-DrugBank.d531.s11|11-19|midazolam|drug
DDI-DrugBank.d531.s11|22-30|triazolam|drug
DDI-DrugBank.d531.s11|60-71|voriconazole|drug
DDI-DrugBank.d531.s32|6-14|macrolide|drug
DDI-DrugBank.d531.s43|-1-7|methadone|drug
DDI-DrugBank.d531.s44|0-8|methadone|drug
DDI-DrugBank.d531.s45|121-129|methadone|drug
DDI-DrugBank.d531.s46|-1-7|methadone|drug
DDI-DrugBank.d531.s47|63-71|methadone|drug
DDI-DrugBank.d531.s52|117-122|method|drug
DDI-DrugBank.d531.s74|15-23|phenytoin|drug
DDI-DrugBank.d531.s74|23-35|phenobarbital|drug
DDI-DrugBank.d531.s74|35-47|carbamazepine|drug
DDI-DrugBank.d531.s74|35-47|carbamazepine|drug
DDI-DrugBank.d531.s77|11-22|itraconazole|drug
DDI-DrugBank.d531.s77|22-33|ketoconazole|drug
DDI-DrugBank.d531.s78|48-56|imidazole|drug
DDI-DrugBank.d531.s78|48-56|imidazole|drug
DDI-DrugBank.d531.s78|48-56|imidazole|drug
DDI-DrugBank.d531.s78|48-56|imidazole|drug
DDI-DrugBank.d531.s78|48-56|imidazole|drug
DDI-DrugBank.d531.s78|62-69|triazole|drug
DDI-DrugBank.d531.s78|62-69|triazole|drug
DDI-DrugBank.d531.s79|63-74|itraconazole|drug
DDI-DrugBank.d531.s79|80-91|ketoconazole|drug
DDI-DrugBank.d531.s90|172-180|hydroxide|drug
DDI-DrugBank.d531.s90|172-180|hydroxide|drug
DDI-DrugBank.d531.s90|172-180|hydroxide|drug
DDI-DrugBank.d531.s90|218-227|famotidine|drug
DDI-DrugBank.d531.s90|230-240|fluconazole|drug
DDI-DrugBank.d658.s2|389-403|17-ketosteroids|drug
DDI-DrugBank.d515.s0|256-265|ifosfamide|drug
DDI-DrugBank.d515.s0|273-282|ifosfamide|drug
DDI-DrugBank.d734.s0|-1-6|thiazide|drug
DDI-DrugBank.d734.s0|82-95|phenothiazines|drug
DDI-DrugBank.d734.s0|82-95|phenothiazines|drug
DDI-DrugBank.d734.s0|82-95|phenothiazines|drug
DDI-DrugBank.d734.s1|28-39|guanethidine|drug
DDI-DrugBank.d734.s1|88-101|phenothiazines|drug
DDI-DrugBank.d734.s1|88-101|phenothiazines|drug
DDI-DrugBank.d734.s1|88-101|phenothiazines|drug
DDI-DrugBank.d734.s2|47-60|phenothiazines|drug
DDI-DrugBank.d734.s2|47-60|phenothiazines|drug
DDI-DrugBank.d734.s2|47-60|phenothiazines|drug
DDI-DrugBank.d163.s0|54-60|vitamin|drug
DDI-DrugBank.d163.s0|149-155|vitamin|drug
DDI-DrugBank.d163.s0|187-193|vitamin|drug
DDI-DrugBank.d163.s0|212-218|vitamin|drug
DDI-DrugBank.d163.s2|55-67|tetracyclines|drug
DDI-DrugBank.d163.s2|55-67|tetracyclines|drug
DDI-DrugBank.d163.s2|263-275|tetracyclines|drug
DDI-DrugBank.d163.s2|263-275|tetracyclines|drug
DDI-DrugBank.d163.s2|401-413|tetracyclines|drug
DDI-DrugBank.d163.s2|401-413|tetracyclines|drug
DDI-DrugBank.d163.s4|51-62|progesterone|drug
DDI-DrugBank.d163.s4|51-62|progesterone|drug
DDI-DrugBank.d163.s4|85-96|progesterone|drug
DDI-DrugBank.d163.s4|85-96|progesterone|drug
DDI-DrugBank.d163.s4|188-193|method|drug
DDI-DrugBank.d163.s6|64-69|method|drug
DDI-DrugBank.d163.s8|238-243|method|drug
DDI-DrugBank.d163.s10|72-80|phenytoin|drug
DDI-DrugBank.d163.s10|121-129|phenytoin|drug
DDI-DrugBank.d163.s12|-1-7|phenytoin|drug
DDI-DrugBank.d163.s13|112-120|phenytoin|drug
DDI-DrugBank.d163.s16|35-49|corticosteroids|drug
DDI-DrugBank.d163.s16|56-70|corticosteroids|drug
DDI-DrugBank.d163.s17|121-135|corticosteroids|drug
DDI-DrugBank.d163.s30|21-27|alcohol|drug
DDI-DrugBank.d163.s30|21-27|alcohol|drug
DDI-DrugBank.d163.s30|21-27|alcohol|drug
DDI-DrugBank.d163.s32|79-98|hypertriglyceridemia|drug
DDI-DrugBank.d163.s32|79-98|hypertriglyceridemia|drug
DDI-DrugBank.d706.s0|-1-21|catecholamine-depleting|drug
DDI-DrugBank.d706.s0|-1-21|catecholamine-depleting|drug
DDI-DrugBank.d706.s1|67-79|catecholamine|drug
DDI-DrugBank.d706.s1|67-79|catecholamine|drug
DDI-DrugBank.d317.s13|56-69|corticosteroid|drug
DDI-DrugBank.d317.s13|171-185|corticosteroids|drug
DDI-DrugBank.d317.s13|195-202|steroids|drug
DDI-DrugBank.d317.s15|73-91|alpha-1-antitrypsin|drug
DDI-DrugBank.d317.s17|129-139|cholesterol|drug
DDI-DrugBank.d317.s17|129-139|cholesterol|drug
DDI-DrugBank.d317.s17|170-180|cholesterol|drug
DDI-DrugBank.d317.s17|170-180|cholesterol|drug
DDI-DrugBank.d317.s17|200-211|triglyceride|drug
DDI-DrugBank.d317.s17|200-211|triglyceride|drug
DDI-DrugBank.d65.s0|-1-11|sulfacetamide|drug
DDI-DrugBank.d65.s0|-1-11|sulfacetamide|drug
DDI-DrugBank.d65.s0|-1-11|sulfacetamide|drug
DDI-DrugBank.d65.s0|-1-11|sulfacetamide|drug
DDI-DrugBank.d65.s0|-1-11|sulfacetamide|drug
DDI-DrugBank.d65.s0|-1-11|sulfacetamide|drug
DDI-DrugBank.d141.s0|86-90|azole|drug
DDI-DrugBank.d141.s1|140-148|hydroxide|drug
DDI-DrugBank.d141.s1|140-148|hydroxide|drug
DDI-DrugBank.d141.s1|140-148|hydroxide|drug
DDI-DrugBank.d141.s2|89-98|cimetidine|drug
DDI-DrugBank.d141.s3|65-78|cholestyramine|drug
DDI-DrugBank.d141.s3|107-127|bile-acidsequestering|drug
DDI-DrugBank.d141.s3|131-144|cholestyramine|drug
DDI-DrugBank.d141.s4|210-223|cholestyramine|drug
DDI-DrugBank.d141.s5|53-66|cholestyramine|drug
DDI-DrugBank.d141.s6|99-112|cholestyramine|drug
DDI-DrugBank.d141.s12|199-218|hypercholesterolemic|drug
DDI-DrugBank.d141.s12|199-218|hypercholesterolemic|drug
DDI-DrugBank.d141.s13|512-523|nonsteroidal|drug
DDI-DrugBank.d446.s0|-1-14|chlorotrianisene|drug
DDI-DrugBank.d446.s0|-1-14|chlorotrianisene|drug
DDI-DrugBank.d446.s0|75-87|bromocriptine|drug
DDI-DrugBank.d446.s0|111-125|corticosteroids|drug
DDI-DrugBank.d446.s0|143-154|cyclosporine|drug
DDI-DrugBank.d357.s3|45-52|dopamine|drug
DDI-DrugBank.d357.s3|207-214|dopamine|drug
DDI-DrugBank.d357.s3|232-239|dopamine|drug
DDI-DrugBank.d357.s3|266-279|phenothiazines|drug
DDI-DrugBank.d357.s3|266-279|phenothiazines|drug
DDI-DrugBank.d357.s3|266-279|phenothiazines|drug
DDI-DrugBank.d357.s3|279-292|butyrophenones|drug
DDI-DrugBank.d357.s3|279-292|butyrophenones|drug
DDI-DrugBank.d357.s3|279-292|butyrophenones|drug
DDI-DrugBank.d357.s3|279-292|butyrophenones|drug
DDI-DrugBank.d357.s3|305-318|metoclopramide|drug
DDI-DrugBank.d357.s4|91-98|dopamine|drug
DDI-DrugBank.d464.s0|76-89|phenothiazines|drug
DDI-DrugBank.d464.s0|76-89|phenothiazines|drug
DDI-DrugBank.d464.s0|76-89|phenothiazines|drug
DDI-DrugBank.d464.s0|163-169|alcohol|drug
DDI-DrugBank.d464.s0|163-169|alcohol|drug
DDI-DrugBank.d464.s0|163-169|alcohol|drug
DDI-DrugBank.d124.s14|51-61|propafenone|drug
DDI-DrugBank.d124.s14|64-72|quinidine|drug
DDI-DrugBank.d124.s15|-1-12|antihistamines|drug
DDI-DrugBank.d124.s15|-1-12|antihistamines|drug
DDI-DrugBank.d124.s16|40-56|dihydroergotamine|drug
DDI-DrugBank.d124.s16|40-56|dihydroergotamine|drug
DDI-DrugBank.d124.s16|40-56|dihydroergotamine|drug
DDI-DrugBank.d124.s16|40-56|dihydroergotamine|drug
DDI-DrugBank.d124.s16|40-56|dihydroergotamine|drug
DDI-DrugBank.d124.s16|77-86|ergotamine|drug
DDI-DrugBank.d124.s16|77-86|ergotamine|drug
DDI-DrugBank.d124.s16|86-101|methylergonovine|drug
DDI-DrugBank.d124.s16|86-101|methylergonovine|drug
DDI-DrugBank.d124.s16|86-101|methylergonovine|drug
DDI-DrugBank.d124.s23|21-29|triazolam|drug
DDI-DrugBank.d124.s23|32-40|midazolam|drug
DDI-DrugBank.d124.s23|32-40|midazolam|drug
DDI-DrugBank.d124.s23|32-40|midazolam|drug
DDI-DrugBank.d124.s26|157-168|disopyramide|drug
DDI-DrugBank.d124.s26|157-168|disopyramide|drug
DDI-DrugBank.d124.s26|192-200|quinidine|drug
DDI-DrugBank.d124.s26|225-236|cyclosporine|drug
DDI-DrugBank.d124.s26|268-280|carbamazepine|drug
DDI-DrugBank.d124.s26|268-280|carbamazepine|drug
DDI-DrugBank.d124.s26|305-314|alprazolam|drug
DDI-DrugBank.d124.s26|321-329|triazolam|drug
DDI-DrugBank.d124.s30|72-84|phenobarbital|drug
DDI-DrugBank.d124.s30|87-95|phenytoin|drug
DDI-DrugBank.d124.s30|98-110|dexamethasone|drug
DDI-DrugBank.d124.s30|113-125|carbamazepine|drug
DDI-DrugBank.d124.s30|113-125|carbamazepine|drug
DDI-DrugBank.d253.s0|74-83|arbutamine|drug
DDI-DrugBank.d253.s0|74-83|arbutamine|drug
DDI-DrugBank.d253.s1|91-109|arbutamine-mediated|drug
DDI-DrugBank.d253.s1|91-109|arbutamine-mediated|drug
DDI-DrugBank.d253.s2|70-78|quinidine|drug
DDI-DrugBank.d253.s2|98-107|arbutamine|drug
DDI-DrugBank.d253.s2|98-107|arbutamine|drug
DDI-DrugBank.d253.s3|47-61|anticholinergic|drug
DDI-DrugBank.d253.s3|116-125|arbutamine|drug
DDI-DrugBank.d253.s3|116-125|arbutamine|drug
DDI-DrugBank.d454.s0|0-9|lofexidine|drug
DDI-DrugBank.d454.s0|55-61|alcohol|drug
DDI-DrugBank.d454.s0|55-61|alcohol|drug
DDI-DrugBank.d454.s0|55-61|alcohol|drug
DDI-DrugBank.d454.s2|0-9|lofexidine|drug
DDI-DrugBank.d454.s4|74-83|lofexidine|drug
DDI-DrugBank.d497.s0|7-18|brinzolamide|drug
DDI-DrugBank.d497.s0|20-29|ophthalmic|drug
DDI-DrugBank.d497.s0|20-29|ophthalmic|drug
DDI-DrugBank.d497.s0|57-64|carbonic|drug
DDI-DrugBank.d497.s0|57-64|carbonic|drug
DDI-DrugBank.d497.s1|84-95|brinzolamide|drug
DDI-DrugBank.d497.s2|39-46|carbonic|drug
DDI-DrugBank.d497.s2|39-46|carbonic|drug
DDI-DrugBank.d497.s2|135-144|salicylate|drug
DDI-DrugBank.d497.s3|101-112|brinzolamide|drug
DDI-DrugBank.d497.s3|114-123|ophthalmic|drug
DDI-DrugBank.d497.s3|114-123|ophthalmic|drug
DDI-MedLine.d86.s1|186-194|macrolide|drug
DDI-MedLine.d86.s3|-1-5|methods|drug
DDI-MedLine.d86.s7|253-270|desacetyldiltiazem|drug
DDI-MedLine.d86.s7|253-270|desacetyldiltiazem|drug
DDI-MedLine.d86.s7|272-289|desmethyldiltiazem|drug
DDI-MedLine.d86.s7|272-289|desmethyldiltiazem|drug
DDI-DrugBank.d104.s0|-1-10|fenfluramine|drug
DDI-DrugBank.d104.s0|79-90|guanethidine|drug
DDI-DrugBank.d104.s0|93-102|methyldopa|drug
DDI-DrugBank.d104.s0|93-102|methyldopa|drug
DDI-DrugBank.d104.s1|74-85|fenfluramine|drug
DDI-DrugBank.d630.s0|-1-11|methazolamide|drug
DDI-DrugBank.d630.s0|-1-11|methazolamide|drug
DDI-DrugBank.d630.s0|57-63|steroid|drug
DDI-DrugBank.d630.s1|64-76|methazolamide|drug
DDI-DrugBank.d630.s1|64-76|methazolamide|drug
DDI-DrugBank.d630.s1|207-214|carbonic|drug
DDI-DrugBank.d630.s1|207-214|carbonic|drug
DDI-DrugBank.d632.s0|150-164|anticholinergic|drug
DDI-DrugBank.d632.s0|258-262|alpha|drug
DDI-DrugBank.d632.s4|43-55|sulfonylureas|drug
DDI-DrugBank.d632.s4|43-55|sulfonylureas|drug
DDI-DrugBank.d632.s4|43-55|sulfonylureas|drug
DDI-DrugBank.d632.s4|43-55|sulfonylureas|drug
DDI-DrugBank.d759.s0|99-116|bishydroxycoumarin|drug
DDI-DrugBank.d759.s0|99-116|bishydroxycoumarin|drug
DDI-DrugBank.d759.s0|99-116|bishydroxycoumarin|drug
DDI-DrugBank.d715.s0|73-86|phenothiazines|drug
DDI-DrugBank.d715.s0|73-86|phenothiazines|drug
DDI-DrugBank.d715.s0|73-86|phenothiazines|drug
DDI-DrugBank.d715.s0|91-101|haloperidol|drug
DDI-DrugBank.d715.s0|204-216|catecholamine|drug
DDI-DrugBank.d715.s0|204-216|catecholamine|drug
DDI-DrugBank.d715.s1|30-36|alcohol|drug
DDI-DrugBank.d715.s1|30-36|alcohol|drug
DDI-DrugBank.d715.s1|30-36|alcohol|drug
DDI-DrugBank.d245.s0|131-142|hypoglycemic|drug
DDI-DrugBank.d245.s0|148-159|sulfonylurea|drug
DDI-DrugBank.d245.s0|148-159|sulfonylurea|drug
DDI-DrugBank.d245.s0|148-159|sulfonylurea|drug
DDI-DrugBank.d245.s0|148-159|sulfonylurea|drug
DDI-DrugBank.d245.s0|248-259|nonsteroidal|drug
DDI-DrugBank.d245.s0|332-342|salicylates|drug
DDI-DrugBank.d245.s0|342-353|sulfonamides|drug
DDI-DrugBank.d245.s0|342-353|sulfonamides|drug
DDI-DrugBank.d245.s0|342-353|sulfonamides|drug
DDI-DrugBank.d245.s0|342-353|sulfonamides|drug
DDI-DrugBank.d245.s0|353-367|chloramphenicol|drug
DDI-DrugBank.d245.s0|367-376|probenecid|drug
DDI-DrugBank.d245.s0|384-392|monoamine|drug
DDI-DrugBank.d245.s1|110-121|hypoglycemia|drug
DDI-DrugBank.d245.s3|30-42|hyperglycemia|drug
DDI-DrugBank.d245.s4|24-32|thiazides|drug
DDI-DrugBank.d245.s4|55-69|corticosteroids|drug
DDI-DrugBank.d245.s4|72-85|phenothiazines|drug
DDI-DrugBank.d245.s4|72-85|phenothiazines|drug
DDI-DrugBank.d245.s4|72-85|phenothiazines|drug
DDI-DrugBank.d245.s4|138-146|phenytoin|drug
DDI-DrugBank.d245.s6|109-120|hypoglycemia|drug
DDI-DrugBank.d245.s7|94-107|chlorpropamide|drug
DDI-DrugBank.d245.s7|94-107|chlorpropamide|drug
DDI-DrugBank.d245.s7|94-107|chlorpropamide|drug
DDI-DrugBank.d245.s8|124-130|alcohol|drug
DDI-DrugBank.d245.s8|124-130|alcohol|drug
DDI-DrugBank.d245.s8|124-130|alcohol|drug
DDI-DrugBank.d245.s9|55-64|miconazole|drug
DDI-DrugBank.d245.s9|69-80|hypoglycemic|drug
DDI-DrugBank.d245.s9|97-108|hypoglycemia|drug
DDI-DrugBank.d245.s10|95-104|miconazole|drug
DDI-DrugBank.d397.s5|35-44|ergotamine|drug
DDI-DrugBank.d397.s5|35-44|ergotamine|drug
DDI-DrugBank.d397.s5|49-65|dihydroergotamine|drug
DDI-DrugBank.d397.s5|49-65|dihydroergotamine|drug
DDI-DrugBank.d397.s5|49-65|dihydroergotamine|drug
DDI-DrugBank.d397.s5|49-65|dihydroergotamine|drug
DDI-DrugBank.d397.s5|49-65|dihydroergotamine|drug
DDI-DrugBank.d397.s6|60-68|triazolam|drug
DDI-DrugBank.d397.s6|74-82|midazolam|drug
DDI-DrugBank.d397.s6|74-82|midazolam|drug
DDI-DrugBank.d397.s6|74-82|midazolam|drug
DDI-DrugBank.d397.s6|140-154|benzodiazepines|drug
DDI-DrugBank.d397.s8|61-73|carbamazepine|drug
DDI-DrugBank.d397.s8|61-73|carbamazepine|drug
DDI-DrugBank.d397.s8|76-87|cyclosporine|drug
DDI-DrugBank.d397.s8|116-124|phenytoin|drug
DDI-DrugBank.d397.s8|150-161|disopyramide|drug
DDI-DrugBank.d397.s8|150-161|disopyramide|drug
DDI-DrugBank.d397.s8|176-188|bromocriptine|drug
DDI-DrugBank.d397.s10|84-97|antihistamines|drug
DDI-DrugBank.d397.s10|84-97|antihistamines|drug
DDI-DrugBank.d367.s1|58-65|mesylate|drug
DDI-DrugBank.d367.s1|118-126|phenytoin|drug
DDI-DrugBank.d367.s1|131-142|indomethacin|drug
DDI-DrugBank.d367.s1|131-142|indomethacin|drug
DDI-DrugBank.d367.s1|131-142|indomethacin|drug
DDI-DrugBank.d367.s3|10-17|mesylate|drug
DDI-DrugBank.d367.s3|115-122|thiazide|drug
DDI-DrugBank.d367.s3|161-172|nonsteroidal|drug
DDI-DrugBank.d367.s4|373-382|cimetidine|drug
DDI-DrugBank.d367.s6|30-37|mesylate|drug
DDI-DrugBank.d367.s8|10-17|mesylate|drug
DDI-DrugBank.d367.s9|35-47|acetaminophen|drug
DDI-DrugBank.d367.s9|35-47|acetaminophen|drug
DDI-DrugBank.d367.s9|35-47|acetaminophen|drug
DDI-DrugBank.d367.s9|35-47|acetaminophen|drug
DDI-DrugBank.d367.s9|35-47|acetaminophen|drug
DDI-DrugBank.d367.s9|35-47|acetaminophen|drug
DDI-DrugBank.d367.s9|104-115|indomethacin|drug
DDI-DrugBank.d367.s9|104-115|indomethacin|drug
DDI-DrugBank.d367.s9|104-115|indomethacin|drug
DDI-DrugBank.d367.s11|33-44|trimethoprim|drug
DDI-DrugBank.d367.s11|33-44|trimethoprim|drug
DDI-DrugBank.d367.s11|50-65|sulfamethoxazole|drug
DDI-DrugBank.d367.s11|50-65|sulfamethoxazole|drug
DDI-DrugBank.d367.s11|50-65|sulfamethoxazole|drug
DDI-DrugBank.d367.s11|50-65|sulfamethoxazole|drug
DDI-DrugBank.d367.s13|-1-12|antihistamines|drug
DDI-DrugBank.d367.s13|-1-12|antihistamines|drug
DDI-DrugBank.d367.s13|22-37|chlorpheniramine|drug
DDI-DrugBank.d367.s13|22-37|chlorpheniramine|drug
DDI-DrugBank.d367.s15|39-57|hydrochlorothiazide|drug
DDI-DrugBank.d367.s15|39-57|hydrochlorothiazide|drug
DDI-DrugBank.d367.s15|39-57|hydrochlorothiazide|drug
DDI-DrugBank.d367.s15|39-57|hydrochlorothiazide|drug
DDI-DrugBank.d367.s17|-1-13|corticosteroids|drug
DDI-DrugBank.d367.s21|-1-11|hypoglycemics|drug
DDI-DrugBank.d654.s0|26-37|ketoconazole|drug
DDI-DrugBank.d654.s1|191-202|ketoconazole|drug
DDI-DrugBank.d429.s0|66-76|chloroquine|drug
DDI-DrugBank.d429.s0|66-76|chloroquine|drug
DDI-DrugBank.d429.s0|66-76|chloroquine|drug
DDI-DrugBank.d429.s1|67-77|chloroquine|drug
DDI-DrugBank.d429.s1|67-77|chloroquine|drug
DDI-DrugBank.d429.s1|67-77|chloroquine|drug
DDI-DrugBank.d429.s2|-1-8|cimetidine|drug
DDI-DrugBank.d429.s2|10-19|cimetidine|drug
DDI-DrugBank.d429.s2|53-63|chloroquine|drug
DDI-DrugBank.d429.s2|53-63|chloroquine|drug
DDI-DrugBank.d429.s2|53-63|chloroquine|drug
DDI-DrugBank.d429.s3|19-28|cimetidine|drug
DDI-DrugBank.d429.s4|133-143|chloroquine|drug
DDI-DrugBank.d429.s4|133-143|chloroquine|drug
DDI-DrugBank.d429.s4|133-143|chloroquine|drug
DDI-DrugBank.d429.s5|104-114|chloroquine|drug
DDI-DrugBank.d429.s5|104-114|chloroquine|drug
DDI-DrugBank.d429.s5|104-114|chloroquine|drug
DDI-DrugBank.d429.s6|87-97|cyclosporin|drug
DDI-DrugBank.d429.s6|113-123|chloroquine|drug
DDI-DrugBank.d429.s6|113-123|chloroquine|drug
DDI-DrugBank.d429.s6|113-123|chloroquine|drug
DDI-DrugBank.d429.s6|146-156|cyclosporin|drug
DDI-DrugBank.d429.s7|37-47|cyclosporin|drug
DDI-DrugBank.d429.s7|89-99|chloroquine|drug
DDI-DrugBank.d429.s7|89-99|chloroquine|drug
DDI-DrugBank.d429.s7|89-99|chloroquine|drug
DDI-DrugBank.d489.s0|101-110|cimetidine|drug
DDI-DrugBank.d489.s0|125-138|chlorthalidone|drug
DDI-DrugBank.d489.s0|125-138|chlorthalidone|drug
DDI-DrugBank.d489.s0|145-163|hydrochlorothiazide|drug
DDI-DrugBank.d489.s0|145-163|hydrochlorothiazide|drug
DDI-DrugBank.d489.s0|145-163|hydrochlorothiazide|drug
DDI-DrugBank.d489.s0|145-163|hydrochlorothiazide|drug
DDI-DrugBank.d489.s2|-1-21|catecholamine-depleting|drug
DDI-DrugBank.d489.s2|-1-21|catecholamine-depleting|drug
DDI-DrugBank.d489.s3|71-83|catecholamine|drug
DDI-DrugBank.d489.s3|71-83|catecholamine|drug
DDI-DrugBank.d489.s4|248-256|clonidine|drug
DDI-DrugBank.d489.s4|337-345|clonidine|drug
DDI-DrugBank.d489.s7|70-84|dihydropyridine|drug
DDI-DrugBank.d489.s7|70-84|dihydropyridine|drug
DDI-DrugBank.d489.s7|70-84|dihydropyridine|drug
DDI-DrugBank.d489.s7|70-84|dihydropyridine|drug
DDI-DrugBank.d489.s7|70-84|dihydropyridine|drug
DDI-DrugBank.d489.s7|70-84|dihydropyridine|drug
DDI-DrugBank.d489.s7|70-84|dihydropyridine|drug
DDI-DrugBank.d97.s10|40-56|dihydroergotamine|drug
DDI-DrugBank.d97.s10|40-56|dihydroergotamine|drug
DDI-DrugBank.d97.s10|40-56|dihydroergotamine|drug
DDI-DrugBank.d97.s10|40-56|dihydroergotamine|drug
DDI-DrugBank.d97.s10|40-56|dihydroergotamine|drug
DDI-DrugBank.d97.s10|77-86|ergotamine|drug
DDI-DrugBank.d97.s10|77-86|ergotamine|drug
DDI-DrugBank.d97.s10|86-101|methylergonovine|drug
DDI-DrugBank.d97.s10|86-101|methylergonovine|drug
DDI-DrugBank.d97.s10|86-101|methylergonovine|drug
DDI-DrugBank.d97.s12|20-28|midazolam|drug
DDI-DrugBank.d97.s12|20-28|midazolam|drug
DDI-DrugBank.d97.s12|20-28|midazolam|drug
DDI-DrugBank.d97.s12|31-39|triazolam|drug
DDI-DrugBank.d97.s57|52-60|quinidine|drug
DDI-DrugBank.d97.s60|17-29|carbamazepine|drug
DDI-DrugBank.d97.s60|17-29|carbamazepine|drug
DDI-DrugBank.d97.s60|32-44|phenobarbital|drug
DDI-DrugBank.d97.s60|47-55|phenytoin|drug
DDI-DrugBank.d97.s64|24-38|dihydropyridine|drug
DDI-DrugBank.d97.s64|24-38|dihydropyridine|drug
DDI-DrugBank.d97.s64|24-38|dihydropyridine|drug
DDI-DrugBank.d97.s64|24-38|dihydropyridine|drug
DDI-DrugBank.d97.s64|24-38|dihydropyridine|drug
DDI-DrugBank.d97.s64|24-38|dihydropyridine|drug
DDI-DrugBank.d97.s64|24-38|dihydropyridine|drug
DDI-DrugBank.d97.s65|0-14|dihydropyridine|drug
DDI-DrugBank.d97.s65|0-14|dihydropyridine|drug
DDI-DrugBank.d97.s65|0-14|dihydropyridine|drug
DDI-DrugBank.d97.s65|0-14|dihydropyridine|drug
DDI-DrugBank.d97.s65|0-14|dihydropyridine|drug
DDI-DrugBank.d97.s65|0-14|dihydropyridine|drug
DDI-DrugBank.d97.s65|0-14|dihydropyridine|drug
DDI-DrugBank.d97.s73|20-31|cyclosporine|drug
DDI-DrugBank.d97.s76|-1-10|itraconazole|drug
DDI-DrugBank.d97.s78|85-96|itraconazole|drug
DDI-DrugBank.d97.s79|-1-10|ketoconazole|drug
DDI-DrugBank.d371.s1|254-265|cyclosporine|drug
DDI-DrugBank.d371.s1|275-286|ketoconazole|drug
DDI-DrugBank.d736.s1|50-57|steroids|drug
DDI-DrugBank.d736.s3|-1-7|thiazides|drug
DDI-DrugBank.d736.s5|-1-6|thiazide|drug
DDI-DrugBank.d736.s6|98-106|thiazides|drug
DDI-DrugBank.d736.s7|-1-7|thiazides|drug
DDI-DrugBank.d346.s3|72-83|thioridazine|drug
DDI-DrugBank.d739.s3|123-134|carboxylated|drug
DDI-DrugBank.d739.s3|123-134|carboxylated|drug
DDI-DrugBank.d739.s3|123-134|carboxylated|drug
DDI-DrugBank.d739.s3|123-134|carboxylated|drug
DDI-DrugBank.d739.s3|123-134|carboxylated|drug
DDI-DrugBank.d739.s6|-1-11|phenobarbital|drug
DDI-DrugBank.d739.s8|229-241|phenobarbital|drug
DDI-DrugBank.d739.s12|65-77|non-steroidal|drug
DDI-DrugBank.d739.s12|105-119|benzodiazepines|drug
DDI-DrugBank.d739.s13|-1-11|phenobarbital|drug
DDI-DrugBank.d739.s15|229-241|phenobarbital|drug
DDI-DrugBank.d359.s1|98-108|phenacemide|drug
DDI-DrugBank.d359.s2|59-67|phenytoin|drug
DDI-DrugBank.d359.s3|12-20|phenytoin|drug
DDI-DrugBank.d359.s4|123-131|phenytoin|drug
DDI-DrugBank.d737.s2|43-52|selegiline|drug
DDI-DrugBank.d737.s2|80-89|selegiline|drug
DDI-DrugBank.d737.s4|-1-8|cimetidine|drug
DDI-DrugBank.d737.s4|10-19|cimetidine|drug
DDI-DrugBank.d737.s5|-1-8|probenecid|drug
DDI-DrugBank.d737.s5|10-19|probenecid|drug
DDI-DrugBank.d737.s6|178-187|cimetidine|drug
DDI-DrugBank.d737.s6|190-199|ranitidine|drug
DDI-DrugBank.d737.s6|237-245|quinidine|drug
DDI-DrugBank.d737.s6|408-419|indomethacin|drug
DDI-DrugBank.d737.s6|408-419|indomethacin|drug
DDI-DrugBank.d737.s6|408-419|indomethacin|drug
DDI-DrugBank.d737.s6|422-440|hydrochlorothiazide|drug
DDI-DrugBank.d737.s6|422-440|hydrochlorothiazide|drug
DDI-DrugBank.d737.s6|422-440|hydrochlorothiazide|drug
DDI-DrugBank.d737.s6|422-440|hydrochlorothiazide|drug
DDI-DrugBank.d737.s6|447-460|chlorpropamide|drug
DDI-DrugBank.d737.s6|447-460|chlorpropamide|drug
DDI-DrugBank.d737.s6|447-460|chlorpropamide|drug
DDI-DrugBank.d737.s10|45-52|dopamine|drug
DDI-DrugBank.d737.s10|207-214|dopamine|drug
DDI-DrugBank.d737.s10|232-239|dopamine|drug
DDI-DrugBank.d737.s10|266-279|phenothiazines|drug
DDI-DrugBank.d737.s10|266-279|phenothiazines|drug
DDI-DrugBank.d737.s10|266-279|phenothiazines|drug
DDI-DrugBank.d737.s10|279-292|butyrophenones|drug
DDI-DrugBank.d737.s10|279-292|butyrophenones|drug
DDI-DrugBank.d737.s10|279-292|butyrophenones|drug
DDI-DrugBank.d737.s10|279-292|butyrophenones|drug
DDI-DrugBank.d737.s10|305-318|metoclopramide|drug
DDI-DrugBank.d525.s2|149-160|ketoconazole|drug
DDI-DrugBank.d525.s2|166-176|fluconazole|drug
DDI-DrugBank.d525.s3|-1-8|ranitidine|drug
DDI-DrugBank.d525.s4|97-104|thiazide|drug
DDI-DrugBank.d525.s4|116-134|hydrochlorothiazide|drug
DDI-DrugBank.d525.s4|116-134|hydrochlorothiazide|drug
DDI-DrugBank.d525.s4|116-134|hydrochlorothiazide|drug
DDI-DrugBank.d525.s4|116-134|hydrochlorothiazide|drug
DDI-DrugBank.d395.s0|17-29|subsalicylate|drug
DDI-DrugBank.d395.s1|57-69|subsalicylate|drug
DDI-DrugBank.d395.s2|108-122|methylxanthines|drug
DDI-DrugBank.d395.s2|108-122|methylxanthines|drug
DDI-DrugBank.d395.s6|39-50|cyclosporine|drug
DDI-DrugBank.d395.s6|95-106|cyclosporine|drug
DDI-DrugBank.d395.s6|135-146|cyclosporine|drug
DDI-DrugBank.d395.s6|162-170|quinolone|drug
DDI-DrugBank.d395.s6|162-170|quinolone|drug
DDI-DrugBank.d395.s9|-1-11|non-steroidal|drug
DDI-DrugBank.d395.s9|119-130|nonsteroidal|drug
DDI-DrugBank.d395.s12|23-32|quinolones|drug
DDI-DrugBank.d395.s12|23-32|quinolones|drug
DDI-DrugBank.d395.s13|29-38|quinolones|drug
DDI-DrugBank.d395.s13|29-38|quinolones|drug
DDI-DrugBank.d395.s16|8-20|multivitamins|drug
DDI-DrugBank.d395.s16|132-140|quinolone|drug
DDI-DrugBank.d395.s16|132-140|quinolone|drug
DDI-DrugBank.d395.s17|29-37|hydroxide|drug
DDI-DrugBank.d395.s17|29-37|hydroxide|drug
DDI-DrugBank.d395.s17|29-37|hydroxide|drug
DDI-DrugBank.d395.s17|53-61|hydroxide|drug
DDI-DrugBank.d395.s17|53-61|hydroxide|drug
DDI-DrugBank.d395.s17|53-61|hydroxide|drug
DDI-DrugBank.d395.s18|80-89|ranitidine|drug
DDI-DrugBank.d395.s20|112-126|methylxanthines|drug
DDI-DrugBank.d395.s20|112-126|methylxanthines|drug
DDI-DrugBank.d395.s23|77-86|quinolones|drug
DDI-DrugBank.d395.s23|77-86|quinolones|drug
DDI-DrugBank.d186.s3|218-224|alcohol|drug
DDI-DrugBank.d186.s3|218-224|alcohol|drug
DDI-DrugBank.d186.s3|218-224|alcohol|drug
DDI-DrugBank.d186.s4|174-184|haloperidol|drug
DDI-DrugBank.d186.s4|198-208|haloperidol|drug
DDI-DrugBank.d186.s5|143-153|haloperidol|drug
DDI-DrugBank.d186.s5|209-219|haloperidol|drug
DDI-DrugBank.d186.s6|106-124|haloperidol-treated|drug
DDI-DrugBank.d152.s1|87-105|sulfobromophthalein|drug
DDI-DrugBank.d152.s1|87-105|sulfobromophthalein|drug
DDI-DrugBank.d152.s1|87-105|sulfobromophthalein|drug
DDI-DrugBank.d152.s1|87-105|sulfobromophthalein|drug
DDI-DrugBank.d152.s1|87-105|sulfobromophthalein|drug
DDI-DrugBank.d152.s11|16-27|triglyceride|drug
DDI-DrugBank.d152.s11|16-27|triglyceride|drug
DDI-DrugBank.d152.s11|33-44|phospholipid|drug
DDI-DrugBank.d152.s11|33-44|phospholipid|drug
DDI-DrugBank.d152.s11|33-44|phospholipid|drug
DDI-DrugBank.d252.s1|106-128|catecholamine-depleting|drug
DDI-DrugBank.d252.s1|106-128|catecholamine-depleting|drug
DDI-DrugBank.d252.s5|-1-19|phenothiazine-related|drug
DDI-DrugBank.d252.s5|-1-19|phenothiazine-related|drug
DDI-DrugBank.d252.s5|-1-19|phenothiazine-related|drug
DDI-MedLine.d73.s0|52-95|1-methyl-4-phenyl-1,2,5,6-tetrahydropyridine|drug
DDI-MedLine.d73.s0|52-95|1-methyl-4-phenyl-1,2,5,6-tetrahydropyridine|drug
DDI-MedLine.d73.s0|52-95|1-methyl-4-phenyl-1,2,5,6-tetrahydropyridine|drug
DDI-MedLine.d73.s0|52-95|1-methyl-4-phenyl-1,2,5,6-tetrahydropyridine|drug
DDI-MedLine.d73.s0|52-95|1-methyl-4-phenyl-1,2,5,6-tetrahydropyridine|drug
DDI-MedLine.d73.s0|52-95|1-methyl-4-phenyl-1,2,5,6-tetrahydropyridine|drug
DDI-MedLine.d73.s0|52-95|1-methyl-4-phenyl-1,2,5,6-tetrahydropyridine|drug
DDI-MedLine.d73.s0|52-95|1-methyl-4-phenyl-1,2,5,6-tetrahydropyridine|drug
DDI-MedLine.d73.s0|52-95|1-methyl-4-phenyl-1,2,5,6-tetrahydropyridine|drug
DDI-MedLine.d73.s0|52-95|1-methyl-4-phenyl-1,2,5,6-tetrahydropyridine|drug
DDI-MedLine.d73.s0|52-95|1-methyl-4-phenyl-1,2,5,6-tetrahydropyridine|drug
DDI-MedLine.d73.s0|52-95|1-methyl-4-phenyl-1,2,5,6-tetrahydropyridine|drug
DDI-MedLine.d73.s0|52-95|1-methyl-4-phenyl-1,2,5,6-tetrahydropyridine|drug
DDI-MedLine.d73.s0|52-95|1-methyl-4-phenyl-1,2,5,6-tetrahydropyridine|drug
DDI-MedLine.d73.s0|52-95|1-methyl-4-phenyl-1,2,5,6-tetrahydropyridine|drug
DDI-MedLine.d73.s0|52-95|1-methyl-4-phenyl-1,2,5,6-tetrahydropyridine|drug
DDI-MedLine.d73.s0|52-95|1-methyl-4-phenyl-1,2,5,6-tetrahydropyridine|drug
DDI-MedLine.d73.s0|52-95|1-methyl-4-phenyl-1,2,5,6-tetrahydropyridine|drug
DDI-MedLine.d73.s0|108-122|methamphetamine|drug
DDI-MedLine.d73.s0|108-122|methamphetamine|drug
DDI-MedLine.d73.s0|108-122|methamphetamine|drug
DDI-MedLine.d73.s0|108-122|methamphetamine|drug
DDI-MedLine.d73.s1|219-233|methamphetamine|drug
DDI-MedLine.d73.s1|219-233|methamphetamine|drug
DDI-MedLine.d73.s1|219-233|methamphetamine|drug
DDI-MedLine.d73.s1|219-233|methamphetamine|drug
DDI-MedLine.d73.s2|70-77|dopamine|drug
DDI-MedLine.d73.s3|145-155|amphetamine|drug
DDI-MedLine.d73.s3|145-155|amphetamine|drug
DDI-MedLine.d73.s3|145-155|amphetamine|drug
DDI-MedLine.d73.s4|-1-13|methamphetamine|drug
DDI-MedLine.d73.s4|-1-13|methamphetamine|drug
DDI-MedLine.d73.s4|-1-13|methamphetamine|drug
DDI-MedLine.d73.s4|-1-13|methamphetamine|drug
DDI-MedLine.d73.s4|60-67|dopamine|drug
DDI-MedLine.d1.s6|85-92|thiazide|drug
DDI-DrugBank.d761.s0|108-114|alcohol|drug
DDI-DrugBank.d761.s0|108-114|alcohol|drug
DDI-DrugBank.d761.s0|108-114|alcohol|drug
DDI-DrugBank.d761.s0|291-297|alcohol|drug
DDI-DrugBank.d761.s0|291-297|alcohol|drug
DDI-DrugBank.d761.s0|291-297|alcohol|drug
DDI-DrugBank.d761.s0|342-348|alcohol|drug
DDI-DrugBank.d761.s0|342-348|alcohol|drug
DDI-DrugBank.d761.s0|342-348|alcohol|drug
DDI-DrugBank.d761.s1|50-61|cyclosporine|drug
DDI-DrugBank.d761.s1|110-121|cyclosporine|drug
DDI-DrugBank.d761.s1|184-195|cyclosporine|drug
DDI-DrugBank.d761.s1|232-243|cyclosporine|drug
DDI-DrugBank.d761.s3|9-15|vitamin|drug
DDI-DrugBank.d761.s4|34-40|vitamin|drug
DDI-DrugBank.d761.s4|46-52|acetate|drug
DDI-DrugBank.d761.s5|114-120|vitamin|drug
DDI-DrugBank.d761.s5|120-126|vitamin|drug
DDI-DrugBank.d761.s5|150-156|vitamin|drug
DDI-DrugBank.d761.s9|165-173|phenytoin|drug
DDI-DrugBank.d761.s9|272-280|phenytoin|drug
DDI-DrugBank.d761.s10|246-265|hypercholesterolemic|drug
DDI-DrugBank.d761.s10|246-265|hypercholesterolemic|drug
DDI-DrugBank.d761.s12|9-25|undercarboxylated|drug
DDI-DrugBank.d761.s12|9-25|undercarboxylated|drug
DDI-DrugBank.d761.s12|9-25|undercarboxylated|drug
DDI-DrugBank.d761.s12|9-25|undercarboxylated|drug
DDI-DrugBank.d761.s12|9-25|undercarboxylated|drug
DDI-DrugBank.d761.s12|52-58|vitamin|drug
DDI-DrugBank.d761.s12|221-227|vitamin|drug
DDI-DrugBank.d761.s13|14-20|vitamin|drug
DDI-DrugBank.d723.s0|39-51|acetylcholine|drug
DDI-DrugBank.d723.s0|39-51|acetylcholine|drug
DDI-DrugBank.d723.s0|39-51|acetylcholine|drug
DDI-DrugBank.d723.s0|53-60|chloride|drug
DDI-DrugBank.d723.s0|53-60|chloride|drug
DDI-DrugBank.d723.s0|53-60|chloride|drug
DDI-DrugBank.d723.s0|53-60|chloride|drug
DDI-DrugBank.d723.s0|76-84|carbachol|drug
DDI-DrugBank.d723.s0|86-94|carboptic|drug
DDI-DrugBank.d723.s0|101-109|carbachol|drug
DDI-DrugBank.d723.s0|153-162|ophthalmic|drug
DDI-DrugBank.d723.s0|153-162|ophthalmic|drug
DDI-DrugBank.d514.s2|127-133|alcohol|drug
DDI-DrugBank.d514.s2|127-133|alcohol|drug
DDI-DrugBank.d514.s2|127-133|alcohol|drug
DDI-DrugBank.d514.s2|136-150|benzodiazepines|drug
DDI-DrugBank.d514.s2|204-212|methadone|drug
DDI-DrugBank.d514.s3|12-26|benzodiazepines|drug
DDI-DrugBank.d179.s1|-1-11|sulfapyridine|drug
DDI-DrugBank.d179.s1|-1-11|sulfapyridine|drug
DDI-DrugBank.d179.s1|-1-11|sulfapyridine|drug
DDI-DrugBank.d179.s1|-1-11|sulfapyridine|drug
DDI-DrugBank.d179.s1|-1-11|sulfapyridine|drug
DDI-DrugBank.d179.s1|54-66|acetaminophen|drug
DDI-DrugBank.d179.s1|54-66|acetaminophen|drug
DDI-DrugBank.d179.s1|54-66|acetaminophen|drug
DDI-DrugBank.d179.s1|54-66|acetaminophen|drug
DDI-DrugBank.d179.s1|54-66|acetaminophen|drug
DDI-DrugBank.d179.s1|54-66|acetaminophen|drug
DDI-DrugBank.d179.s3|11-18|steroids|drug
DDI-DrugBank.d179.s3|78-89|oxymetholone|drug
DDI-DrugBank.d179.s3|78-89|oxymetholone|drug
DDI-DrugBank.d179.s3|78-89|oxymetholone|drug
DDI-DrugBank.d179.s3|78-89|oxymetholone|drug
DDI-DrugBank.d179.s6|0-12|carbamazepine|drug
DDI-DrugBank.d179.s6|0-12|carbamazepine|drug
DDI-DrugBank.d179.s8|0-10|chloroquine|drug
DDI-DrugBank.d179.s8|0-10|chloroquine|drug
DDI-DrugBank.d179.s8|0-10|chloroquine|drug
DDI-DrugBank.d179.s10|20-29|cerubidine|drug
DDI-DrugBank.d179.s16|0-17|hydroxychloroquine|drug
DDI-DrugBank.d179.s16|0-17|hydroxychloroquine|drug
DDI-DrugBank.d179.s16|0-17|hydroxychloroquine|drug
DDI-DrugBank.d179.s16|0-17|hydroxychloroquine|drug
DDI-DrugBank.d179.s16|0-17|hydroxychloroquine|drug
DDI-DrugBank.d179.s16|0-17|hydroxychloroquine|drug
DDI-DrugBank.d179.s17|0-13|mercaptopurine|drug
DDI-DrugBank.d179.s17|0-13|mercaptopurine|drug
DDI-DrugBank.d179.s21|0-13|phenothiazines|drug
DDI-DrugBank.d179.s21|0-13|phenothiazines|drug
DDI-DrugBank.d179.s21|0-13|phenothiazines|drug
DDI-DrugBank.d179.s21|18-31|acetophenazine|drug
DDI-DrugBank.d179.s21|18-31|acetophenazine|drug
DDI-DrugBank.d179.s21|18-31|acetophenazine|drug
DDI-DrugBank.d179.s21|49-62|chlorpromazine|drug
DDI-DrugBank.d179.s21|49-62|chlorpromazine|drug
DDI-DrugBank.d179.s21|69-77|thorazine|drug
DDI-DrugBank.d179.s21|69-77|thorazine|drug
DDI-DrugBank.d179.s21|83-94|fluphenazine|drug
DDI-DrugBank.d179.s21|83-94|fluphenazine|drug
DDI-DrugBank.d179.s21|114-125|mesoridazine|drug
DDI-DrugBank.d179.s21|145-156|perphenazine|drug
DDI-DrugBank.d179.s21|145-156|perphenazine|drug
DDI-DrugBank.d179.s21|176-191|prochlorperazine|drug
DDI-DrugBank.d179.s21|176-191|prochlorperazine|drug
DDI-DrugBank.d179.s21|176-191|prochlorperazine|drug
DDI-DrugBank.d179.s21|176-191|prochlorperazine|drug
DDI-DrugBank.d179.s21|176-191|prochlorperazine|drug
DDI-DrugBank.d179.s21|198-206|compazine|drug
DDI-DrugBank.d179.s21|212-220|promazine|drug
DDI-DrugBank.d179.s21|239-250|promethazine|drug
DDI-DrugBank.d179.s21|239-250|promethazine|drug
DDI-DrugBank.d179.s21|239-250|promethazine|drug
DDI-DrugBank.d179.s21|239-250|promethazine|drug
DDI-DrugBank.d179.s21|271-282|thioridazine|drug
DDI-DrugBank.d179.s21|302-316|trifluoperazine|drug
DDI-DrugBank.d179.s21|302-316|trifluoperazine|drug
DDI-DrugBank.d179.s21|302-316|trifluoperazine|drug
DDI-DrugBank.d179.s21|302-316|trifluoperazine|drug
DDI-DrugBank.d179.s21|302-316|trifluoperazine|drug
DDI-DrugBank.d179.s21|302-316|trifluoperazine|drug
DDI-DrugBank.d179.s21|302-316|trifluoperazine|drug
DDI-DrugBank.d179.s21|323-331|stelazine|drug
DDI-DrugBank.d179.s21|337-351|triflupromazine|drug
DDI-DrugBank.d179.s21|337-351|triflupromazine|drug
DDI-DrugBank.d179.s21|337-351|triflupromazine|drug
DDI-DrugBank.d179.s21|370-381|trimeprazine|drug
DDI-DrugBank.d179.s21|370-381|trimeprazine|drug
DDI-DrugBank.d179.s23|40-52|sulfapyridine|drug
DDI-DrugBank.d179.s23|40-52|sulfapyridine|drug
DDI-DrugBank.d179.s23|40-52|sulfapyridine|drug
DDI-DrugBank.d179.s23|40-52|sulfapyridine|drug
DDI-DrugBank.d179.s23|40-52|sulfapyridine|drug
DDI-DrugBank.d179.s24|0-14|acetohydroxamic|drug
DDI-DrugBank.d179.s24|0-14|acetohydroxamic|drug
DDI-DrugBank.d179.s24|0-14|acetohydroxamic|drug
DDI-DrugBank.d179.s26|0-11|furazolidone|drug
DDI-DrugBank.d179.s26|0-11|furazolidone|drug
DDI-DrugBank.d179.s27|0-13|nitrofurantoin|drug
DDI-DrugBank.d179.s29|0-11|procainamide|drug
DDI-DrugBank.d179.s30|0-8|quinidine|drug
DDI-DrugBank.d179.s32|0-8|sulfoxone|drug
DDI-DrugBank.d179.s33|0-6|vitamin|drug
DDI-DrugBank.d179.s33|112-124|sulfapyridine|drug
DDI-DrugBank.d179.s33|112-124|sulfapyridine|drug
DDI-DrugBank.d179.s33|112-124|sulfapyridine|drug
DDI-DrugBank.d179.s33|112-124|sulfapyridine|drug
DDI-DrugBank.d179.s33|112-124|sulfapyridine|drug
DDI-DrugBank.d179.s36|0-10|mephenytoin|drug
DDI-DrugBank.d179.s36|39-51|sulfapyridine|drug
DDI-DrugBank.d179.s36|39-51|sulfapyridine|drug
DDI-DrugBank.d179.s36|39-51|sulfapyridine|drug
DDI-DrugBank.d179.s36|39-51|sulfapyridine|drug
DDI-DrugBank.d179.s36|39-51|sulfapyridine|drug
DDI-DrugBank.d179.s37|240-252|sulfapyridine|drug
DDI-DrugBank.d179.s37|240-252|sulfapyridine|drug
DDI-DrugBank.d179.s37|240-252|sulfapyridine|drug
DDI-DrugBank.d179.s37|240-252|sulfapyridine|drug
DDI-DrugBank.d179.s37|240-252|sulfapyridine|drug
DDI-DrugBank.d179.s38|37-48|methotrexate|drug
DDI-DrugBank.d179.s38|156-167|methotrexate|drug
DDI-DrugBank.d179.s38|170-182|sulfapyridine|drug
DDI-DrugBank.d179.s38|170-182|sulfapyridine|drug
DDI-DrugBank.d179.s38|170-182|sulfapyridine|drug
DDI-DrugBank.d179.s38|170-182|sulfapyridine|drug
DDI-DrugBank.d179.s38|170-182|sulfapyridine|drug
DDI-DrugBank.d179.s38|239-250|methotrexate|drug
DDI-DrugBank.d179.s39|36-45|methyldopa|drug
DDI-DrugBank.d179.s39|36-45|methyldopa|drug
DDI-DrugBank.d179.s39|91-100|methyldopa|drug
DDI-DrugBank.d179.s39|91-100|methyldopa|drug
DDI-DrugBank.d179.s39|103-115|sulfapyridine|drug
DDI-DrugBank.d179.s39|103-115|sulfapyridine|drug
DDI-DrugBank.d179.s39|103-115|sulfapyridine|drug
DDI-DrugBank.d179.s39|103-115|sulfapyridine|drug
DDI-DrugBank.d179.s39|103-115|sulfapyridine|drug
DDI-DrugBank.d179.s40|36-44|phenytoin|drug
DDI-DrugBank.d179.s40|152-160|phenytoin|drug
DDI-DrugBank.d179.s40|163-175|sulfapyridine|drug
DDI-DrugBank.d179.s40|163-175|sulfapyridine|drug
DDI-DrugBank.d179.s40|163-175|sulfapyridine|drug
DDI-DrugBank.d179.s40|163-175|sulfapyridine|drug
DDI-DrugBank.d179.s40|163-175|sulfapyridine|drug
DDI-DrugBank.d179.s40|232-240|phenytoin|drug
DDI-DrugBank.d580.s0|62-71|twisthaler|drug
DDI-DrugBank.d580.s1|9-20|ketoconazole|drug
DDI-DrugBank.d95.s0|-1-10|cyclosporine|drug
DDI-DrugBank.d95.s0|69-79|cyclosporin|drug
DDI-DrugBank.d449.s0|49-60|ketoconazole|drug
DDI-DrugBank.d449.s0|65-76|itraconazole|drug
DDI-DrugBank.d449.s1|12-22|fluvoxamine|drug
DDI-DrugBank.d449.s1|12-22|fluvoxamine|drug
DDI-DrugBank.d449.s1|25-34|cimetidine|drug
DDI-DrugBank.d449.s2|40-48|macrolide|drug
DDI-DrugBank.d546.s2|270-282|nitroglycerin|drug
DDI-DrugBank.d546.s2|270-282|nitroglycerin|drug
DDI-DrugBank.d546.s2|270-282|nitroglycerin|drug
DDI-DrugBank.d546.s3|77-90|alpha-blockers|drug
DDI-DrugBank.d546.s3|155-167|thiazide-like|drug
DDI-DrugBank.d171.s0|160-168|phenytoin|drug
DDI-DrugBank.d171.s0|196-211|chlordiazepoxide|drug
DDI-DrugBank.d171.s0|196-211|chlordiazepoxide|drug
DDI-DrugBank.d171.s0|287-299|metronidazole|drug
DDI-DrugBank.d171.s0|287-299|metronidazole|drug
DDI-DrugBank.d171.s0|287-299|metronidazole|drug
DDI-DrugBank.d171.s3|17-25|phenytoin|drug
DDI-DrugBank.d171.s8|63-74|ketoconazole|drug
DDI-DrugBank.d171.s9|75-84|cimetidine|drug
DDI-MedLine.d169.s5|133-139|sulfate|drug
DDI-MedLine.d169.s7|54-61|chloride|drug
DDI-MedLine.d169.s7|54-61|chloride|drug
DDI-MedLine.d169.s7|54-61|chloride|drug
DDI-MedLine.d169.s7|54-61|chloride|drug
DDI-MedLine.d169.s10|65-72|chloride|drug
DDI-MedLine.d169.s10|65-72|chloride|drug
DDI-MedLine.d169.s10|65-72|chloride|drug
DDI-MedLine.d169.s10|65-72|chloride|drug
DDI-MedLine.d169.s10|129-135|sulfate|drug
DDI-DrugBank.d109.s0|-1-23|ketoconazole/itraconazole|drug
DDI-DrugBank.d109.s0|25-34|macrolides|drug
DDI-MedLine.d44.s2|541-551|cholesterol|drug
DDI-MedLine.d44.s2|541-551|cholesterol|drug
DDI-MedLine.d44.s2|562-574|triglycerides|drug
DDI-MedLine.d44.s2|562-574|triglycerides|drug
DDI-MedLine.d44.s4|83-97|14c-cholesteryl|drug
DDI-MedLine.d44.s5|56-66|cholesterol|drug
DDI-MedLine.d44.s5|56-66|cholesterol|drug
DDI-MedLine.d44.s5|72-83|triglyceride|drug
DDI-MedLine.d44.s5|72-83|triglyceride|drug
DDI-MedLine.d44.s5|148-158|cholesterol|drug
DDI-MedLine.d44.s5|148-158|cholesterol|drug
DDI-MedLine.d44.s6|90-104|3h-triglyceride|drug
DDI-MedLine.d44.s6|90-104|3h-triglyceride|drug
DDI-MedLine.d44.s7|-1-13|14c-cholesterol|drug
DDI-MedLine.d44.s7|-1-13|14c-cholesterol|drug
DDI-MedLine.d44.s7|16-20|ester|drug
DDI-DrugBank.d530.s0|14-22|monoamine|drug
DDI-DrugBank.d530.s0|72-78|sulfate|drug
DDI-DrugBank.d530.s0|97-103|sulfate|drug
DDI-DrugBank.d530.s1|17-31|l-phenylalanine|drug
DDI-DrugBank.d530.s1|17-31|l-phenylalanine|drug
DDI-DrugBank.d530.s1|17-31|l-phenylalanine|drug
DDI-DrugBank.d530.s2|61-70|selegiline|drug
DDI-DrugBank.d530.s2|70-84|l-phenylalanine|drug
DDI-DrugBank.d530.s2|70-84|l-phenylalanine|drug
DDI-DrugBank.d530.s2|70-84|l-phenylalanine|drug
DDI-DrugBank.d530.s2|106-115|selegiline|drug
DDI-DrugBank.d530.s3|108-122|l-phenylalanine|drug
DDI-DrugBank.d530.s3|108-122|l-phenylalanine|drug
DDI-DrugBank.d530.s3|108-122|l-phenylalanine|drug
DDI-DrugBank.d746.s0|-1-5|aramine|drug
DDI-DrugBank.d746.s0|116-121|amines|drug
DDI-DrugBank.d746.s1|-1-7|monoamine|drug
DDI-DrugBank.d746.s1|103-108|amines|drug
DDI-DrugBank.d250.s0|27-41|aminoglycosides|drug
DDI-DrugBank.d250.s2|81-95|succinylcholine|drug
DDI-DrugBank.d250.s2|98-106|gallamine|drug
DDI-DrugBank.d250.s2|98-106|gallamine|drug
DDI-DrugBank.d250.s2|109-121|decamethonium|drug
DDI-MedLine.d185.s0|10-30|ketoconazole-mediated|drug
DDI-MedLine.d185.s0|130-140|deacetylase|drug
DDI-MedLine.d185.s0|130-140|deacetylase|drug
DDI-MedLine.d185.s2|61-72|ketoconazole|drug
DDI-MedLine.d185.s4|24-35|ketoconazole|drug
DDI-MedLine.d185.s5|108-119|ketoconazole|drug
DDI-MedLine.d185.s7|90-101|ketoconazole|drug
DDI-MedLine.d185.s11|26-41|hypophosphatemia|drug
DDI-MedLine.d185.s11|26-41|hypophosphatemia|drug
DDI-MedLine.d185.s11|26-41|hypophosphatemia|drug
DDI-MedLine.d185.s11|26-41|hypophosphatemia|drug
DDI-MedLine.d185.s11|26-41|hypophosphatemia|drug
DDI-MedLine.d185.s11|85-93|phosphate|drug
DDI-MedLine.d185.s11|85-93|phosphate|drug
DDI-MedLine.d185.s11|85-93|phosphate|drug
DDI-MedLine.d185.s11|85-93|phosphate|drug
DDI-MedLine.d185.s11|85-93|phosphate|drug
DDI-DrugBank.d776.s0|62-69|diflucan|drug
DDI-DrugBank.d776.s1|43-50|diflucan|drug
DDI-DrugBank.d776.s2|342-354|hypoglycemics|drug
DDI-DrugBank.d776.s2|379-387|phenytoin|drug
DDI-DrugBank.d776.s2|387-398|cyclosporine|drug
DDI-DrugBank.d776.s2|471-485|benzodiazepines|drug
DDI-DrugBank.d776.s2|488-500|hypoglycemics|drug
DDI-DrugBank.d776.s2|519-530|hypoglycemia|drug
DDI-DrugBank.d776.s2|550-557|diflucan|drug
DDI-DrugBank.d776.s2|563-574|hypoglycemic|drug
DDI-DrugBank.d776.s3|36-47|hypoglycemia|drug
DDI-DrugBank.d776.s3|76-83|diflucan|drug
DDI-DrugBank.d776.s4|-1-6|diflucan|drug
DDI-DrugBank.d776.s4|35-45|tolbutamide|drug
DDI-DrugBank.d776.s4|35-45|tolbutamide|drug
DDI-DrugBank.d776.s5|2-9|diflucan|drug
DDI-DrugBank.d776.s5|56-67|sulfonylurea|drug
DDI-DrugBank.d776.s5|56-67|sulfonylurea|drug
DDI-DrugBank.d776.s5|56-67|sulfonylurea|drug
DDI-DrugBank.d776.s5|56-67|sulfonylurea|drug
DDI-DrugBank.d776.s5|74-85|hypoglycemic|drug
DDI-DrugBank.d776.s5|174-185|sulfonylurea|drug
DDI-DrugBank.d776.s5|174-185|sulfonylurea|drug
DDI-DrugBank.d776.s5|174-185|sulfonylurea|drug
DDI-DrugBank.d776.s5|174-185|sulfonylurea|drug
DDI-DrugBank.d776.s6|188-195|diflucan|drug
DDI-DrugBank.d776.s7|248-252|azole|drug
DDI-DrugBank.d776.s7|391-401|fluconazole|drug
DDI-DrugBank.d776.s8|59-66|diflucan|drug
DDI-DrugBank.d776.s10|59-67|phenytoin|drug
DDI-DrugBank.d776.s10|67-74|diflucan|drug
DDI-DrugBank.d776.s10|103-111|phenytoin|drug
DDI-DrugBank.d776.s11|22-30|phenytoin|drug
DDI-DrugBank.d776.s11|67-74|diflucan|drug
DDI-DrugBank.d776.s11|82-90|phenytoin|drug
DDI-DrugBank.d776.s13|50-61|cyclosporine|drug
DDI-DrugBank.d776.s13|61-68|diflucan|drug
DDI-DrugBank.d776.s13|89-100|cyclosporine|drug
DDI-DrugBank.d776.s14|22-33|cyclosporine|drug
DDI-DrugBank.d776.s14|106-113|diflucan|drug
DDI-DrugBank.d776.s14|121-132|cyclosporine|drug
DDI-DrugBank.d776.s16|70-77|diflucan|drug
DDI-DrugBank.d776.s17|91-98|diflucan|drug
DDI-DrugBank.d776.s18|72-79|diflucan|drug
DDI-DrugBank.d776.s19|76-83|diflucan|drug
DDI-DrugBank.d776.s20|277-281|azole|drug
DDI-DrugBank.d776.s21|36-46|fluconazole|drug
DDI-DrugBank.d776.s22|51-61|fluconazole|drug
DDI-DrugBank.d776.s22|79-86|diflucan|drug
DDI-DrugBank.d776.s23|20-30|fluconazole|drug
DDI-DrugBank.d776.s24|24-34|fluconazole|drug
DDI-DrugBank.d776.s25|188-198|fluconazole|drug
DDI-DrugBank.d776.s26|57-67|fluconazole|drug
DDI-DrugBank.d776.s27|20-30|fluconazole|drug
DDI-DrugBank.d776.s28|186-196|fluconazole|drug
DDI-DrugBank.d776.s29|86-96|fluconazole|drug
DDI-DrugBank.d776.s31|125-135|fluconazole|drug
DDI-DrugBank.d776.s32|33-43|fluconazole|drug
DDI-DrugBank.d776.s33|141-151|fluconazole|drug
DDI-DrugBank.d776.s34|34-44|fluconazole|drug
DDI-DrugBank.d776.s35|10-24|benzodiazepines|drug
DDI-DrugBank.d776.s35|63-71|midazolam|drug
DDI-DrugBank.d776.s35|63-71|midazolam|drug
DDI-DrugBank.d776.s35|63-71|midazolam|drug
DDI-DrugBank.d776.s35|74-84|fluconazole|drug
DDI-DrugBank.d776.s35|123-131|midazolam|drug
DDI-DrugBank.d776.s35|123-131|midazolam|drug
DDI-DrugBank.d776.s35|123-131|midazolam|drug
DDI-DrugBank.d776.s36|15-23|midazolam|drug
DDI-DrugBank.d776.s36|15-23|midazolam|drug
DDI-DrugBank.d776.s36|15-23|midazolam|drug
DDI-DrugBank.d776.s36|88-98|fluconazole|drug
DDI-DrugBank.d776.s36|110-120|fluconazole|drug
DDI-DrugBank.d776.s37|16-30|benzodiazepines|drug
DDI-DrugBank.d776.s37|122-132|fluconazole|drug
DDI-DrugBank.d776.s37|183-196|benzodiazepine|drug
DDI-DrugBank.d776.s38|-1-9|fluconazole|drug
DDI-DrugBank.d776.s40|224-234|fluconazole|drug
DDI-DrugBank.d776.s41|29-39|fluconazole|drug
DDI-DrugBank.d776.s41|135-145|fluconazole|drug
DDI-DrugBank.d168.s0|28-34|alcohol|drug
DDI-DrugBank.d168.s0|28-34|alcohol|drug
DDI-DrugBank.d168.s0|28-34|alcohol|drug
DDI-DrugBank.d168.s0|135-148|antihistamines|drug
DDI-DrugBank.d168.s0|135-148|antihistamines|drug
DDI-DrugBank.d168.s0|152-167|anticholinergics|drug
DDI-DrugBank.d168.s0|195-209|anticholinergic|drug
DDI-DrugBank.d168.s0|221-235|anticholinergic|drug
DDI-DrugBank.d168.s0|314-327|antihistamines|drug
DDI-DrugBank.d168.s0|314-327|antihistamines|drug
DDI-DrugBank.d168.s0|335-343|monoamine|drug
DDI-DrugBank.d168.s0|391-404|antihistamines|drug
DDI-DrugBank.d168.s0|391-404|antihistamines|drug
DDI-DrugBank.d168.s0|436-450|anticholinergic|drug
DDI-DrugBank.d168.s0|482-495|antihistamines|drug
DDI-DrugBank.d168.s0|482-495|antihistamines|drug
DDI-DrugBank.d81.s0|74-86|nitroglycerin|drug
DDI-DrugBank.d81.s0|74-86|nitroglycerin|drug
DDI-DrugBank.d81.s0|74-86|nitroglycerin|drug
DDI-DrugBank.d81.s0|128-140|nitroglycerin|drug
DDI-DrugBank.d81.s0|128-140|nitroglycerin|drug
DDI-DrugBank.d81.s0|128-140|nitroglycerin|drug
DDI-DrugBank.d81.s1|130-148|hydrochlorothiazide|drug
DDI-DrugBank.d81.s1|130-148|hydrochlorothiazide|drug
DDI-DrugBank.d81.s1|130-148|hydrochlorothiazide|drug
DDI-DrugBank.d81.s1|130-148|hydrochlorothiazide|drug
DDI-DrugBank.d81.s1|245-263|hydrochlorothiazide|drug
DDI-DrugBank.d81.s1|245-263|hydrochlorothiazide|drug
DDI-DrugBank.d81.s1|245-263|hydrochlorothiazide|drug
DDI-DrugBank.d81.s1|245-263|hydrochlorothiazide|drug
DDI-DrugBank.d81.s2|230-248|hydrochlorothiazide|drug
DDI-DrugBank.d81.s2|230-248|hydrochlorothiazide|drug
DDI-DrugBank.d81.s2|230-248|hydrochlorothiazide|drug
DDI-DrugBank.d81.s2|230-248|hydrochlorothiazide|drug
DDI-DrugBank.d81.s7|67-76|cimetidine|drug
DDI-DrugBank.d81.s7|198-207|cimetidine|drug
DDI-DrugBank.d81.s8|68-77|cimetidine|drug
DDI-MedLine.d29.s0|10-19|probenecid|drug
DDI-MedLine.d29.s2|65-77|cephaloridine|drug
DDI-MedLine.d29.s2|65-77|cephaloridine|drug
DDI-MedLine.d29.s2|65-77|cephaloridine|drug
DDI-MedLine.d29.s2|111-120|probenecid|drug
DDI-MedLine.d29.s3|21-30|probenecid|drug
DDI-MedLine.d29.s3|274-283|probenecid|drug
DDI-MedLine.d29.s4|122-131|probenecid|drug
DDI-MedLine.d29.s7|215-224|probenecid|drug
DDI-MedLine.d29.s8|41-50|probenecid|drug
DDI-DrugBank.d255.s0|47-58|chlorambucil|drug
DDI-MedLine.d100.s3|124-136|phospholipids|drug
DDI-MedLine.d100.s3|124-136|phospholipids|drug
DDI-MedLine.d100.s3|124-136|phospholipids|drug
DDI-MedLine.d100.s4|23-31|phosphate|drug
DDI-MedLine.d100.s4|23-31|phosphate|drug
DDI-MedLine.d100.s4|23-31|phosphate|drug
DDI-MedLine.d100.s4|23-31|phosphate|drug
DDI-MedLine.d100.s4|23-31|phosphate|drug
DDI-DrugBank.d318.s1|30-37|nitrogen|drug
DDI-DrugBank.d318.s2|-1-13|corticosteroids|drug
DDI-DrugBank.d318.s8|150-159|imidazoles|drug
DDI-DrugBank.d318.s8|150-159|imidazoles|drug
DDI-DrugBank.d318.s8|150-159|imidazoles|drug
DDI-DrugBank.d318.s8|150-159|imidazoles|drug
DDI-DrugBank.d318.s8|150-159|imidazoles|drug
DDI-DrugBank.d318.s8|161-172|ketoconazole|drug
DDI-DrugBank.d318.s8|172-181|miconazole|drug
DDI-DrugBank.d318.s8|181-192|clotrimazole|drug
DDI-DrugBank.d318.s8|192-202|fluconazole|drug
DDI-DrugBank.d318.s8|278-287|imidazoles|drug
DDI-DrugBank.d318.s8|278-287|imidazoles|drug
DDI-DrugBank.d318.s8|278-287|imidazoles|drug
DDI-DrugBank.d318.s8|278-287|imidazoles|drug
DDI-DrugBank.d318.s8|278-287|imidazoles|drug
DDI-DrugBank.d318.s8|296-305|imidazoles|drug
DDI-DrugBank.d318.s8|296-305|imidazoles|drug
DDI-DrugBank.d318.s8|296-305|imidazoles|drug
DDI-DrugBank.d318.s8|296-305|imidazoles|drug
DDI-DrugBank.d318.s8|296-305|imidazoles|drug
DDI-DrugBank.d318.s10|46-60|aminoglycosides|drug
DDI-DrugBank.d318.s10|63-74|cyclosporine|drug
DDI-DrugBank.d318.s10|81-91|pentamidine|drug
DDI-DrugBank.d318.s10|81-91|pentamidine|drug
DDI-DrugBank.d318.s10|81-91|pentamidine|drug
DDI-DrugBank.d318.s10|81-91|pentamidine|drug
DDI-DrugBank.d30.s0|230-248|hydrochlorothiazide|drug
DDI-DrugBank.d30.s0|230-248|hydrochlorothiazide|drug
DDI-DrugBank.d30.s0|230-248|hydrochlorothiazide|drug
DDI-DrugBank.d30.s0|230-248|hydrochlorothiazide|drug
DDI-DrugBank.d30.s0|261-270|cimetidine|drug
DDI-DrugBank.d30.s0|272-284|phenobarbital|drug
DDI-DrugBank.d30.s3|-1-10|ketoconazole|drug
DDI-DrugBank.d30.s4|-1-9|fluconazole|drug
DDI-DrugBank.d30.s5|105-112|examined|drug
DDI-DrugBank.d30.s8|241-249|amiloride|drug
DDI-DrugBank.d30.s8|241-249|amiloride|drug
DDI-DrugBank.d30.s9|101-113|non-steroidal|drug
DDI-DrugBank.d30.s9|138-149|indomethacin|drug
DDI-DrugBank.d30.s9|138-149|indomethacin|drug
DDI-DrugBank.d30.s9|138-149|indomethacin|drug
DDI-DrugBank.d213.s0|114-124|carbimazole|drug
DDI-DrugBank.d213.s0|158-168|carbimazole|drug
DDI-DrugBank.d213.s3|140-150|carbimazole|drug
DDI-DrugBank.d756.s0|95-109|levomepromazine|drug
DDI-DrugBank.d756.s2|63-77|levomepromazine|drug
DDI-DrugBank.d756.s2|93-107|benzodiazepines|drug
DDI-DrugBank.d756.s4|38-52|levomepromazine|drug
DDI-DrugBank.d756.s4|65-79|anticholinergic|drug
DDI-DrugBank.d756.s5|24-38|levomepromazine|drug
DDI-DrugBank.d756.s7|35-55|ephedrine/amphetamine|drug
DDI-DrugBank.d756.s7|35-55|ephedrine/amphetamine|drug
DDI-DrugBank.d756.s7|35-55|ephedrine/amphetamine|drug
DDI-DrugBank.d756.s7|101-115|levomepromazine|drug
DDI-DrugBank.d756.s9|79-93|levomepromazine|drug
DDI-DrugBank.d756.s11|74-89|leveomepromazine|drug
DDI-MedLine.d31.s5|60-67|examines|drug
DDI-MedLine.d23.s0|52-59|ketamine|drug
DDI-MedLine.d23.s0|52-59|ketamine|drug
DDI-MedLine.d23.s0|52-59|ketamine|drug
DDI-MedLine.d23.s1|255-262|ketamine|drug
DDI-MedLine.d23.s1|255-262|ketamine|drug
DDI-MedLine.d23.s1|255-262|ketamine|drug
DDI-MedLine.d23.s1|364-371|ketamine|drug
DDI-MedLine.d23.s1|364-371|ketamine|drug
DDI-MedLine.d23.s1|364-371|ketamine|drug
DDI-MedLine.d23.s2|120-127|ketamine|drug
DDI-MedLine.d23.s2|120-127|ketamine|drug
DDI-MedLine.d23.s2|120-127|ketamine|drug
DDI-MedLine.d23.s2|133-142|droperidol|drug
DDI-DrugBank.d549.s3|159-170|nonsteroidal|drug
DDI-DrugBank.d549.s3|192-206|corticosteroids|drug
DDI-DrugBank.d549.s5|-1-13|acetylsalicylic|drug
DDI-DrugBank.d549.s5|-1-13|acetylsalicylic|drug
DDI-MedLine.d118.s2|311-322|cyclosporine|drug
DDI-MedLine.d118.s3|128-139|cyclosporine|drug
DDI-MedLine.d118.s3|249-260|cyclosporine|drug
DDI-MedLine.d118.s3|295-301|steroid|drug
DDI-DrugBank.d22.s0|-1-12|aminosalicylic|drug
DDI-DrugBank.d22.s1|105-118|aminosalicylic|drug
DDI-DrugBank.d22.s2|-1-12|aminosalicylic|drug
DDI-DrugBank.d22.s2|56-62|vitamin|drug
DDI-DrugBank.d22.s3|33-39|vitamin|drug
DDI-DrugBank.d22.s3|69-82|aminosalicylic|drug
DDI-DrugBank.d185.s0|133-161|trimethoprim/sulfamethoxazole|drug
DDI-DrugBank.d185.s0|133-161|trimethoprim/sulfamethoxazole|drug
DDI-DrugBank.d185.s0|133-161|trimethoprim/sulfamethoxazole|drug
DDI-DrugBank.d185.s0|133-161|trimethoprim/sulfamethoxazole|drug
DDI-DrugBank.d185.s0|133-161|trimethoprim/sulfamethoxazole|drug
DDI-DrugBank.d185.s2|48-60|hydroxylamine|drug
DDI-DrugBank.d185.s2|48-60|hydroxylamine|drug
DDI-DrugBank.d185.s2|48-60|hydroxylamine|drug
DDI-DrugBank.d185.s2|48-60|hydroxylamine|drug
DDI-DrugBank.d185.s2|48-60|hydroxylamine|drug
DDI-DrugBank.d185.s2|48-60|hydroxylamine|drug
DDI-DrugBank.d185.s5|51-63|hydroxylamine|drug
DDI-DrugBank.d185.s5|51-63|hydroxylamine|drug
DDI-DrugBank.d185.s5|51-63|hydroxylamine|drug
DDI-DrugBank.d185.s5|51-63|hydroxylamine|drug
DDI-DrugBank.d185.s5|51-63|hydroxylamine|drug
DDI-DrugBank.d185.s5|51-63|hydroxylamine|drug
DDI-DrugBank.d185.s6|60-72|pyrimethamine|drug
DDI-DrugBank.d185.s6|60-72|pyrimethamine|drug
DDI-DrugBank.d185.s6|60-72|pyrimethamine|drug
DDI-DrugBank.d185.s6|60-72|pyrimethamine|drug
