bfr-tag=NN
aft-tag=NN
vb-btw-lemma=be
vb-before-tag=VBN
vb-before-tag=VBP
vb-before-tag=VB
vb-after-tag=VBN
vb-before-tag=VBG
vb-before-rel=amod
vb-before-rel=aux:pass
vb-before-rel=ROOT
bfr-tag=IN
aft-tag=IN
vb-btw-tag=VBN
btw-word=and
btw-lemma=and
btw-stem=and
bfr-tag=NNS
aft-tag=NNS
vb-after-tag=VB
btw-word=of
btw-lemma=of
btw-stem=of
vb-btw-lemma=have
vb-btw-lemma=increase
vb-before-rel=dep
vb-after-lemma=be
bfr-tag=JJ
aft-tag=JJ
vb-before-rel=aux
vb-btw-lemma=include
btw-word=the
btw-lemma=the
btw-stem=the
vb-before-tag=VBD
vb-btw-lemma=follow
vb-after-rel=aux:pass
vb-after-rel=amod
vb-btw-tag=VB
btw-lemma=be
btw-stem=acid
btw-lemma=acid
btw-word=acid
btw-word=with
btw-lemma=with
btw-stem=with
aft-neg=of
btw-lemma=drug
btw-stem=drug
vb-btw-tag=VBG
btw-word=drugs
bfr-word=of
bfr-lemma=of
bfr-stem=of
aft-word=of
aft-lemma=of
aft-stem=of
vb-before-rel=acl:relcl
vb-after-rel=ROOT
vb-before-rel=cop
vb-btw-rel=amod
vb-btw-rel=aux:pass
vb-before-rel=conj
btw-word=or
btw-lemma=or
btw-stem=or
btw-lemma=inhibitor
btw-stem=inhibitor
vb-after-tag=VBG
neg=not
btw-word=inhibitors
vb-btw-rel=ROOT
bfr-tag=NNP
aft-tag=NNP
aft-neg=the
vb-before-tag=VBZ
vb-after-rel=conj
btw-word=in
btw-lemma=in
btw-stem=in
vb-btw-lemma=decrease
vb-before-rel=acl
vb-btw-lemma=interact
vb-after-tag=VBD
vb-before-rel=xcomp
btw-word=as
btw-lemma=as
btw-stem=as
aft-neg=with
path=
btw-word=e.g.
btw-lemma=e.g.
btw-stem=e.g.
vb-after-rel=dep
vb-btw-rel=conj
btw-lemma=a
vb-before-rel=advcl
btw-lemma=other
btw-stem=other
aft-neg=in
vb-after-tag=VBZ
vb-btw-tag=VBD
vb-after-lemma=prolong
vb-btw-lemma=affect
vb-btw-tag=VBZ
btw-word=to
btw-lemma=to
btw-stem=to
neg=no
btw-word=may
btw-lemma=may
btw-stem=may
btw-lemma=phenytoin
btw-stem=phenytoin
aft-neg=or
btw-word=phenytoin
btw-word=other
btw-stem=oral
bfr-tag=CC
aft-tag=CC
aft-neg=and
bfr-tag=DT
aft-tag=DT
btw-word=oral
btw-lemma=oral
vb-btw-lemma=expect
vb-btw-tag=VBP
vb-btw-lemma=find
vb-btw-rel=dep
vb-btw-lemma=prolong
vb-btw-lemma=use
vb-after-tag=VBP
bfr-tag=VBG
aft-tag=VBG
vb-after-rel=acl
bfr-word=with
bfr-lemma=with
bfr-stem=with
aft-word=with
aft-lemma=with
aft-stem=with
vb-before-rel=case
path=conj>parataxis>dep>drug>conj>parataxis>dep>
vb-after-rel=aux
btw-stem=prolong
btw-stem=a
bfr-tag=VBN
aft-tag=VBN
vb-after-rel=parataxis
btw-lemma=prolong
btw-word=a
btw-stem=effect
vb-after-lemma=have
vb-btw-rel=acl
btw-word=prolonged
bfr-tag=FW
aft-tag=FW
vb-after-lemma=increase
btw-lemma=effect
vb-btw-lemma=administer
btw-stem=increas
btw-lemma=increase
btw-word=protease
btw-lemma=protease
btw-stem=proteas
bfr-word=and
bfr-lemma=and
bfr-stem=and
aft-word=and
aft-lemma=and
aft-stem=and
btw-word=clofibrate
btw-lemma=clofibrate
btw-stem=clofibr
btw-word=such
btw-lemma=such
btw-stem=such
btw-word=phenylbutazone
btw-lemma=phenylbutazone
btw-stem=phenylbutazon
btw-lemma=anesthetic
btw-stem=anesthet
btw-word=anesthetics
vb-btw-rel=advcl
bfr-word=the
bfr-lemma=the
bfr-stem=the
aft-word=the
aft-lemma=the
aft-stem=the
vb-btw-rel=parataxis
vb-btw-lemma=take
btw-stem=cyclosporin
bfr-word=as
bfr-lemma=as
bfr-stem=as
aft-word=as
aft-lemma=as
aft-stem=as
btw-stem=contracept
btw-lemma=contraceptive
vb-btw-rel=aux
btw-word=naproxen
btw-lemma=naproxen
btw-stem=naproxen
vb-after-rel=advcl
path=conj>acetaminophen>conj>
btw-lemma=have
btw-stem=be
btw-word=by
btw-lemma=by
btw-stem=by
btw-lemma=affect
btw-stem=affect
btw-word=be
btw-word=indomethacin
btw-lemma=indomethacin
btw-stem=indomethacin
btw-word=mg
btw-lemma=mg
btw-stem=mg
btw-word=itraconazole
btw-lemma=itraconazole
btw-stem=itraconazol
btw-lemma=oxidase
btw-stem=oxidas
btw-word=oxidase
btw-word=monoamine
btw-lemma=monoamine
btw-stem=monoamin
bfr-word=e.g.
bfr-lemma=e.g.
bfr-stem=e.g.
aft-word=e.g.
aft-lemma=e.g.
aft-stem=e.g.
btw-word=blood
btw-lemma=blood
btw-stem=blood
aft-neg=to
btw-word=is
btw-stem=is
aft-neg=on
btw-word=ibuprofen
btw-lemma=ibuprofen
btw-stem=ibuprofen
btw-word=methylphenidate
btw-lemma=methylphenidate
btw-stem=methylphenid
vb-btw-lemma=report
vb-after-rel=cop
btw-stem=inhal
vb-btw-lemma=receive
vb-btw-lemma=contain
btw-word=contraceptives
btw-word=quinidine
btw-lemma=quinidine
btw-stem=quinidin
btw-word=cimetidine
btw-lemma=cimetidine
btw-stem=cimetidin
btw-stem=vaccin
btw-word=methyldopa
btw-lemma=methyldopa
btw-stem=methyldopa
btw-lemma=vaccine
btw-word=metronidazole
btw-lemma=metronidazole
btw-stem=metronidazol
btw-word=mefenamic
btw-lemma=mefenamic
btw-stem=mefenam
btw-word=inhalation
btw-lemma=inhalation
btw-word=disulfiram
btw-lemma=disulfiram
btw-stem=disulfiram
btw-word=miconazole
btw-lemma=miconazole
btw-stem=miconazol
btw-stem=hepatotox
btw-word=virus
btw-lemma=virus
btw-stem=viru
btw-word=hepatotoxic
btw-lemma=hepatotoxic
btw-word=vaccine
btw-word=not
btw-lemma=not
btw-stem=not
vb-after-rel=xcomp
vb-after-lemma=result
btw-word=influenza
btw-lemma=influenza
btw-stem=influenza
btw-stem=narcot
btw-lemma=narcotic
vb-btw-lemma=classify
btw-stem=use
btw-lemma=use
btw-word=nalidixic
btw-lemma=nalidixic
btw-stem=nalidix
btw-word=haloperidol
btw-lemma=haloperidol
btw-stem=haloperidol
btw-stem=element
btw-word=glucagon
btw-lemma=glucagon
btw-stem=glucagon
btw-word=affecting
btw-word=elements
btw-lemma=element
btw-word=fenoprofen
btw-lemma=fenoprofen
btw-stem=fenoprofen
btw-word=oxolinic
btw-lemma=oxolinic
btw-stem=oxolin
btw-stem=salicyl
vb-before-rel=csubj
btw-word=on
btw-lemma=on
btw-stem=on
btw-word=diazepam
btw-lemma=diazepam
btw-stem=diazepam
bfr-word=such
bfr-lemma=such
bfr-stem=such
aft-word=such
aft-lemma=such
aft-stem=such
btw-word=ethacrynic
btw-lemma=ethacrynic
btw-stem=ethacryn
btw-lemma=salicylate
aft-neg=been
btw-word=oxyphenbutazone
btw-lemma=oxyphenbutazone
btw-stem=oxyphenbutazon
bfr-lemma=other
bfr-stem=other
aft-lemma=other
aft-stem=other
btw-word=dietary
btw-lemma=dietary
btw-stem=dietari
btw-word=pentoxifylline
btw-lemma=pentoxifylline
btw-stem=pentoxifyllin
btw-word=deficiencies
btw-lemma=deficiency
btw-stem=defici
btw-lemma=include
btw-stem=includ
bfr-lemma=include
bfr-stem=includ
aft-lemma=include
aft-stem=includ
vb-btw-lemma=occur
aft-neg=significant
vb-btw-lemma=reduce
btw-word=narcotics
vb-btw-rel=case
btw-lemma=antibiotic
btw-stem=antibiot
btw-word=diflunisal
btw-lemma=diflunisal
btw-stem=diflunis
btw-word=antibiotics
btw-word=midazolam
btw-lemma=midazolam
btw-stem=midazolam
btw-word=fluoxetine
btw-lemma=fluoxetine
btw-stem=fluoxetin
btw-word=cyclosporine
btw-lemma=cyclosporine
bfr-tag=RB
aft-tag=RB
btw-word=effects
bfr-word=other
aft-word=other
vb-btw-lemma=enhance
aft-neg=interactions
btw-word=an
btw-stem=an
vb-after-rel=acl:relcl
btw-word=diazoxide
btw-lemma=diazoxide
btw-stem=diazoxid
btw-word=phenyramidol
btw-lemma=phenyramidol
btw-stem=phenyramidol
vb-btw-rel=cop
btw-word=hot
btw-lemma=hot
btw-stem=hot
btw-word=weather
btw-lemma=weather
btw-stem=weather
vb-before-rel=ccomp
vb-btw-lemma=metabolize
aft-neg=effect
btw-stem=patient
btw-lemma=patient
btw-lemma=decrease
btw-stem=decreas
aft-neg=drugs
btw-lemma=theophylline
btw-stem=theophyllin
btw-word=when
btw-lemma=when
btw-stem=when
btw-word=dextrothyroxine
btw-lemma=dextrothyroxine
btw-stem=dextrothyroxin
btw-word=ethosuximide
btw-lemma=ethosuximide
btw-stem=ethosuximid
btw-word=quinine
btw-lemma=quinine
btw-stem=quinin
btw-word=hiv
btw-lemma=hiv
btw-stem=hiv
btw-word=theophylline
aft-neg=is
aft-neg=be
btw-word=dextran
btw-lemma=dextran
btw-stem=dextran
btw-word=increased
btw-lemma=administer
btw-stem=administ
btw-word=carbamazepine
btw-lemma=carbamazepine
btw-stem=carbamazepin
btw-word=that
btw-lemma=that
btw-stem=that
btw-stem=agent
btw-stem=dose
btw-lemma=agent
vb-before-rel=parataxis
aft-neg=studies
btw-word=doxycycline
btw-lemma=doxycycline
btw-stem=doxycyclin
btw-word=are
btw-stem=are
vb-btw-rel=xcomp
btw-word=delavirdine
btw-lemma=delavirdine
btw-stem=delavirdin
btw-word=administered
vb-btw-lemma=do
aft-neg=by
btw-word=levothyroxine
btw-lemma=levothyroxine
btw-stem=levothyroxin
vb-btw-lemma=give
btw-word=agents
bfr-stem=drug
aft-stem=drug
bfr-lemma=drug
aft-lemma=drug
btw-word=pyrazolones
btw-lemma=pyrazolone
btw-stem=pyrazolon
btw-word=salicylates
aft-neg=pharmacokinetics
aft-neg=a
btw-word=nortriptyline
btw-lemma=nortriptyline
btw-stem=nortriptylin
btw-word=lamotrigine
btw-lemma=lamotrigine
btw-stem=lamotrigin
btw-word=dicumarol
btw-lemma=dicumarol
btw-stem=dicumarol
btw-word=atorvastatin
btw-lemma=atorvastatin
btw-stem=atorvastatin
btw-word=effect
btw-word=ranitidine
btw-lemma=ranitidine
btw-stem=ranitidin
btw-word=s
btw-stem=s
vb-btw-lemma=potentiate
btw-word=lorazepam
btw-lemma=lorazepam
btw-stem=lorazepam
btw-lemma=s
btw-word=glucocorticoids
btw-lemma=glucocorticoid
btw-stem=glucocorticoid
btw-word=sporanox
btw-lemma=sporanox
btw-stem=sporanox
btw-word=methadone
btw-lemma=methadone
btw-stem=methadon
bfr-stem=oral
aft-stem=oral
vb-btw-lemma=inhibit
btw-word=cinchophen
btw-lemma=cinchophen
btw-stem=cinchophen
btw-word=classified
btw-lemma=classify
btw-stem=classifi
btw-word=felbamate
btw-lemma=felbamate
btw-stem=felbam
btw-lemma=phenothiazine
btw-stem=phenothiazin
vb-after-lemma=cause
btw-word=patients
bfr-word=oral
bfr-lemma=oral
aft-word=oral
aft-lemma=oral
btw-word=felodipine
btw-lemma=felodipine
btw-stem=felodipin
btw-word=morphine
btw-lemma=morphine
btw-stem=morphin
bfr-lemma=inhibitor
bfr-stem=inhibitor
aft-lemma=inhibitor
aft-stem=inhibitor
btw-word=antifungals
btw-lemma=antifungal
btw-stem=antifung
btw-word=should
btw-lemma=should
btw-stem=should
aft-neg=concomitant
btw-word=chloral
btw-lemma=chloral
btw-stem=chloral
btw-word=hydrate
btw-lemma=hydrate
btw-stem=hydrat
bfr-tag=VBP
aft-tag=VBP
btw-word=been
btw-stem=been
btw-word=mirtazapine
btw-lemma=mirtazapine
btw-stem=mirtazapin
btw-lemma=contain
btw-stem=contain
btw-word=neoral
btw-lemma=neoral
btw-stem=neoral
btw-word=sandimmune
btw-lemma=sandimmune
btw-stem=sandimmun
aft-neg=digoxin
btw-word=atromid
btw-lemma=atromid
btw-stem=atromid
vb-btw-rel=ccomp
btw-lemma=dose
btw-word=nizoral
btw-lemma=nizoral
btw-stem=nizor
btw-word=warfarin
btw-lemma=warfarin
btw-stem=warfarin
btw-word=agenerase
btw-lemma=agenerase
btw-stem=ageneras
btw-word=for
btw-lemma=for
btw-stem=for
bfr-word=inhibitors
aft-word=inhibitors
btw-word=ketoconazole
btw-lemma=ketoconazole
btw-stem=ketoconazol
btw-word=containing
vb-btw-lemma=know
vb-after-lemma=use
btw-word=desipramine
btw-lemma=desipramine
btw-stem=desipramin
btw-word=phenobarbital
btw-lemma=phenobarbital
btw-stem=phenobarbit
btw-word=lipitor
btw-lemma=lipitor
btw-stem=lipitor
btw-word=crixivan
btw-lemma=crixivan
btw-stem=crixivan
vb-after-lemma=decrease
btw-stem=interact
btw-word=olanzapine
btw-lemma=olanzapine
btw-stem=olanzapin
vb-btw-lemma=evaluate
aft-neg=as
aft-neg=were
btw-word=fortovase
btw-lemma=fortovase
btw-stem=fortovas
vb-btw-lemma=show
aft-neg=clinically
btw-word=barbiturates
btw-stem=barbitur
aft-neg=drug
vb-after-lemma=affect
bfr-stem=interact
aft-stem=interact
btw-word=phenothiazines
aft-neg=following
btw-word=invirase
btw-lemma=invirase
btw-stem=inviras
btw-word=including
bfr-tag=VB
aft-tag=VB
vb-after-lemma=administer
btw-word=chymotrypsin
btw-lemma=chymotrypsin
btw-stem=chymotrypsin
btw-lemma=sulfonamide
btw-stem=sulfonamid
btw-stem=estrogen
btw-word=sulfonamides
aft-neg=other
bfr-stem=effect
aft-stem=effect
btw-stem=antihistamin
btw-word=kaletra
btw-lemma=kaletra
btw-stem=kaletra
btw-word=oxcarbazepine
btw-lemma=oxcarbazepine
btw-stem=oxcarbazepin
btw-lemma=estrogen
bfr-lemma=be
aft-lemma=be
btw-word=plasma
btw-lemma=plasma
btw-stem=plasma
btw-word=thyroid
btw-lemma=thyroid
btw-stem=thyroid
btw-lemma=barbiturate
vb-btw-rel=acl:relcl
btw-word=sodium
btw-lemma=sodium
btw-stem=sodium
btw-lemma=level
btw-stem=level
aft-neg=n
btw-word=antihistamines
btw-lemma=antihistamine
vb-btw-lemma=result
btw-word=estrogens
aft-neg=inhibitors
btw-word=gris
btw-lemma=gris
btw-stem=gri
btw-word=peg
btw-lemma=peg
btw-stem=peg
btw-word=norvir
btw-lemma=norvir
btw-stem=norvir
btw-word=increase
btw-stem=medic
btw-lemma=medication
btw-stem=have
aft-neg=warfarin
btw-stem=isoniazid
btw-word=have
btw-stem=chlorpropamid
bfr-word=administration
bfr-lemma=administration
bfr-stem=administr
aft-word=administration
aft-lemma=administration
aft-stem=administr
bfr-lemma=effect
aft-lemma=effect
btw-word=chlorpropamide
btw-lemma=chlorpropamide
btw-word=isoniazid
btw-lemma=isoniazid
btw-word=viracept
btw-lemma=viracept
btw-stem=viracept
btw-stem=depress
bfr-word=drugs
aft-word=drugs
btw-stem=diuret
bfr-lemma=use
bfr-stem=use
aft-lemma=use
aft-stem=use
btw-lemma=erythromycin
btw-stem=erythromycin
btw-word=praziquantel
btw-lemma=praziquantel
btw-stem=praziquantel
btw-word=digoxin
btw-lemma=digoxin
btw-stem=digoxin
vb-after-rel=ccomp
btw-word=risperidone
btw-lemma=risperidone
btw-stem=risperidon
btw-lemma=diuretic
btw-word=erythromycin
aft-neg=administered
btw-word=levels
aft-neg=have
bfr-word=or
bfr-lemma=or
bfr-stem=or
aft-word=or
aft-lemma=or
aft-stem=or
btw-stem=medicin
btw-word=felbatol
btw-lemma=felbatol
btw-stem=felbatol
btw-lemma=medicine
btw-word=was
btw-stem=wa
btw-word=tegretol
btw-lemma=tegretol
btw-stem=tegretol
aft-neg=use
btw-word=clarithromycin
btw-lemma=clarithromycin
btw-stem=clarithromycin
btw-word=sulfinpyrazone
btw-lemma=sulfinpyrazone
btw-stem=sulfinpyrazon
drug2=phenytoin
btw-word=has
btw-stem=ha
btw-word=long
btw-lemma=long
btw-stem=long
btw-word=these
btw-lemma=these
btw-stem=these
btw-lemma=tetracycline
btw-stem=tetracyclin
aft-neg=affect
btw-word=concomitant
btw-lemma=concomitant
btw-stem=concomit
btw-lemma=pharmacokinetic
btw-stem=pharmacokinet
aft-neg=clinical
btw-word=used
btw-stem=blocker
vb-btw-lemma=demonstrate
btw-word=topamax
btw-lemma=topamax
btw-stem=topamax
btw-word=astramorph
btw-lemma=astramorph
btw-stem=astramorph
aft-neg=dosage
vb-btw-lemma=base
btw-lemma=blocker
vb-btw-lemma=need
btw-word=nefazodone
btw-lemma=nefazodone
btw-stem=nefazodon
btw-word=blockers
btw-stem=concentr
btw-word=dose
btw-lemma=day
btw-stem=day
btw-word=diuretics
btw-stem=metabol
btw-word=administration
btw-lemma=administration
btw-stem=administr
bfr-lemma=interaction
aft-lemma=interaction
vb-after-rel=case
btw-stem=potenti
btw-word=acting
btw-stem=act
aft-neg=mg
btw-word=cyclosporin
btw-lemma=cyclosporin
btw-word=quetiapine
btw-lemma=quetiapine
btw-stem=quetiapin
btw-lemma=concentration
btw-stem=alcohol
bfr-word=concomitant
bfr-lemma=concomitant
bfr-stem=concomit
aft-word=concomitant
aft-lemma=concomitant
aft-stem=concomit
bfr-tag=WRB
aft-tag=WRB
btw-lemma=alcohol
aft-neg=patients
btw-word=trileptal
btw-lemma=trileptal
btw-stem=trilept
btw-word=alcohol
vb-after-lemma=reduce
bfr-word=when
bfr-lemma=when
bfr-stem=when
aft-word=when
aft-lemma=when
aft-stem=when
btw-word=medicines
drug1=phenytoin
btw-word=medications
btw-lemma=follow
btw-stem=follow
aft-neg=plasma
btw-word=kadian
btw-lemma=kadian
btw-stem=kadian
aft-neg=adjustment
btw-lemma=acting
vb-btw-lemma=nondepolarize
btw-lemma=enzyme
btw-stem=enzym
btw-lemma=reduce
btw-stem=reduc
bfr-lemma=follow
bfr-stem=follow
aft-lemma=follow
aft-stem=follow
drug2=warfarin
vb-btw-lemma=treat
bfr-word=following
aft-word=following
btw-word=bromelains
btw-lemma=bromelain
btw-stem=bromelain
btw-word=following
btw-stem=activ
btw-lemma=depressant
btw-word=rifampin
btw-lemma=rifampin
btw-stem=rifampin
aft-neg=acid
btw-word=clozapine
btw-lemma=clozapine
btw-stem=clozapin
vb-btw-lemma=lower
btw-lemma=anticonvulsant
btw-stem=anticonvuls
btw-word=decrease
btw-lemma=do
aft-neg=used
btw-word=ms
btw-lemma=ms
btw-stem=ms
btw-word=diclofenac
btw-lemma=diclofenac
btw-stem=diclofenac
btw-lemma=anticholinergic
btw-stem=anticholinerg
btw-word=contin
btw-lemma=contin
btw-stem=contin
btw-lemma=result
btw-stem=result
aft-neg=concomitantly
btw-word=clonazepam
btw-lemma=clonazepam
btw-stem=clonazepam
btw-word=anticonvulsants
btw-word=prednisolone
btw-lemma=prednisolone
btw-stem=prednisolon
btw-word=beta
btw-lemma=beta
btw-stem=beta
vb-btw-lemma=diminish
btw-word=no
btw-lemma=no
btw-stem=no
bfr-word=including
aft-word=including
aft-neg=was
btw-lemma=antidepressant
btw-stem=antidepress
btw-word=coadministration
btw-lemma=coadministration
btw-stem=coadministr
bfr-word=in
bfr-lemma=in
bfr-stem=in
aft-word=in
aft-lemma=in
aft-stem=in
vb-btw-lemma=cause
btw-lemma=report
btw-stem=report
bfr-word=use
aft-word=use
vb-btw-lemma=coadminister
btw-word=cns
btw-lemma=cns
btw-stem=cn
vb-after-lemma=contain
btw-word=magnesium
btw-lemma=magnesium
btw-stem=magnesium
aft-neg=needed
btw-word=fluvoxamine
btw-lemma=fluvoxamine
btw-stem=fluvoxamin
btw-lemma=type
btw-stem=type
btw-stem=inhibit
path=conj>acetazolamide>conj>
aft-neg=blockers
btw-lemma=antacid
btw-stem=antacid
vb-after-lemma=block
btw-stem=concurr
btw-word=were
btw-stem=were
vb-after-lemma=give
btw-word=concomitantly
btw-lemma=concomitantly
btw-stem=concomitantli
btw-word=type
btw-stem=steroid
btw-word=antidepressants
btw-lemma=steroid
aft-neg=significantly
btw-word=sulindac
btw-lemma=sulindac
btw-stem=sulindac
vb-after-lemma=do
bfr-word=include
aft-word=include
btw-lemma=receive
btw-stem=receiv
btw-word=certain
btw-lemma=certain
btw-stem=certain
btw-stem=it
vb-btw-lemma=interfere
btw-word=concentrations
bfr-lemma=a
aft-lemma=a
vb-btw-lemma=perform
btw-word=topiramate
btw-lemma=topiramate
btw-stem=topiram
vb-after-lemma=classify
btw-word=steroids
btw-word=given
btw-lemma=give
btw-stem=given
drug1=alcohol
btw-stem=respons
vb-btw-lemma=suggest
btw-lemma=take
bfr-word=alcohol
bfr-lemma=alcohol
bfr-stem=alcohol
aft-word=alcohol
aft-lemma=alcohol
aft-stem=alcohol
aft-neg=when
drug1=ketoconazole
bfr-word=that
bfr-lemma=that
bfr-stem=that
aft-word=that
aft-lemma=that
aft-stem=that
vb-btw-lemma=control
bfr-stem=acid
aft-stem=acid
btw-word=tolbutamide
btw-lemma=tolbutamide
btw-stem=tolbutamid
btw-word=citalopram
