btw-tag=NN
btw-tag=NNS
btw-tag=JJ
btw-tag=IN
bfr-tag=NN
aft-tag=NN
vb-before-tag=VBN
btw-tag=NNP
entities-type=drug-drug
btw-tag=CC
vb-before-lemma=be
vb-before-tag=VBP
vb-before-tag=VB
vb-after-tag=VBN
vb-before-tag=VBG
vb-before-rel=amod
mechanism-verb-between=true
effect-verb-between=true
btw-tag=DT
btw-word=and
btw-lemma=and
btw-stem=and
bfr-tag=IN
aft-tag=IN
vb-btw-tag=VBN
btw-tag=VBN
vb-before-rel=ROOT
vb-before-rel=aux:pass
bfr-tag=NNS
aft-tag=NNS
btw-word=of
btw-lemma=of
btw-stem=of
vb-after-tag=VB
int-verb-between=true
vb-after-lemma=be
bfr-tag=JJ
aft-tag=JJ
btw-word=the
btw-lemma=the
btw-stem=the
vb-before-stem=are
vb-before-rel=aux
vb-before-rel=dep
vb-before-lemma=follow
vb-before-stem=follow
vb-after-rel=aux:pass
vb-btw-tag=VB
btw-tag=VB
vb-before-lemma=have
vb-after-rel=amod
vb-before-tag=VBD
vb-btw-lemma=be
btw-lemma=be
btw-tag=RB
vb-before-lemma=increase
vb-before-stem=increas
btw-word=with
btw-lemma=with
btw-stem=with
aft-neg=of
vb-btw-tag=VBG
btw-tag=VBG
vb-before-stem=have
vb-before-lemma=include
vb-before-stem=includ
bfr-word=of
bfr-lemma=of
bfr-stem=of
aft-word=of
aft-lemma=of
aft-stem=of
vb-after-tag=VBG
entities-type=group-drug
btw-lemma=drug
btw-stem=drug
vb-btw-rel=amod
btw-stem=acid
btw-lemma=acid
btw-word=acid
vb-before-rel=acl:relcl
vb-btw-rel=aux:pass
btw-word=drugs
vb-after-rel=ROOT
btw-word=or
btw-lemma=or
btw-stem=or
vb-before-rel=conj
neg=not
vb-btw-rel=ROOT
aft-neg=the
vb-before-rel=cop
btw-tag=MD
entities-type=group-group
entities-type=drug-group
btw-tag=FW
btw-lemma=inhibitor
btw-stem=inhibitor
bfr-tag=NNP
aft-tag=NNP
vb-before-tag=VBZ
btw-word=inhibitors
btw-word=in
btw-lemma=in
btw-stem=in
vb-before-stem=been
vb-after-rel=conj
path=
aft-neg=with
vb-before-rel=advcl
btw-lemma=a
vb-after-tag=VBD
vb-before-rel=acl
vb-btw-tag=VBZ
btw-tag=VBZ
btw-word=e.g.
btw-lemma=e.g.
btw-stem=e.g.
vb-after-tag=VBZ
btw-word=as
btw-lemma=as
btw-stem=as
vb-after-rel=dep
vb-btw-rel=conj
vb-btw-tag=VBD
btw-tag=VBD
btw-word=to
btw-lemma=to
btw-stem=to
vb-after-stem=be
aft-neg=in
btw-lemma=other
btw-stem=other
bfr-tag=CC
aft-tag=CC
neg=no
btw-word=may
btw-lemma=may
btw-stem=may
aft-neg=or
vb-before-rel=xcomp
btw-lemma=phenytoin
btw-stem=phenytoin
btw-word=phenytoin
bfr-tag=DT
aft-tag=DT
vb-after-rel=acl
aft-neg=and
vb-btw-tag=VBP
btw-tag=VBP
btw-word=other
vb-before-lemma=interact
vb-before-stem=interact
vb-after-lemma=prolong
vb-after-stem=prolong
vb-btw-rel=dep
btw-stem=oral
vb-btw-rel=acl
vb-after-tag=VBP
vb-before-stem=is
vb-before-lemma=decrease
vb-before-stem=decreas
btw-word=oral
btw-lemma=oral
btw-stem=a
btw-word=a
vb-after-rel=parataxis
bfr-word=with
bfr-lemma=with
bfr-stem=with
aft-word=with
aft-lemma=with
aft-stem=with
bfr-tag=VBG
aft-tag=VBG
vb-after-lemma=have
vb-after-rel=aux
bfr-tag=VBN
aft-tag=VBN
vb-before-rel=case
entities-type=brand-drug
vb-before-lemma=expect
vb-before-stem=expect
btw-stem=effect
vb-before-lemma=find
vb-before-stem=found
vb-before-rel=parataxis
vb-after-lemma=increase
vb-after-stem=increas
btw-stem=increas
btw-lemma=increase
vb-before-stem=be
btw-lemma=effect
bfr-tag=FW
aft-tag=FW
bfr-word=and
bfr-lemma=and
bfr-stem=and
aft-word=and
aft-lemma=and
aft-stem=and
vb-after-rel=advcl
vb-before-lemma=alter
vb-before-stem=alter
vb-btw-rel=parataxis
btw-stem=agent
btw-lemma=agent
btw-word=agents
vb-btw-rel=advcl
path=conj>parataxis>dep>drug>conj>parataxis>dep>
vb-btw-rel=aux
advise-verb-between=true
btw-stem=prolong
vb-btw-stem=be
btw-stem=be
btw-word=such
btw-lemma=such
btw-stem=such
bfr-word=the
bfr-lemma=the
bfr-stem=the
aft-word=the
aft-lemma=the
aft-stem=the
vb-btw-lemma=prolong
vb-btw-stem=prolong
btw-lemma=prolong
btw-word=be
btw-word=prolonged
bfr-word=as
bfr-lemma=as
bfr-stem=as
aft-word=as
aft-lemma=as
aft-stem=as
vb-btw-lemma=have
btw-lemma=have
btw-word=clofibrate
btw-lemma=clofibrate
btw-stem=clofibr
btw-word=by
btw-lemma=by
btw-stem=by
entities-type=drug-brand
btw-word=protease
btw-lemma=protease
btw-stem=proteas
btw-word=phenylbutazone
btw-lemma=phenylbutazone
btw-stem=phenylbutazon
vb-btw-lemma=increase
vb-btw-stem=increas
vb-btw-stem=is
btw-word=is
btw-stem=is
vb-before-lemma=take
vb-after-stem=is
btw-stem=anesthet
btw-word=anesthetics
vb-before-lemma=use
vb-before-stem=use
aft-neg=to
bfr-word=e.g.
bfr-lemma=e.g.
bfr-stem=e.g.
aft-word=e.g.
aft-lemma=e.g.
aft-stem=e.g.
btw-lemma=anesthetic
btw-word=mg
btw-lemma=mg
btw-stem=mg
aft-neg=on
vb-after-lemma=result
vb-after-stem=result
vb-after-stem=been
btw-stem=cyclosporin
btw-stem=contracept
btw-lemma=contraceptive
btw-word=naproxen
btw-lemma=naproxen
btw-stem=naproxen
btw-lemma=affect
btw-stem=affect
vb-btw-lemma=affect
vb-btw-stem=affect
vb-before-stem=take
path=conj>acetaminophen>conj>
vb-btw-lemma=contain
vb-btw-stem=contain
btw-lemma=contain
btw-stem=contain
btw-word=quinidine
btw-lemma=quinidine
btw-stem=quinidin
btw-word=indomethacin
btw-lemma=indomethacin
btw-stem=indomethacin
btw-word=containing
btw-word=diazepam
btw-lemma=diazepam
btw-stem=diazepam
btw-word=not
btw-lemma=not
btw-stem=not
btw-word=itraconazole
btw-lemma=itraconazole
btw-stem=itraconazol
vb-before-stem=were
vb-after-rel=cop
btw-lemma=oxidase
btw-stem=oxidas
btw-word=oxidase
btw-word=monoamine
btw-lemma=monoamine
btw-stem=monoamin
btw-stem=use
btw-lemma=use
btw-word=blood
btw-lemma=blood
btw-stem=blood
btw-word=ibuprofen
btw-lemma=ibuprofen
btw-stem=ibuprofen
btw-word=cimetidine
btw-lemma=cimetidine
btw-stem=cimetidin
btw-word=glucocorticoids
btw-lemma=glucocorticoid
btw-stem=glucocorticoid
vb-after-rel=xcomp
btw-word=methylphenidate
btw-lemma=methylphenidate
btw-stem=methylphenid
btw-tag=TO
btw-word=mefenamic
btw-lemma=mefenamic
btw-stem=mefenam
btw-word=on
btw-lemma=on
btw-stem=on
btw-word=carbamazepine
btw-lemma=carbamazepine
btw-stem=carbamazepin
vb-btw-rel=case
aft-neg=be
aft-neg=effect
btw-word=metronidazole
btw-lemma=metronidazole
btw-stem=metronidazol
btw-stem=inhal
btw-word=contraceptives
bfr-word=such
bfr-lemma=such
bfr-stem=such
aft-word=such
aft-lemma=such
aft-stem=such
vb-after-stem=have
vb-before-lemma=affect
vb-before-stem=affect
btw-word=disulfiram
btw-lemma=disulfiram
btw-stem=disulfiram
btw-stem=patient
btw-lemma=patient
btw-word=methyldopa
btw-lemma=methyldopa
btw-stem=methyldopa
btw-stem=narcot
btw-lemma=narcotic
bfr-tag=RB
aft-tag=RB
entities-type=brand-brand
btw-stem=includ
btw-word=phenobarbital
btw-lemma=phenobarbital
btw-stem=phenobarbit
aft-neg=been
aft-neg=drugs
btw-stem=vaccin
aft-neg=a
aft-neg=is
bfr-lemma=other
bfr-stem=other
aft-lemma=other
aft-stem=other
btw-lemma=decrease
btw-stem=decreas
aft-neg=interactions
btw-word=inhalation
btw-lemma=inhalation
btw-word=miconazole
btw-lemma=miconazole
btw-stem=miconazol
btw-lemma=vaccine
btw-word=that
btw-lemma=that
btw-stem=that
bfr-stem=includ
aft-stem=includ
btw-word=effects
bfr-lemma=include
aft-lemma=include
btw-stem=hepatotox
btw-word=virus
btw-lemma=virus
btw-stem=viru
btw-word=hepatotoxic
btw-lemma=hepatotoxic
btw-word=an
btw-stem=an
btw-word=vaccine
btw-tag=WRB
vb-btw-rel=cop
vb-btw-lemma=include
vb-btw-stem=includ
btw-lemma=include
aft-neg=significant
bfr-word=other
aft-word=other
vb-after-rel=acl:relcl
btw-word=chloral
btw-lemma=chloral
btw-stem=chloral
btw-word=hydrate
btw-lemma=hydrate
btw-stem=hydrat
btw-word=when
btw-lemma=when
btw-stem=when
btw-word=influenza
btw-lemma=influenza
btw-stem=influenza
btw-stem=salicyl
vb-btw-lemma=administer
vb-btw-stem=administ
btw-lemma=administer
btw-stem=administ
btw-word=nalidixic
btw-lemma=nalidixic
btw-stem=nalidix
btw-word=haloperidol
btw-lemma=haloperidol
btw-stem=haloperidol
btw-lemma=salicylate
btw-stem=element
btw-word=glucagon
btw-lemma=glucagon
btw-stem=glucagon
vb-before-stem=wa
bfr-stem=drug
aft-stem=drug
bfr-lemma=drug
aft-lemma=drug
btw-word=elements
btw-lemma=element
btw-word=administered
btw-lemma=antibiotic
btw-stem=antibiot
vb-before-rel=csubj
btw-word=affecting
btw-word=antibiotics
btw-word=fenoprofen
btw-lemma=fenoprofen
btw-stem=fenoprofen
vb-before-lemma=administer
vb-before-stem=administ
vb-before-lemma=report
vb-before-stem=report
btw-word=oxolinic
btw-lemma=oxolinic
btw-stem=oxolin
aft-neg=pharmacokinetics
btw-word=patients
btw-word=for
btw-lemma=for
btw-stem=for
btw-stem=dose
vb-before-rel=ccomp
btw-word=should
btw-lemma=should
btw-stem=should
aft-neg=by
btw-word=ethacrynic
btw-lemma=ethacrynic
btw-stem=ethacryn
btw-word=oxyphenbutazone
btw-lemma=oxyphenbutazone
btw-stem=oxyphenbutazon
btw-word=effect
vb-after-stem=ha
btw-word=fluoxetine
btw-lemma=fluoxetine
btw-stem=fluoxetin
btw-word=midazolam
btw-lemma=midazolam
btw-stem=midazolam
btw-word=cyclosporine
btw-lemma=cyclosporine
btw-word=dietary
btw-lemma=dietary
btw-stem=dietari
vb-btw-rel=xcomp
btw-lemma=theophylline
btw-stem=theophyllin
btw-word=pentoxifylline
btw-lemma=pentoxifylline
btw-stem=pentoxifyllin
btw-word=deficiencies
btw-lemma=deficiency
btw-stem=defici
vb-btw-stem=are
btw-word=are
btw-stem=are
btw-lemma=enzyme
btw-stem=enzym
btw-word=narcotics
btw-word=theophylline
btw-word=diflunisal
btw-lemma=diflunisal
btw-stem=diflunis
vb-before-lemma=relate
vb-before-stem=relat
btw-stem=phenothiazin
btw-word=increase
aft-neg=as
vb-before-lemma=occur
vb-before-stem=occur
btw-stem=estrogen
btw-word=increased
bfr-lemma=inhibitor
bfr-stem=inhibitor
aft-lemma=inhibitor
aft-stem=inhibitor
btw-lemma=estrogen
vb-before-lemma=contain
vb-before-stem=contain
btw-word=quinine
btw-lemma=quinine
btw-stem=quinin
vb-before-lemma=receive
vb-before-stem=receiv
btw-word=ranitidine
btw-lemma=ranitidine
btw-stem=ranitidin
btw-lemma=phenothiazine
btw-word=diazoxide
btw-lemma=diazoxide
btw-stem=diazoxid
btw-word=phenyramidol
btw-lemma=phenyramidol
btw-stem=phenyramidol
vb-btw-lemma=use
vb-btw-stem=use
vb-btw-stem=been
btw-word=been
btw-stem=been
bfr-tag=VBP
aft-tag=VBP
btw-word=hot
btw-lemma=hot
btw-stem=hot
btw-word=weather
btw-lemma=weather
btw-stem=weather
vb-after-lemma=decrease
vb-after-stem=decreas
btw-lemma=dose
btw-word=nortriptyline
btw-lemma=nortriptyline
btw-stem=nortriptylin
vb-after-lemma=use
vb-after-stem=use
vb-after-lemma=contain
vb-after-stem=contain
bfr-stem=oral
aft-stem=oral
vb-after-lemma=cause
vb-after-stem=caus
vb-btw-lemma=decrease
vb-btw-stem=decreas
bfr-stem=effect
aft-stem=effect
vb-btw-rel=ccomp
btw-word=dextrothyroxine
btw-lemma=dextrothyroxine
btw-stem=dextrothyroxin
btw-word=ethosuximide
btw-lemma=ethosuximide
btw-stem=ethosuximid
bfr-word=oral
bfr-lemma=oral
aft-word=oral
aft-lemma=oral
bfr-lemma=be
aft-lemma=be
bfr-word=inhibitors
aft-word=inhibitors
btw-word=hiv
btw-lemma=hiv
btw-stem=hiv
btw-word=dextran
btw-lemma=dextran
btw-stem=dextran
btw-stem=iodin
btw-stem=interact
btw-word=methadone
btw-lemma=methadone
btw-stem=methadon
btw-word=salicylates
vb-before-lemma=enhance
vb-before-stem=enhanc
vb-after-stem=wa
aft-neg=studies
vb-after-lemma=administer
vb-after-stem=administ
btw-word=enzyme
btw-word=including
vb-after-rel=case
btw-stem=induc
aft-neg=clinically
bfr-stem=interact
aft-stem=interact
btw-word=doxycycline
btw-lemma=doxycycline
btw-stem=doxycyclin
aft-neg=digoxin
btw-word=levothyroxine
btw-lemma=levothyroxine
btw-stem=levothyroxin
bfr-word=drugs
aft-word=drugs
btw-word=delavirdine
btw-lemma=delavirdine
btw-stem=delavirdin
btw-word=phenothiazines
btw-word=plasma
btw-lemma=plasma
btw-stem=plasma
bfr-tag=VB
aft-tag=VB
vb-btw-stem=have
btw-stem=have
btw-word=dopamine
btw-lemma=dopamine
btw-stem=dopamin
btw-word=have
btw-word=estrogens
bfr-lemma=effect
aft-lemma=effect
vb-after-lemma=affect
vb-after-stem=affect
btw-word=pyrazolones
btw-lemma=pyrazolone
btw-stem=pyrazolon
vb-btw-rel=acl:relcl
btw-word=warfarin
btw-lemma=warfarin
btw-stem=warfarin
btw-word=lamotrigine
btw-lemma=lamotrigine
btw-stem=lamotrigin
vb-after-stem=were
btw-word=dicumarol
btw-lemma=dicumarol
btw-stem=dicumarol
vb-after-rel=ccomp
btw-stem=antihistamin
btw-word=lorazepam
btw-lemma=lorazepam
btw-stem=lorazepam
btw-word=felbamate
btw-lemma=felbamate
btw-stem=felbam
btw-word=atorvastatin
btw-lemma=atorvastatin
btw-stem=atorvastatin
btw-lemma=lithium
btw-stem=lithium
btw-word=lithium
btw-tag=WDT
btw-word=s
btw-stem=s
btw-stem=potenti
btw-word=antihistamines
btw-lemma=s
btw-word=felodipine
btw-lemma=felodipine
btw-stem=felodipin
drug2=phenytoin
btw-lemma=antihistamine
aft-neg=administered
btw-word=sporanox
btw-lemma=sporanox
btw-stem=sporanox
btw-lemma=level
btw-stem=level
btw-word=ketoconazole
btw-lemma=ketoconazole
btw-stem=ketoconazol
aft-neg=drug
aft-neg=have
btw-stem=isoniazid
btw-tag=CD
entities-type=brand-group
btw-lemma=antifungal
btw-stem=antifung
btw-word=barbiturates
btw-stem=barbitur
btw-word=cinchophen
btw-lemma=cinchophen
btw-stem=cinchophen
vb-btw-lemma=classify
vb-btw-stem=classifi
btw-word=classified
btw-lemma=classify
btw-stem=classifi
btw-word=isoniazid
btw-lemma=isoniazid
btw-stem=concentr
btw-lemma=sulfonamide
btw-stem=sulfonamid
btw-word=sulfonamides
bfr-word=administration
bfr-lemma=administration
bfr-stem=administr
aft-word=administration
aft-lemma=administration
aft-stem=administr
aft-neg=warfarin
btw-word=rifampin
btw-lemma=rifampin
btw-stem=rifampin
aft-neg=concomitant
btw-stem=diuret
btw-word=morphine
btw-lemma=morphine
btw-stem=morphin
aft-neg=affect
btw-lemma=concentration
aft-neg=following
bfr-word=or
bfr-lemma=or
bfr-stem=or
aft-word=or
aft-lemma=or
aft-stem=or
vb-before-lemma=evaluate
vb-before-stem=evalu
btw-word=antifungals
vb-before-lemma=metabolize
vb-before-stem=metabol
btw-word=mirtazapine
btw-lemma=mirtazapine
btw-stem=mirtazapin
vb-before-lemma=reduce
vb-before-stem=reduc
btw-word=desipramine
btw-lemma=desipramine
btw-stem=desipramin
btw-word=neoral
btw-lemma=neoral
btw-stem=neoral
aft-neg=other
btw-lemma=diuretic
btw-word=sandimmune
btw-lemma=sandimmune
btw-stem=sandimmun
vb-btw-stem=wa
btw-word=was
btw-stem=wa
btw-word=atromid
btw-lemma=atromid
btw-stem=atromid
btw-word=nizoral
btw-lemma=nizoral
btw-stem=nizor
btw-word=agenerase
btw-lemma=agenerase
btw-stem=ageneras
btw-word=used
entities-type=group-brand
vb-after-stem=are
btw-word=lipitor
btw-lemma=lipitor
btw-stem=lipitor
btw-word=crixivan
btw-lemma=crixivan
btw-stem=crixivan
btw-word=olanzapine
btw-lemma=olanzapine
btw-stem=olanzapin
btw-word=thyroid
btw-lemma=thyroid
btw-stem=thyroid
aft-neg=were
btw-word=fortovase
btw-lemma=fortovase
btw-stem=fortovas
btw-word=levels
btw-lemma=barbiturate
btw-lemma=pharmacokinetic
btw-stem=pharmacokinet
btw-word=sodium
btw-lemma=sodium
btw-stem=sodium
btw-word=concomitant
btw-lemma=concomitant
btw-stem=concomit
bfr-lemma=use
bfr-stem=use
aft-lemma=use
aft-stem=use
vb-after-lemma=reduce
vb-after-stem=reduc
btw-word=administration
btw-lemma=administration
btw-stem=administr
vb-btw-stem=ha
btw-word=has
btw-stem=ha
btw-word=invirase
btw-lemma=invirase
btw-stem=inviras
btw-word=digoxin
btw-lemma=digoxin
btw-stem=digoxin
vb-btw-lemma=reduce
vb-btw-stem=reduc
btw-lemma=reduce
btw-stem=reduc
btw-word=diuretics
bfr-lemma=interaction
aft-lemma=interaction
btw-stem=metabol
drug1=phenytoin
btw-stem=depress
btw-word=chymotrypsin
btw-lemma=chymotrypsin
btw-stem=chymotrypsin
btw-word=decrease
btw-word=kaletra
btw-lemma=kaletra
btw-stem=kaletra
btw-word=oxcarbazepine
btw-lemma=oxcarbazepine
btw-stem=oxcarbazepin
aft-neg=inhibitors
bfr-tag=WRB
aft-tag=WRB
aft-neg=n
bfr-word=concomitant
bfr-lemma=concomitant
bfr-stem=concomit
aft-word=concomitant
aft-lemma=concomitant
aft-stem=concomit
btw-word=felbatol
btw-lemma=felbatol
btw-stem=felbatol
btw-stem=block
btw-word=dose
btw-lemma=erythromycin
btw-stem=erythromycin
btw-lemma=day
btw-stem=day
btw-stem=blocker
bfr-word=when
bfr-lemma=when
bfr-stem=when
aft-word=when
aft-lemma=when
aft-stem=when
btw-lemma=blocker
btw-word=erythromycin
btw-word=gris
btw-lemma=gris
btw-stem=gri
btw-word=peg
btw-lemma=peg
btw-stem=peg
btw-word=norvir
btw-lemma=norvir
btw-stem=norvir
btw-word=viracept
btw-lemma=viracept
btw-stem=viracept
aft-neg=was
btw-word=blockers
btw-stem=chlorpropamid
vb-before-lemma=inhibit
vb-before-stem=inhibit
btw-word=chlorpropamide
btw-lemma=chlorpropamide
btw-lemma=result
btw-stem=result
btw-stem=medic
btw-word=these
btw-lemma=these
btw-stem=these
btw-lemma=medication
btw-lemma=inducer
vb-before-lemma=know
vb-before-stem=known
vb-before-stem=ha
btw-word=clarithromycin
btw-lemma=clarithromycin
btw-stem=clarithromycin
vb-btw-lemma=do
btw-lemma=do
aft-neg=plasma
btw-word=sulfinpyrazone
btw-lemma=sulfinpyrazone
btw-stem=sulfinpyrazon
btw-stem=activ
vb-before-lemma=base
vb-before-stem=base
btw-lemma=antacid
btw-stem=antacid
btw-word=amiodarone
btw-lemma=amiodarone
btw-stem=amiodaron
vb-after-lemma=do
btw-word=praziquantel
btw-lemma=praziquantel
btw-stem=praziquantel
drug2=warfarin
btw-stem=hepat
btw-word=no
btw-lemma=no
btw-stem=no
btw-word=hepatic
btw-lemma=hepatic
path=conj>obj>include>conj>obj>
btw-word=magnesium
btw-lemma=magnesium
btw-stem=magnesium
btw-word=anabolic
btw-lemma=anabolic
btw-stem=anabol
btw-word=risperidone
btw-lemma=risperidone
btw-stem=risperidon
vb-btw-lemma=receive
vb-btw-stem=receiv
btw-lemma=receive
btw-stem=receiv
vb-before-lemma=lower
vb-before-stem=lower
btw-word=inducers
aft-neg=use
aft-neg=clinical
btw-word=blocking
btw-lemma=tetracycline
btw-stem=tetracyclin
vb-before-lemma=tell
vb-before-stem=tell
vb-btw-lemma=follow
vb-btw-stem=follow
btw-lemma=follow
btw-stem=follow
aft-neg=such
vb-btw-lemma=result
vb-btw-stem=result
btw-stem=medicin
bfr-word=in
bfr-lemma=in
bfr-stem=in
aft-word=in
aft-lemma=in
aft-stem=in
bfr-word=including
aft-word=including
bfr-stem=acid
aft-stem=acid
btw-lemma=medicine
vb-btw-stem=were
btw-word=were
btw-stem=were
bfr-stem=agent
aft-stem=agent
aft-neg=mg
btw-word=tegretol
btw-lemma=tegretol
btw-stem=tegretol
btw-word=concentrations
vb-before-lemma=show
aft-neg=patients
bfr-word=agents
aft-word=agents
btw-stem=it
bfr-lemma=acid
aft-lemma=acid
btw-stem=alcohol
btw-word=following
vb-after-lemma=give
btw-stem=inhibit
bfr-lemma=agent
aft-lemma=agent
