DDI-DrugBank.d747.s0|DDI-DrugBank.d747.s0.e0|DDI-DrugBank.d747.s0.e2|effect
DDI-DrugBank.d747.s0|DDI-DrugBank.d747.s0.e1|DDI-DrugBank.d747.s0.e2|effect
DDI-DrugBank.d66.s2|DDI-DrugBank.d66.s2.e0|DDI-DrugBank.d66.s2.e3|effect
DDI-DrugBank.d66.s2|DDI-DrugBank.d66.s2.e1|DDI-DrugBank.d66.s2.e3|effect
DDI-DrugBank.d66.s2|DDI-DrugBank.d66.s2.e2|DDI-DrugBank.d66.s2.e3|effect
DDI-DrugBank.d66.s5|DDI-DrugBank.d66.s5.e0|DDI-DrugBank.d66.s5.e2|effect
DDI-DrugBank.d66.s5|DDI-DrugBank.d66.s5.e1|DDI-DrugBank.d66.s5.e2|effect
DDI-DrugBank.d66.s7|DDI-DrugBank.d66.s7.e0|DDI-DrugBank.d66.s7.e3|effect
DDI-DrugBank.d66.s7|DDI-DrugBank.d66.s7.e1|DDI-DrugBank.d66.s7.e3|effect
DDI-DrugBank.d66.s7|DDI-DrugBank.d66.s7.e2|DDI-DrugBank.d66.s7.e3|effect
DDI-DrugBank.d189.s0|DDI-DrugBank.d189.s0.e0|DDI-DrugBank.d189.s0.e1|int
DDI-DrugBank.d189.s0|DDI-DrugBank.d189.s0.e0|DDI-DrugBank.d189.s0.e2|int
DDI-DrugBank.d189.s0|DDI-DrugBank.d189.s0.e0|DDI-DrugBank.d189.s0.e3|int
DDI-DrugBank.d189.s0|DDI-DrugBank.d189.s0.e0|DDI-DrugBank.d189.s0.e4|int
DDI-DrugBank.d189.s0|DDI-DrugBank.d189.s0.e0|DDI-DrugBank.d189.s0.e5|int
DDI-DrugBank.d189.s0|DDI-DrugBank.d189.s0.e0|DDI-DrugBank.d189.s0.e6|int
DDI-DrugBank.d189.s0|DDI-DrugBank.d189.s0.e0|DDI-DrugBank.d189.s0.e7|int
DDI-DrugBank.d189.s0|DDI-DrugBank.d189.s0.e0|DDI-DrugBank.d189.s0.e8|int
DDI-DrugBank.d189.s0|DDI-DrugBank.d189.s0.e0|DDI-DrugBank.d189.s0.e9|int
DDI-DrugBank.d276.s3|DDI-DrugBank.d276.s3.e0|DDI-DrugBank.d276.s3.e1|effect
DDI-DrugBank.d774.s0|DDI-DrugBank.d774.s0.e0|DDI-DrugBank.d774.s0.e1|int
DDI-DrugBank.d774.s0|DDI-DrugBank.d774.s0.e0|DDI-DrugBank.d774.s0.e2|int
DDI-DrugBank.d529.s14|DDI-DrugBank.d529.s14.e0|DDI-DrugBank.d529.s14.e3|int
DDI-DrugBank.d529.s14|DDI-DrugBank.d529.s14.e1|DDI-DrugBank.d529.s14.e3|int
DDI-DrugBank.d529.s14|DDI-DrugBank.d529.s14.e2|DDI-DrugBank.d529.s14.e3|int
DDI-DrugBank.d529.s16|DDI-DrugBank.d529.s16.e0|DDI-DrugBank.d529.s16.e1|int
DDI-DrugBank.d529.s16|DDI-DrugBank.d529.s16.e0|DDI-DrugBank.d529.s16.e2|int
DDI-MedLine.d81.s3|DDI-MedLine.d81.s3.e0|DDI-MedLine.d81.s3.e1|mechanism
DDI-DrugBank.d11.s0|DDI-DrugBank.d11.s0.e0|DDI-DrugBank.d11.s0.e2|advise
DDI-DrugBank.d11.s0|DDI-DrugBank.d11.s0.e0|DDI-DrugBank.d11.s0.e3|advise
DDI-DrugBank.d11.s0|DDI-DrugBank.d11.s0.e0|DDI-DrugBank.d11.s0.e4|advise
DDI-DrugBank.d11.s0|DDI-DrugBank.d11.s0.e1|DDI-DrugBank.d11.s0.e2|advise
DDI-DrugBank.d11.s0|DDI-DrugBank.d11.s0.e1|DDI-DrugBank.d11.s0.e3|advise
DDI-DrugBank.d11.s0|DDI-DrugBank.d11.s0.e1|DDI-DrugBank.d11.s0.e4|advise
DDI-DrugBank.d499.s3|DDI-DrugBank.d499.s3.e0|DDI-DrugBank.d499.s3.e3|int
DDI-DrugBank.d499.s3|DDI-DrugBank.d499.s3.e0|DDI-DrugBank.d499.s3.e4|int
DDI-DrugBank.d499.s3|DDI-DrugBank.d499.s3.e1|DDI-DrugBank.d499.s3.e3|int
DDI-DrugBank.d499.s3|DDI-DrugBank.d499.s3.e1|DDI-DrugBank.d499.s3.e4|int
DDI-DrugBank.d499.s3|DDI-DrugBank.d499.s3.e2|DDI-DrugBank.d499.s3.e3|int
DDI-DrugBank.d499.s3|DDI-DrugBank.d499.s3.e2|DDI-DrugBank.d499.s3.e4|int
DDI-DrugBank.d499.s6|DDI-DrugBank.d499.s6.e0|DDI-DrugBank.d499.s6.e1|mechanism
DDI-DrugBank.d499.s6|DDI-DrugBank.d499.s6.e0|DDI-DrugBank.d499.s6.e2|mechanism
DDI-DrugBank.d499.s6|DDI-DrugBank.d499.s6.e0|DDI-DrugBank.d499.s6.e3|mechanism
DDI-DrugBank.d499.s6|DDI-DrugBank.d499.s6.e0|DDI-DrugBank.d499.s6.e4|mechanism
DDI-DrugBank.d499.s6|DDI-DrugBank.d499.s6.e1|DDI-DrugBank.d499.s6.e2|mechanism
DDI-DrugBank.d499.s6|DDI-DrugBank.d499.s6.e1|DDI-DrugBank.d499.s6.e3|mechanism
DDI-DrugBank.d499.s6|DDI-DrugBank.d499.s6.e1|DDI-DrugBank.d499.s6.e4|mechanism
DDI-DrugBank.d499.s15|DDI-DrugBank.d499.s15.e0|DDI-DrugBank.d499.s15.e2|int
DDI-DrugBank.d499.s15|DDI-DrugBank.d499.s15.e1|DDI-DrugBank.d499.s15.e2|int
DDI-DrugBank.d499.s24|DDI-DrugBank.d499.s24.e0|DDI-DrugBank.d499.s24.e2|mechanism
DDI-DrugBank.d499.s24|DDI-DrugBank.d499.s24.e1|DDI-DrugBank.d499.s24.e2|mechanism
DDI-DrugBank.d415.s6|DDI-DrugBank.d415.s6.e0|DDI-DrugBank.d415.s6.e1|effect
DDI-DrugBank.d415.s9|DDI-DrugBank.d415.s9.e0|DDI-DrugBank.d415.s9.e2|effect
DDI-DrugBank.d415.s9|DDI-DrugBank.d415.s9.e0|DDI-DrugBank.d415.s9.e3|effect
DDI-DrugBank.d415.s9|DDI-DrugBank.d415.s9.e1|DDI-DrugBank.d415.s9.e2|effect
DDI-DrugBank.d415.s9|DDI-DrugBank.d415.s9.e1|DDI-DrugBank.d415.s9.e3|effect
DDI-DrugBank.d34.s0|DDI-DrugBank.d34.s0.e0|DDI-DrugBank.d34.s0.e2|int
DDI-DrugBank.d34.s0|DDI-DrugBank.d34.s0.e1|DDI-DrugBank.d34.s0.e2|int
DDI-DrugBank.d405.s1|DDI-DrugBank.d405.s1.e0|DDI-DrugBank.d405.s1.e3|effect
DDI-DrugBank.d405.s1|DDI-DrugBank.d405.s1.e1|DDI-DrugBank.d405.s1.e3|effect
DDI-DrugBank.d405.s1|DDI-DrugBank.d405.s1.e2|DDI-DrugBank.d405.s1.e3|effect
DDI-DrugBank.d172.s6|DDI-DrugBank.d172.s6.e0|DDI-DrugBank.d172.s6.e1|int
DDI-DrugBank.d172.s6|DDI-DrugBank.d172.s6.e0|DDI-DrugBank.d172.s6.e2|int
DDI-DrugBank.d172.s7|DDI-DrugBank.d172.s7.e0|DDI-DrugBank.d172.s7.e2|int
DDI-DrugBank.d172.s7|DDI-DrugBank.d172.s7.e0|DDI-DrugBank.d172.s7.e3|int
DDI-DrugBank.d172.s7|DDI-DrugBank.d172.s7.e1|DDI-DrugBank.d172.s7.e2|int
DDI-DrugBank.d172.s7|DDI-DrugBank.d172.s7.e1|DDI-DrugBank.d172.s7.e3|int
DDI-DrugBank.d172.s11|DDI-DrugBank.d172.s11.e0|DDI-DrugBank.d172.s11.e2|effect
DDI-DrugBank.d172.s11|DDI-DrugBank.d172.s11.e0|DDI-DrugBank.d172.s11.e3|effect
DDI-DrugBank.d172.s11|DDI-DrugBank.d172.s11.e1|DDI-DrugBank.d172.s11.e2|effect
DDI-DrugBank.d172.s11|DDI-DrugBank.d172.s11.e1|DDI-DrugBank.d172.s11.e3|effect
DDI-DrugBank.d172.s14|DDI-DrugBank.d172.s14.e0|DDI-DrugBank.d172.s14.e2|effect
DDI-DrugBank.d172.s14|DDI-DrugBank.d172.s14.e1|DDI-DrugBank.d172.s14.e2|effect
DDI-DrugBank.d172.s16|DDI-DrugBank.d172.s16.e0|DDI-DrugBank.d172.s16.e2|mechanism
DDI-DrugBank.d172.s16|DDI-DrugBank.d172.s16.e1|DDI-DrugBank.d172.s16.e2|mechanism
DDI-DrugBank.d172.s21|DDI-DrugBank.d172.s21.e0|DDI-DrugBank.d172.s21.e1|int
DDI-DrugBank.d172.s21|DDI-DrugBank.d172.s21.e0|DDI-DrugBank.d172.s21.e2|int
DDI-DrugBank.d172.s21|DDI-DrugBank.d172.s21.e0|DDI-DrugBank.d172.s21.e3|int
DDI-DrugBank.d321.s4|DDI-DrugBank.d321.s4.e0|DDI-DrugBank.d321.s4.e2|mechanism
DDI-DrugBank.d321.s4|DDI-DrugBank.d321.s4.e0|DDI-DrugBank.d321.s4.e3|mechanism
DDI-DrugBank.d321.s4|DDI-DrugBank.d321.s4.e1|DDI-DrugBank.d321.s4.e2|mechanism
DDI-DrugBank.d321.s4|DDI-DrugBank.d321.s4.e1|DDI-DrugBank.d321.s4.e3|mechanism
DDI-DrugBank.d527.s3|DDI-DrugBank.d527.s3.e0|DDI-DrugBank.d527.s3.e4|effect
DDI-DrugBank.d527.s3|DDI-DrugBank.d527.s3.e1|DDI-DrugBank.d527.s3.e4|effect
DDI-DrugBank.d527.s3|DDI-DrugBank.d527.s3.e2|DDI-DrugBank.d527.s3.e4|effect
DDI-DrugBank.d527.s3|DDI-DrugBank.d527.s3.e3|DDI-DrugBank.d527.s3.e4|effect
DDI-DrugBank.d506.s6|DDI-DrugBank.d506.s6.e0|DDI-DrugBank.d506.s6.e1|mechanism
DDI-DrugBank.d506.s7|DDI-DrugBank.d506.s7.e0|DDI-DrugBank.d506.s7.e2|effect
DDI-DrugBank.d506.s7|DDI-DrugBank.d506.s7.e1|DDI-DrugBank.d506.s7.e2|effect
DDI-DrugBank.d552.s0|DDI-DrugBank.d552.s0.e0|DDI-DrugBank.d552.s0.e1|advise
DDI-DrugBank.d552.s0|DDI-DrugBank.d552.s0.e0|DDI-DrugBank.d552.s0.e2|advise
DDI-DrugBank.d552.s0|DDI-DrugBank.d552.s0.e0|DDI-DrugBank.d552.s0.e3|advise
DDI-DrugBank.d552.s0|DDI-DrugBank.d552.s0.e0|DDI-DrugBank.d552.s0.e4|advise
DDI-DrugBank.d552.s0|DDI-DrugBank.d552.s0.e0|DDI-DrugBank.d552.s0.e5|advise
DDI-DrugBank.d558.s22|DDI-DrugBank.d558.s22.e0|DDI-DrugBank.d558.s22.e3|effect
DDI-DrugBank.d558.s22|DDI-DrugBank.d558.s22.e1|DDI-DrugBank.d558.s22.e3|effect
DDI-DrugBank.d558.s22|DDI-DrugBank.d558.s22.e2|DDI-DrugBank.d558.s22.e3|effect
DDI-DrugBank.d558.s25|DDI-DrugBank.d558.s25.e0|DDI-DrugBank.d558.s25.e12|effect
DDI-DrugBank.d558.s25|DDI-DrugBank.d558.s25.e1|DDI-DrugBank.d558.s25.e12|effect
DDI-DrugBank.d558.s25|DDI-DrugBank.d558.s25.e2|DDI-DrugBank.d558.s25.e12|effect
DDI-DrugBank.d558.s25|DDI-DrugBank.d558.s25.e3|DDI-DrugBank.d558.s25.e12|effect
DDI-DrugBank.d558.s25|DDI-DrugBank.d558.s25.e4|DDI-DrugBank.d558.s25.e12|effect
DDI-DrugBank.d558.s25|DDI-DrugBank.d558.s25.e5|DDI-DrugBank.d558.s25.e12|effect
DDI-DrugBank.d558.s25|DDI-DrugBank.d558.s25.e6|DDI-DrugBank.d558.s25.e12|effect
DDI-DrugBank.d558.s25|DDI-DrugBank.d558.s25.e7|DDI-DrugBank.d558.s25.e12|effect
DDI-DrugBank.d558.s25|DDI-DrugBank.d558.s25.e8|DDI-DrugBank.d558.s25.e12|effect
DDI-DrugBank.d558.s25|DDI-DrugBank.d558.s25.e9|DDI-DrugBank.d558.s25.e12|effect
DDI-DrugBank.d558.s25|DDI-DrugBank.d558.s25.e10|DDI-DrugBank.d558.s25.e12|effect
DDI-DrugBank.d558.s25|DDI-DrugBank.d558.s25.e11|DDI-DrugBank.d558.s25.e12|mechanism
DDI-DrugBank.d576.s5|DDI-DrugBank.d576.s5.e0|DDI-DrugBank.d576.s5.e1|effect
DDI-DrugBank.d407.s1|DDI-DrugBank.d407.s1.e0|DDI-DrugBank.d407.s1.e1|int
DDI-MedLine.d85.s7|DDI-MedLine.d85.s7.e0|DDI-MedLine.d85.s7.e1|mechanism
DDI-DrugBank.d544.s5|DDI-DrugBank.d544.s5.e0|DDI-DrugBank.d544.s5.e1|mechanism
DDI-DrugBank.d544.s5|DDI-DrugBank.d544.s5.e0|DDI-DrugBank.d544.s5.e2|mechanism
DDI-DrugBank.d544.s5|DDI-DrugBank.d544.s5.e0|DDI-DrugBank.d544.s5.e3|mechanism
DDI-DrugBank.d544.s5|DDI-DrugBank.d544.s5.e0|DDI-DrugBank.d544.s5.e4|mechanism
DDI-DrugBank.d544.s5|DDI-DrugBank.d544.s5.e0|DDI-DrugBank.d544.s5.e5|mechanism
DDI-DrugBank.d12.s5|DDI-DrugBank.d12.s5.e0|DDI-DrugBank.d12.s5.e1|mechanism
DDI-DrugBank.d89.s3|DDI-DrugBank.d89.s3.e0|DDI-DrugBank.d89.s3.e1|effect
DDI-DrugBank.d89.s3|DDI-DrugBank.d89.s3.e0|DDI-DrugBank.d89.s3.e2|effect
DDI-DrugBank.d89.s3|DDI-DrugBank.d89.s3.e0|DDI-DrugBank.d89.s3.e3|effect
DDI-DrugBank.d89.s3|DDI-DrugBank.d89.s3.e0|DDI-DrugBank.d89.s3.e4|effect
DDI-DrugBank.d89.s3|DDI-DrugBank.d89.s3.e0|DDI-DrugBank.d89.s3.e5|effect
DDI-DrugBank.d89.s3|DDI-DrugBank.d89.s3.e0|DDI-DrugBank.d89.s3.e6|effect
DDI-DrugBank.d89.s3|DDI-DrugBank.d89.s3.e0|DDI-DrugBank.d89.s3.e7|effect
DDI-DrugBank.d89.s3|DDI-DrugBank.d89.s3.e1|DDI-DrugBank.d89.s3.e5|effect
DDI-DrugBank.d89.s3|DDI-DrugBank.d89.s3.e1|DDI-DrugBank.d89.s3.e6|effect
DDI-DrugBank.d89.s3|DDI-DrugBank.d89.s3.e1|DDI-DrugBank.d89.s3.e7|effect
DDI-DrugBank.d89.s3|DDI-DrugBank.d89.s3.e2|DDI-DrugBank.d89.s3.e5|effect
DDI-DrugBank.d89.s3|DDI-DrugBank.d89.s3.e2|DDI-DrugBank.d89.s3.e6|effect
DDI-DrugBank.d89.s3|DDI-DrugBank.d89.s3.e2|DDI-DrugBank.d89.s3.e7|effect
DDI-DrugBank.d89.s3|DDI-DrugBank.d89.s3.e3|DDI-DrugBank.d89.s3.e5|effect
DDI-DrugBank.d89.s3|DDI-DrugBank.d89.s3.e3|DDI-DrugBank.d89.s3.e6|effect
DDI-DrugBank.d89.s3|DDI-DrugBank.d89.s3.e3|DDI-DrugBank.d89.s3.e7|effect
DDI-DrugBank.d89.s3|DDI-DrugBank.d89.s3.e4|DDI-DrugBank.d89.s3.e5|effect
DDI-DrugBank.d89.s3|DDI-DrugBank.d89.s3.e4|DDI-DrugBank.d89.s3.e6|effect
DDI-DrugBank.d89.s3|DDI-DrugBank.d89.s3.e4|DDI-DrugBank.d89.s3.e7|effect
DDI-MedLine.d49.s3|DDI-MedLine.d49.s3.e0|DDI-MedLine.d49.s3.e1|int
DDI-DrugBank.d29.s3|DDI-DrugBank.d29.s3.e0|DDI-DrugBank.d29.s3.e1|int
DDI-DrugBank.d29.s3|DDI-DrugBank.d29.s3.e0|DDI-DrugBank.d29.s3.e2|int
DDI-DrugBank.d29.s3|DDI-DrugBank.d29.s3.e0|DDI-DrugBank.d29.s3.e3|int
DDI-DrugBank.d29.s3|DDI-DrugBank.d29.s3.e0|DDI-DrugBank.d29.s3.e4|int
DDI-DrugBank.d29.s3|DDI-DrugBank.d29.s3.e0|DDI-DrugBank.d29.s3.e5|int
DDI-DrugBank.d29.s7|DDI-DrugBank.d29.s7.e0|DDI-DrugBank.d29.s7.e1|int
DDI-DrugBank.d29.s12|DDI-DrugBank.d29.s12.e0|DDI-DrugBank.d29.s12.e1|int
DDI-DrugBank.d29.s12|DDI-DrugBank.d29.s12.e0|DDI-DrugBank.d29.s12.e2|int
DDI-DrugBank.d29.s12|DDI-DrugBank.d29.s12.e0|DDI-DrugBank.d29.s12.e3|int
DDI-DrugBank.d495.s1|DDI-DrugBank.d495.s1.e0|DDI-DrugBank.d495.s1.e1|effect
DDI-DrugBank.d495.s1|DDI-DrugBank.d495.s1.e0|DDI-DrugBank.d495.s1.e2|effect
DDI-DrugBank.d495.s1|DDI-DrugBank.d495.s1.e0|DDI-DrugBank.d495.s1.e3|effect
DDI-DrugBank.d495.s2|DDI-DrugBank.d495.s2.e0|DDI-DrugBank.d495.s2.e3|effect
DDI-DrugBank.d495.s2|DDI-DrugBank.d495.s2.e0|DDI-DrugBank.d495.s2.e4|effect
DDI-DrugBank.d495.s2|DDI-DrugBank.d495.s2.e0|DDI-DrugBank.d495.s2.e5|effect
DDI-DrugBank.d495.s2|DDI-DrugBank.d495.s2.e1|DDI-DrugBank.d495.s2.e3|effect
DDI-DrugBank.d495.s2|DDI-DrugBank.d495.s2.e1|DDI-DrugBank.d495.s2.e4|effect
DDI-DrugBank.d495.s2|DDI-DrugBank.d495.s2.e1|DDI-DrugBank.d495.s2.e5|effect
DDI-DrugBank.d495.s2|DDI-DrugBank.d495.s2.e2|DDI-DrugBank.d495.s2.e3|effect
DDI-DrugBank.d495.s2|DDI-DrugBank.d495.s2.e2|DDI-DrugBank.d495.s2.e4|effect
DDI-DrugBank.d495.s2|DDI-DrugBank.d495.s2.e2|DDI-DrugBank.d495.s2.e5|effect
DDI-DrugBank.d495.s3|DDI-DrugBank.d495.s3.e0|DDI-DrugBank.d495.s3.e1|effect
DDI-DrugBank.d495.s4|DDI-DrugBank.d495.s4.e0|DDI-DrugBank.d495.s4.e1|effect
DDI-DrugBank.d751.s1|DDI-DrugBank.d751.s1.e0|DDI-DrugBank.d751.s1.e3|mechanism
DDI-DrugBank.d751.s1|DDI-DrugBank.d751.s1.e0|DDI-DrugBank.d751.s1.e4|mechanism
DDI-DrugBank.d751.s1|DDI-DrugBank.d751.s1.e1|DDI-DrugBank.d751.s1.e3|mechanism
DDI-DrugBank.d751.s1|DDI-DrugBank.d751.s1.e1|DDI-DrugBank.d751.s1.e4|mechanism
DDI-DrugBank.d751.s1|DDI-DrugBank.d751.s1.e2|DDI-DrugBank.d751.s1.e3|mechanism
DDI-DrugBank.d751.s1|DDI-DrugBank.d751.s1.e2|DDI-DrugBank.d751.s1.e4|mechanism
DDI-DrugBank.d597.s5|DDI-DrugBank.d597.s5.e0|DDI-DrugBank.d597.s5.e2|effect
DDI-DrugBank.d597.s5|DDI-DrugBank.d597.s5.e1|DDI-DrugBank.d597.s5.e2|effect
DDI-DrugBank.d597.s14|DDI-DrugBank.d597.s14.e0|DDI-DrugBank.d597.s14.e2|effect
DDI-DrugBank.d597.s14|DDI-DrugBank.d597.s14.e0|DDI-DrugBank.d597.s14.e3|effect
DDI-DrugBank.d597.s14|DDI-DrugBank.d597.s14.e1|DDI-DrugBank.d597.s14.e2|effect
DDI-DrugBank.d597.s14|DDI-DrugBank.d597.s14.e1|DDI-DrugBank.d597.s14.e3|effect
DDI-DrugBank.d143.s7|DDI-DrugBank.d143.s7.e0|DDI-DrugBank.d143.s7.e1|int
DDI-DrugBank.d143.s8|DDI-DrugBank.d143.s8.e0|DDI-DrugBank.d143.s8.e1|effect
DDI-DrugBank.d143.s14|DDI-DrugBank.d143.s14.e0|DDI-DrugBank.d143.s14.e2|effect
DDI-DrugBank.d143.s14|DDI-DrugBank.d143.s14.e1|DDI-DrugBank.d143.s14.e2|effect
DDI-DrugBank.d143.s22|DDI-DrugBank.d143.s22.e0|DDI-DrugBank.d143.s22.e3|mechanism
DDI-DrugBank.d143.s22|DDI-DrugBank.d143.s22.e1|DDI-DrugBank.d143.s22.e3|mechanism
DDI-DrugBank.d143.s22|DDI-DrugBank.d143.s22.e2|DDI-DrugBank.d143.s22.e3|mechanism
DDI-DrugBank.d143.s32|DDI-DrugBank.d143.s32.e0|DDI-DrugBank.d143.s32.e1|effect
DDI-DrugBank.d143.s33|DDI-DrugBank.d143.s33.e0|DDI-DrugBank.d143.s33.e1|mechanism
DDI-DrugBank.d143.s41|DDI-DrugBank.d143.s41.e0|DDI-DrugBank.d143.s41.e2|advise
DDI-DrugBank.d143.s41|DDI-DrugBank.d143.s41.e0|DDI-DrugBank.d143.s41.e3|advise
DDI-DrugBank.d143.s41|DDI-DrugBank.d143.s41.e0|DDI-DrugBank.d143.s41.e4|advise
DDI-DrugBank.d143.s41|DDI-DrugBank.d143.s41.e0|DDI-DrugBank.d143.s41.e5|advise
DDI-DrugBank.d143.s41|DDI-DrugBank.d143.s41.e0|DDI-DrugBank.d143.s41.e6|advise
DDI-DrugBank.d143.s41|DDI-DrugBank.d143.s41.e0|DDI-DrugBank.d143.s41.e7|advise
DDI-DrugBank.d143.s41|DDI-DrugBank.d143.s41.e0|DDI-DrugBank.d143.s41.e8|advise
DDI-DrugBank.d143.s41|DDI-DrugBank.d143.s41.e0|DDI-DrugBank.d143.s41.e9|advise
DDI-DrugBank.d143.s41|DDI-DrugBank.d143.s41.e1|DDI-DrugBank.d143.s41.e2|advise
DDI-DrugBank.d143.s41|DDI-DrugBank.d143.s41.e1|DDI-DrugBank.d143.s41.e3|advise
DDI-DrugBank.d143.s41|DDI-DrugBank.d143.s41.e1|DDI-DrugBank.d143.s41.e4|advise
DDI-DrugBank.d143.s41|DDI-DrugBank.d143.s41.e1|DDI-DrugBank.d143.s41.e5|advise
DDI-DrugBank.d143.s41|DDI-DrugBank.d143.s41.e1|DDI-DrugBank.d143.s41.e6|advise
DDI-DrugBank.d143.s41|DDI-DrugBank.d143.s41.e1|DDI-DrugBank.d143.s41.e7|advise
DDI-DrugBank.d143.s41|DDI-DrugBank.d143.s41.e1|DDI-DrugBank.d143.s41.e8|advise
DDI-DrugBank.d143.s41|DDI-DrugBank.d143.s41.e1|DDI-DrugBank.d143.s41.e9|advise
DDI-DrugBank.d143.s50|DDI-DrugBank.d143.s50.e0|DDI-DrugBank.d143.s50.e3|effect
DDI-DrugBank.d143.s50|DDI-DrugBank.d143.s50.e1|DDI-DrugBank.d143.s50.e3|effect
DDI-DrugBank.d143.s50|DDI-DrugBank.d143.s50.e2|DDI-DrugBank.d143.s50.e3|effect
DDI-DrugBank.d143.s56|DDI-DrugBank.d143.s56.e0|DDI-DrugBank.d143.s56.e2|effect
DDI-DrugBank.d143.s56|DDI-DrugBank.d143.s56.e1|DDI-DrugBank.d143.s56.e2|effect
DDI-MedLine.d61.s8|DDI-MedLine.d61.s8.e0|DDI-MedLine.d61.s8.e1|mechanism
DDI-MedLine.d61.s9|DDI-MedLine.d61.s9.e0|DDI-MedLine.d61.s9.e2|mechanism
DDI-MedLine.d61.s9|DDI-MedLine.d61.s9.e1|DDI-MedLine.d61.s9.e2|mechanism
DDI-DrugBank.d634.s3|DDI-DrugBank.d634.s3.e0|DDI-DrugBank.d634.s3.e1|effect
DDI-DrugBank.d634.s5|DDI-DrugBank.d634.s5.e0|DDI-DrugBank.d634.s5.e2|effect
DDI-DrugBank.d634.s5|DDI-DrugBank.d634.s5.e1|DDI-DrugBank.d634.s5.e2|effect
DDI-DrugBank.d103.s2|DDI-DrugBank.d103.s2.e0|DDI-DrugBank.d103.s2.e1|effect
DDI-DrugBank.d103.s3|DDI-DrugBank.d103.s3.e0|DDI-DrugBank.d103.s3.e3|advise
DDI-DrugBank.d103.s3|DDI-DrugBank.d103.s3.e0|DDI-DrugBank.d103.s3.e4|advise
DDI-DrugBank.d103.s3|DDI-DrugBank.d103.s3.e0|DDI-DrugBank.d103.s3.e5|advise
DDI-DrugBank.d103.s3|DDI-DrugBank.d103.s3.e1|DDI-DrugBank.d103.s3.e3|advise
DDI-DrugBank.d103.s3|DDI-DrugBank.d103.s3.e1|DDI-DrugBank.d103.s3.e4|advise
DDI-DrugBank.d103.s3|DDI-DrugBank.d103.s3.e1|DDI-DrugBank.d103.s3.e5|advise
DDI-DrugBank.d103.s3|DDI-DrugBank.d103.s3.e2|DDI-DrugBank.d103.s3.e3|advise
DDI-DrugBank.d103.s3|DDI-DrugBank.d103.s3.e2|DDI-DrugBank.d103.s3.e4|advise
DDI-DrugBank.d103.s3|DDI-DrugBank.d103.s3.e2|DDI-DrugBank.d103.s3.e5|advise
DDI-DrugBank.d103.s4|DDI-DrugBank.d103.s4.e0|DDI-DrugBank.d103.s4.e6|effect
DDI-DrugBank.d103.s4|DDI-DrugBank.d103.s4.e1|DDI-DrugBank.d103.s4.e6|effect
DDI-DrugBank.d103.s4|DDI-DrugBank.d103.s4.e2|DDI-DrugBank.d103.s4.e6|effect
DDI-DrugBank.d103.s4|DDI-DrugBank.d103.s4.e3|DDI-DrugBank.d103.s4.e6|effect
DDI-DrugBank.d103.s4|DDI-DrugBank.d103.s4.e4|DDI-DrugBank.d103.s4.e6|effect
DDI-DrugBank.d103.s4|DDI-DrugBank.d103.s4.e5|DDI-DrugBank.d103.s4.e6|effect
DDI-DrugBank.d443.s0|DDI-DrugBank.d443.s0.e0|DDI-DrugBank.d443.s0.e2|effect
DDI-DrugBank.d443.s0|DDI-DrugBank.d443.s0.e0|DDI-DrugBank.d443.s0.e3|effect
DDI-DrugBank.d443.s0|DDI-DrugBank.d443.s0.e0|DDI-DrugBank.d443.s0.e4|effect
DDI-DrugBank.d443.s0|DDI-DrugBank.d443.s0.e1|DDI-DrugBank.d443.s0.e2|effect
DDI-DrugBank.d443.s0|DDI-DrugBank.d443.s0.e1|DDI-DrugBank.d443.s0.e3|effect
DDI-DrugBank.d443.s0|DDI-DrugBank.d443.s0.e1|DDI-DrugBank.d443.s0.e4|effect
DDI-DrugBank.d443.s7|DDI-DrugBank.d443.s7.e0|DDI-DrugBank.d443.s7.e2|effect
DDI-DrugBank.d443.s7|DDI-DrugBank.d443.s7.e1|DDI-DrugBank.d443.s7.e2|effect
DDI-DrugBank.d443.s8|DDI-DrugBank.d443.s8.e0|DDI-DrugBank.d443.s8.e1|mechanism
DDI-DrugBank.d263.s0|DDI-DrugBank.d263.s0.e0|DDI-DrugBank.d263.s0.e1|int
DDI-DrugBank.d263.s0|DDI-DrugBank.d263.s0.e0|DDI-DrugBank.d263.s0.e2|int
DDI-DrugBank.d263.s7|DDI-DrugBank.d263.s7.e0|DDI-DrugBank.d263.s7.e3|effect
DDI-DrugBank.d263.s7|DDI-DrugBank.d263.s7.e0|DDI-DrugBank.d263.s7.e4|effect
DDI-DrugBank.d263.s7|DDI-DrugBank.d263.s7.e1|DDI-DrugBank.d263.s7.e3|effect
DDI-DrugBank.d263.s7|DDI-DrugBank.d263.s7.e1|DDI-DrugBank.d263.s7.e4|effect
DDI-DrugBank.d263.s7|DDI-DrugBank.d263.s7.e2|DDI-DrugBank.d263.s7.e3|effect
DDI-DrugBank.d263.s7|DDI-DrugBank.d263.s7.e2|DDI-DrugBank.d263.s7.e4|effect
DDI-DrugBank.d263.s18|DDI-DrugBank.d263.s18.e0|DDI-DrugBank.d263.s18.e6|effect
DDI-DrugBank.d263.s18|DDI-DrugBank.d263.s18.e0|DDI-DrugBank.d263.s18.e7|effect
DDI-DrugBank.d263.s18|DDI-DrugBank.d263.s18.e1|DDI-DrugBank.d263.s18.e6|effect
DDI-DrugBank.d263.s18|DDI-DrugBank.d263.s18.e1|DDI-DrugBank.d263.s18.e7|effect
DDI-DrugBank.d263.s18|DDI-DrugBank.d263.s18.e2|DDI-DrugBank.d263.s18.e6|effect
DDI-DrugBank.d263.s18|DDI-DrugBank.d263.s18.e2|DDI-DrugBank.d263.s18.e7|effect
DDI-DrugBank.d263.s18|DDI-DrugBank.d263.s18.e3|DDI-DrugBank.d263.s18.e6|effect
DDI-DrugBank.d263.s18|DDI-DrugBank.d263.s18.e3|DDI-DrugBank.d263.s18.e7|effect
DDI-DrugBank.d263.s18|DDI-DrugBank.d263.s18.e4|DDI-DrugBank.d263.s18.e6|effect
DDI-DrugBank.d263.s18|DDI-DrugBank.d263.s18.e4|DDI-DrugBank.d263.s18.e7|effect
DDI-DrugBank.d263.s18|DDI-DrugBank.d263.s18.e5|DDI-DrugBank.d263.s18.e6|effect
DDI-DrugBank.d263.s18|DDI-DrugBank.d263.s18.e5|DDI-DrugBank.d263.s18.e7|effect
DDI-DrugBank.d345.s5|DDI-DrugBank.d345.s5.e0|DDI-DrugBank.d345.s5.e2|mechanism
DDI-DrugBank.d345.s5|DDI-DrugBank.d345.s5.e1|DDI-DrugBank.d345.s5.e2|mechanism
DDI-DrugBank.d345.s10|DDI-DrugBank.d345.s10.e0|DDI-DrugBank.d345.s10.e1|mechanism
DDI-DrugBank.d345.s11|DDI-DrugBank.d345.s11.e0|DDI-DrugBank.d345.s11.e5|mechanism
DDI-DrugBank.d345.s11|DDI-DrugBank.d345.s11.e1|DDI-DrugBank.d345.s11.e5|mechanism
DDI-DrugBank.d345.s11|DDI-DrugBank.d345.s11.e2|DDI-DrugBank.d345.s11.e5|mechanism
DDI-DrugBank.d345.s11|DDI-DrugBank.d345.s11.e3|DDI-DrugBank.d345.s11.e5|mechanism
DDI-DrugBank.d345.s11|DDI-DrugBank.d345.s11.e4|DDI-DrugBank.d345.s11.e5|mechanism
DDI-DrugBank.d345.s17|DDI-DrugBank.d345.s17.e0|DDI-DrugBank.d345.s17.e1|int
DDI-DrugBank.d345.s17|DDI-DrugBank.d345.s17.e0|DDI-DrugBank.d345.s17.e2|int
DDI-DrugBank.d217.s5|DDI-DrugBank.d217.s5.e0|DDI-DrugBank.d217.s5.e2|effect
DDI-DrugBank.d217.s5|DDI-DrugBank.d217.s5.e0|DDI-DrugBank.d217.s5.e3|effect
DDI-DrugBank.d217.s5|DDI-DrugBank.d217.s5.e1|DDI-DrugBank.d217.s5.e2|effect
DDI-DrugBank.d217.s5|DDI-DrugBank.d217.s5.e1|DDI-DrugBank.d217.s5.e3|effect
DDI-DrugBank.d217.s10|DDI-DrugBank.d217.s10.e0|DDI-DrugBank.d217.s10.e2|effect
DDI-DrugBank.d217.s10|DDI-DrugBank.d217.s10.e1|DDI-DrugBank.d217.s10.e2|effect
DDI-DrugBank.d217.s11|DDI-DrugBank.d217.s11.e0|DDI-DrugBank.d217.s11.e6|int
DDI-DrugBank.d217.s11|DDI-DrugBank.d217.s11.e1|DDI-DrugBank.d217.s11.e6|int
DDI-DrugBank.d217.s11|DDI-DrugBank.d217.s11.e2|DDI-DrugBank.d217.s11.e6|int
DDI-DrugBank.d217.s11|DDI-DrugBank.d217.s11.e3|DDI-DrugBank.d217.s11.e6|int
DDI-DrugBank.d217.s11|DDI-DrugBank.d217.s11.e4|DDI-DrugBank.d217.s11.e6|int
DDI-DrugBank.d217.s11|DDI-DrugBank.d217.s11.e5|DDI-DrugBank.d217.s11.e6|int
DDI-DrugBank.d217.s12|DDI-DrugBank.d217.s12.e0|DDI-DrugBank.d217.s12.e3|int
DDI-DrugBank.d217.s12|DDI-DrugBank.d217.s12.e1|DDI-DrugBank.d217.s12.e3|int
DDI-DrugBank.d217.s12|DDI-DrugBank.d217.s12.e2|DDI-DrugBank.d217.s12.e3|int
DDI-DrugBank.d217.s13|DDI-DrugBank.d217.s13.e0|DDI-DrugBank.d217.s13.e1|int
DDI-DrugBank.d585.s1|DDI-DrugBank.d585.s1.e0|DDI-DrugBank.d585.s1.e1|effect
DDI-DrugBank.d585.s2|DDI-DrugBank.d585.s2.e0|DDI-DrugBank.d585.s2.e1|effect
DDI-DrugBank.d585.s5|DDI-DrugBank.d585.s5.e0|DDI-DrugBank.d585.s5.e1|effect
DDI-DrugBank.d585.s6|DDI-DrugBank.d585.s6.e0|DDI-DrugBank.d585.s6.e1|int
DDI-DrugBank.d716.s2|DDI-DrugBank.d716.s2.e0|DDI-DrugBank.d716.s2.e1|effect
DDI-DrugBank.d716.s2|DDI-DrugBank.d716.s2.e0|DDI-DrugBank.d716.s2.e2|effect
DDI-DrugBank.d378.s0|DDI-DrugBank.d378.s0.e0|DDI-DrugBank.d378.s0.e2|mechanism
DDI-DrugBank.d378.s0|DDI-DrugBank.d378.s0.e1|DDI-DrugBank.d378.s0.e2|mechanism
DDI-DrugBank.d678.s4|DDI-DrugBank.d678.s4.e0|DDI-DrugBank.d678.s4.e2|effect
DDI-DrugBank.d678.s4|DDI-DrugBank.d678.s4.e1|DDI-DrugBank.d678.s4.e2|effect
DDI-DrugBank.d340.s3|DDI-DrugBank.d340.s3.e0|DDI-DrugBank.d340.s3.e1|effect
DDI-DrugBank.d340.s4|DDI-DrugBank.d340.s4.e0|DDI-DrugBank.d340.s4.e1|effect
DDI-DrugBank.d340.s8|DDI-DrugBank.d340.s8.e0|DDI-DrugBank.d340.s8.e1|mechanism
DDI-DrugBank.d340.s31|DDI-DrugBank.d340.s31.e0|DDI-DrugBank.d340.s31.e1|mechanism
DDI-DrugBank.d411.s2|DDI-DrugBank.d411.s2.e0|DDI-DrugBank.d411.s2.e1|effect
DDI-DrugBank.d411.s2|DDI-DrugBank.d411.s2.e0|DDI-DrugBank.d411.s2.e2|effect
DDI-DrugBank.d411.s2|DDI-DrugBank.d411.s2.e0|DDI-DrugBank.d411.s2.e3|effect
DDI-DrugBank.d411.s2|DDI-DrugBank.d411.s2.e0|DDI-DrugBank.d411.s2.e4|effect
DDI-DrugBank.d411.s2|DDI-DrugBank.d411.s2.e0|DDI-DrugBank.d411.s2.e5|effect
DDI-DrugBank.d411.s2|DDI-DrugBank.d411.s2.e0|DDI-DrugBank.d411.s2.e6|effect
DDI-DrugBank.d411.s2|DDI-DrugBank.d411.s2.e0|DDI-DrugBank.d411.s2.e7|effect
DDI-DrugBank.d130.s0|DDI-DrugBank.d130.s0.e0|DDI-DrugBank.d130.s0.e1|effect
DDI-DrugBank.d450.s3|DDI-DrugBank.d450.s3.e0|DDI-DrugBank.d450.s3.e4|effect
DDI-DrugBank.d450.s3|DDI-DrugBank.d450.s3.e0|DDI-DrugBank.d450.s3.e5|effect
DDI-DrugBank.d450.s3|DDI-DrugBank.d450.s3.e0|DDI-DrugBank.d450.s3.e6|effect
DDI-DrugBank.d450.s3|DDI-DrugBank.d450.s3.e1|DDI-DrugBank.d450.s3.e4|effect
DDI-DrugBank.d450.s3|DDI-DrugBank.d450.s3.e1|DDI-DrugBank.d450.s3.e5|effect
DDI-DrugBank.d450.s3|DDI-DrugBank.d450.s3.e1|DDI-DrugBank.d450.s3.e6|effect
DDI-DrugBank.d450.s3|DDI-DrugBank.d450.s3.e2|DDI-DrugBank.d450.s3.e4|effect
DDI-DrugBank.d450.s3|DDI-DrugBank.d450.s3.e2|DDI-DrugBank.d450.s3.e5|effect
DDI-DrugBank.d450.s3|DDI-DrugBank.d450.s3.e2|DDI-DrugBank.d450.s3.e6|effect
DDI-DrugBank.d450.s3|DDI-DrugBank.d450.s3.e3|DDI-DrugBank.d450.s3.e4|effect
DDI-DrugBank.d450.s3|DDI-DrugBank.d450.s3.e3|DDI-DrugBank.d450.s3.e5|effect
DDI-DrugBank.d450.s3|DDI-DrugBank.d450.s3.e3|DDI-DrugBank.d450.s3.e6|effect
DDI-DrugBank.d450.s5|DDI-DrugBank.d450.s5.e0|DDI-DrugBank.d450.s5.e2|effect
DDI-DrugBank.d450.s5|DDI-DrugBank.d450.s5.e1|DDI-DrugBank.d450.s5.e2|effect
DDI-DrugBank.d450.s6|DDI-DrugBank.d450.s6.e0|DDI-DrugBank.d450.s6.e6|int
DDI-DrugBank.d450.s6|DDI-DrugBank.d450.s6.e1|DDI-DrugBank.d450.s6.e6|int
DDI-DrugBank.d450.s6|DDI-DrugBank.d450.s6.e2|DDI-DrugBank.d450.s6.e6|int
DDI-DrugBank.d450.s6|DDI-DrugBank.d450.s6.e3|DDI-DrugBank.d450.s6.e6|int
DDI-DrugBank.d450.s6|DDI-DrugBank.d450.s6.e4|DDI-DrugBank.d450.s6.e6|int
DDI-DrugBank.d450.s6|DDI-DrugBank.d450.s6.e5|DDI-DrugBank.d450.s6.e6|int
DDI-DrugBank.d450.s7|DDI-DrugBank.d450.s7.e0|DDI-DrugBank.d450.s7.e1|effect
DDI-DrugBank.d450.s7|DDI-DrugBank.d450.s7.e0|DDI-DrugBank.d450.s7.e2|effect
DDI-DrugBank.d450.s9|DDI-DrugBank.d450.s9.e0|DDI-DrugBank.d450.s9.e1|effect
DDI-DrugBank.d352.s3|DDI-DrugBank.d352.s3.e0|DDI-DrugBank.d352.s3.e1|int
DDI-DrugBank.d352.s3|DDI-DrugBank.d352.s3.e0|DDI-DrugBank.d352.s3.e2|int
DDI-DrugBank.d352.s3|DDI-DrugBank.d352.s3.e0|DDI-DrugBank.d352.s3.e3|int
DDI-DrugBank.d352.s4|DDI-DrugBank.d352.s4.e0|DDI-DrugBank.d352.s4.e1|effect
DDI-DrugBank.d578.s4|DDI-DrugBank.d578.s4.e0|DDI-DrugBank.d578.s4.e3|effect
DDI-DrugBank.d578.s4|DDI-DrugBank.d578.s4.e0|DDI-DrugBank.d578.s4.e4|effect
DDI-DrugBank.d578.s4|DDI-DrugBank.d578.s4.e1|DDI-DrugBank.d578.s4.e3|effect
DDI-DrugBank.d578.s4|DDI-DrugBank.d578.s4.e1|DDI-DrugBank.d578.s4.e4|effect
DDI-DrugBank.d578.s4|DDI-DrugBank.d578.s4.e2|DDI-DrugBank.d578.s4.e3|effect
DDI-DrugBank.d578.s4|DDI-DrugBank.d578.s4.e2|DDI-DrugBank.d578.s4.e4|effect
DDI-DrugBank.d578.s4|DDI-DrugBank.d578.s4.e3|DDI-DrugBank.d578.s4.e4|effect
DDI-DrugBank.d578.s7|DDI-DrugBank.d578.s7.e0|DDI-DrugBank.d578.s7.e1|effect
DDI-DrugBank.d578.s8|DDI-DrugBank.d578.s8.e0|DDI-DrugBank.d578.s8.e1|mechanism
DDI-DrugBank.d578.s8|DDI-DrugBank.d578.s8.e0|DDI-DrugBank.d578.s8.e2|mechanism
DDI-DrugBank.d404.s0|DDI-DrugBank.d404.s0.e0|DDI-DrugBank.d404.s0.e7|mechanism
DDI-DrugBank.d404.s0|DDI-DrugBank.d404.s0.e1|DDI-DrugBank.d404.s0.e7|mechanism
DDI-DrugBank.d404.s0|DDI-DrugBank.d404.s0.e2|DDI-DrugBank.d404.s0.e7|mechanism
DDI-DrugBank.d404.s0|DDI-DrugBank.d404.s0.e3|DDI-DrugBank.d404.s0.e7|mechanism
DDI-DrugBank.d404.s0|DDI-DrugBank.d404.s0.e4|DDI-DrugBank.d404.s0.e7|mechanism
DDI-DrugBank.d404.s0|DDI-DrugBank.d404.s0.e5|DDI-DrugBank.d404.s0.e7|mechanism
DDI-DrugBank.d404.s0|DDI-DrugBank.d404.s0.e6|DDI-DrugBank.d404.s0.e7|mechanism
DDI-DrugBank.d404.s2|DDI-DrugBank.d404.s2.e0|DDI-DrugBank.d404.s2.e5|mechanism
DDI-DrugBank.d404.s2|DDI-DrugBank.d404.s2.e1|DDI-DrugBank.d404.s2.e5|mechanism
DDI-DrugBank.d404.s2|DDI-DrugBank.d404.s2.e2|DDI-DrugBank.d404.s2.e5|mechanism
DDI-DrugBank.d404.s2|DDI-DrugBank.d404.s2.e3|DDI-DrugBank.d404.s2.e5|mechanism
DDI-DrugBank.d404.s2|DDI-DrugBank.d404.s2.e4|DDI-DrugBank.d404.s2.e5|effect
DDI-DrugBank.d404.s3|DDI-DrugBank.d404.s3.e0|DDI-DrugBank.d404.s3.e1|effect
DDI-MedLine.d189.s7|DDI-MedLine.d189.s7.e0|DDI-MedLine.d189.s7.e1|mechanism
DDI-DrugBank.d526.s4|DDI-DrugBank.d526.s4.e0|DDI-DrugBank.d526.s4.e1|mechanism
DDI-DrugBank.d526.s17|DDI-DrugBank.d526.s17.e0|DDI-DrugBank.d526.s17.e3|mechanism
DDI-DrugBank.d526.s17|DDI-DrugBank.d526.s17.e1|DDI-DrugBank.d526.s17.e3|mechanism
DDI-DrugBank.d526.s17|DDI-DrugBank.d526.s17.e2|DDI-DrugBank.d526.s17.e3|mechanism
DDI-DrugBank.d526.s18|DDI-DrugBank.d526.s18.e0|DDI-DrugBank.d526.s18.e1|mechanism
DDI-DrugBank.d526.s24|DDI-DrugBank.d526.s24.e0|DDI-DrugBank.d526.s24.e2|effect
DDI-DrugBank.d526.s24|DDI-DrugBank.d526.s24.e1|DDI-DrugBank.d526.s24.e2|effect
DDI-MedLine.d184.s5|DDI-MedLine.d184.s5.e0|DDI-MedLine.d184.s5.e1|mechanism
DDI-MedLine.d184.s5|DDI-MedLine.d184.s5.e0|DDI-MedLine.d184.s5.e2|mechanism
DDI-MedLine.d184.s5|DDI-MedLine.d184.s5.e0|DDI-MedLine.d184.s5.e3|mechanism
DDI-MedLine.d184.s8|DDI-MedLine.d184.s8.e0|DDI-MedLine.d184.s8.e1|mechanism
DDI-MedLine.d184.s8|DDI-MedLine.d184.s8.e0|DDI-MedLine.d184.s8.e2|mechanism
DDI-MedLine.d184.s8|DDI-MedLine.d184.s8.e0|DDI-MedLine.d184.s8.e3|mechanism
DDI-MedLine.d184.s8|DDI-MedLine.d184.s8.e0|DDI-MedLine.d184.s8.e4|mechanism
DDI-MedLine.d195.s4|DDI-MedLine.d195.s4.e0|DDI-MedLine.d195.s4.e1|mechanism
DDI-MedLine.d195.s4|DDI-MedLine.d195.s4.e0|DDI-MedLine.d195.s4.e2|mechanism
DDI-MedLine.d195.s4|DDI-MedLine.d195.s4.e0|DDI-MedLine.d195.s4.e3|mechanism
DDI-MedLine.d195.s5|DDI-MedLine.d195.s5.e0|DDI-MedLine.d195.s5.e1|mechanism
DDI-MedLine.d195.s6|DDI-MedLine.d195.s6.e0|DDI-MedLine.d195.s6.e2|effect
DDI-MedLine.d195.s6|DDI-MedLine.d195.s6.e1|DDI-MedLine.d195.s6.e2|effect
DDI-DrugBank.d46.s13|DDI-DrugBank.d46.s13.e0|DDI-DrugBank.d46.s13.e2|mechanism
DDI-DrugBank.d46.s13|DDI-DrugBank.d46.s13.e1|DDI-DrugBank.d46.s13.e2|mechanism
DDI-DrugBank.d46.s16|DDI-DrugBank.d46.s16.e0|DDI-DrugBank.d46.s16.e1|mechanism
DDI-DrugBank.d46.s16|DDI-DrugBank.d46.s16.e0|DDI-DrugBank.d46.s16.e2|mechanism
DDI-MedLine.d216.s0|DDI-MedLine.d216.s0.e0|DDI-MedLine.d216.s0.e2|mechanism
DDI-MedLine.d216.s0|DDI-MedLine.d216.s0.e1|DDI-MedLine.d216.s0.e2|mechanism
DDI-MedLine.d216.s3|DDI-MedLine.d216.s3.e0|DDI-MedLine.d216.s3.e1|mechanism
DDI-MedLine.d216.s3|DDI-MedLine.d216.s3.e0|DDI-MedLine.d216.s3.e2|mechanism
DDI-MedLine.d216.s3|DDI-MedLine.d216.s3.e0|DDI-MedLine.d216.s3.e3|mechanism
DDI-MedLine.d216.s3|DDI-MedLine.d216.s3.e1|DDI-MedLine.d216.s3.e3|mechanism
DDI-MedLine.d216.s3|DDI-MedLine.d216.s3.e2|DDI-MedLine.d216.s3.e3|mechanism
DDI-MedLine.d216.s4|DDI-MedLine.d216.s4.e0|DDI-MedLine.d216.s4.e2|mechanism
DDI-MedLine.d216.s4|DDI-MedLine.d216.s4.e0|DDI-MedLine.d216.s4.e3|mechanism
DDI-MedLine.d216.s4|DDI-MedLine.d216.s4.e1|DDI-MedLine.d216.s4.e2|mechanism
DDI-MedLine.d216.s4|DDI-MedLine.d216.s4.e1|DDI-MedLine.d216.s4.e3|mechanism
DDI-MedLine.d216.s6|DDI-MedLine.d216.s6.e0|DDI-MedLine.d216.s6.e1|effect
DDI-DrugBank.d51.s1|DDI-DrugBank.d51.s1.e0|DDI-DrugBank.d51.s1.e1|int
DDI-DrugBank.d51.s2|DDI-DrugBank.d51.s2.e0|DDI-DrugBank.d51.s2.e2|int
DDI-DrugBank.d51.s2|DDI-DrugBank.d51.s2.e1|DDI-DrugBank.d51.s2.e2|int
DDI-DrugBank.d323.s0|DDI-DrugBank.d323.s0.e0|DDI-DrugBank.d323.s0.e3|advise
DDI-DrugBank.d323.s0|DDI-DrugBank.d323.s0.e1|DDI-DrugBank.d323.s0.e3|advise
DDI-DrugBank.d323.s0|DDI-DrugBank.d323.s0.e2|DDI-DrugBank.d323.s0.e3|advise
DDI-DrugBank.d721.s2|DDI-DrugBank.d721.s2.e0|DDI-DrugBank.d721.s2.e1|mechanism
DDI-DrugBank.d721.s2|DDI-DrugBank.d721.s2.e0|DDI-DrugBank.d721.s2.e2|mechanism
DDI-DrugBank.d412.s4|DDI-DrugBank.d412.s4.e0|DDI-DrugBank.d412.s4.e1|mechanism
DDI-DrugBank.d330.s1|DDI-DrugBank.d330.s1.e0|DDI-DrugBank.d330.s1.e2|effect
DDI-DrugBank.d330.s1|DDI-DrugBank.d330.s1.e1|DDI-DrugBank.d330.s1.e2|effect
DDI-DrugBank.d330.s5|DDI-DrugBank.d330.s5.e0|DDI-DrugBank.d330.s5.e1|effect
DDI-DrugBank.d330.s5|DDI-DrugBank.d330.s5.e0|DDI-DrugBank.d330.s5.e2|effect
DDI-DrugBank.d732.s0|DDI-DrugBank.d732.s0.e0|DDI-DrugBank.d732.s0.e1|int
DDI-DrugBank.d123.s0|DDI-DrugBank.d123.s0.e0|DDI-DrugBank.d123.s0.e2|int
DDI-DrugBank.d123.s0|DDI-DrugBank.d123.s0.e1|DDI-DrugBank.d123.s0.e2|int
DDI-DrugBank.d123.s5|DDI-DrugBank.d123.s5.e0|DDI-DrugBank.d123.s5.e3|effect
DDI-DrugBank.d123.s5|DDI-DrugBank.d123.s5.e1|DDI-DrugBank.d123.s5.e3|effect
DDI-DrugBank.d123.s5|DDI-DrugBank.d123.s5.e2|DDI-DrugBank.d123.s5.e3|mechanism
DDI-DrugBank.d123.s8|DDI-DrugBank.d123.s8.e0|DDI-DrugBank.d123.s8.e10|mechanism
DDI-DrugBank.d123.s8|DDI-DrugBank.d123.s8.e1|DDI-DrugBank.d123.s8.e10|mechanism
DDI-DrugBank.d123.s8|DDI-DrugBank.d123.s8.e2|DDI-DrugBank.d123.s8.e10|mechanism
DDI-DrugBank.d123.s8|DDI-DrugBank.d123.s8.e3|DDI-DrugBank.d123.s8.e10|mechanism
DDI-DrugBank.d123.s8|DDI-DrugBank.d123.s8.e4|DDI-DrugBank.d123.s8.e10|mechanism
DDI-DrugBank.d123.s8|DDI-DrugBank.d123.s8.e5|DDI-DrugBank.d123.s8.e10|mechanism
DDI-DrugBank.d123.s8|DDI-DrugBank.d123.s8.e6|DDI-DrugBank.d123.s8.e10|mechanism
DDI-DrugBank.d123.s8|DDI-DrugBank.d123.s8.e7|DDI-DrugBank.d123.s8.e10|mechanism
DDI-DrugBank.d123.s8|DDI-DrugBank.d123.s8.e8|DDI-DrugBank.d123.s8.e10|mechanism
DDI-DrugBank.d123.s8|DDI-DrugBank.d123.s8.e9|DDI-DrugBank.d123.s8.e10|mechanism
DDI-DrugBank.d123.s14|DDI-DrugBank.d123.s14.e0|DDI-DrugBank.d123.s14.e2|mechanism
DDI-DrugBank.d123.s14|DDI-DrugBank.d123.s14.e1|DDI-DrugBank.d123.s14.e2|mechanism
DDI-DrugBank.d123.s15|DDI-DrugBank.d123.s15.e0|DDI-DrugBank.d123.s15.e3|mechanism
DDI-DrugBank.d123.s15|DDI-DrugBank.d123.s15.e1|DDI-DrugBank.d123.s15.e3|mechanism
DDI-DrugBank.d123.s15|DDI-DrugBank.d123.s15.e2|DDI-DrugBank.d123.s15.e3|mechanism
DDI-DrugBank.d123.s19|DDI-DrugBank.d123.s19.e0|DDI-DrugBank.d123.s19.e2|mechanism
DDI-DrugBank.d123.s19|DDI-DrugBank.d123.s19.e0|DDI-DrugBank.d123.s19.e3|mechanism
DDI-DrugBank.d123.s19|DDI-DrugBank.d123.s19.e1|DDI-DrugBank.d123.s19.e2|mechanism
DDI-DrugBank.d123.s19|DDI-DrugBank.d123.s19.e1|DDI-DrugBank.d123.s19.e3|mechanism
DDI-DrugBank.d743.s9|DDI-DrugBank.d743.s9.e0|DDI-DrugBank.d743.s9.e1|int
DDI-DrugBank.d743.s9|DDI-DrugBank.d743.s9.e0|DDI-DrugBank.d743.s9.e2|int
DDI-DrugBank.d743.s9|DDI-DrugBank.d743.s9.e0|DDI-DrugBank.d743.s9.e3|int
DDI-DrugBank.d743.s9|DDI-DrugBank.d743.s9.e0|DDI-DrugBank.d743.s9.e4|int
DDI-DrugBank.d743.s12|DDI-DrugBank.d743.s12.e0|DDI-DrugBank.d743.s12.e4|int
DDI-DrugBank.d743.s12|DDI-DrugBank.d743.s12.e0|DDI-DrugBank.d743.s12.e5|int
DDI-DrugBank.d743.s12|DDI-DrugBank.d743.s12.e0|DDI-DrugBank.d743.s12.e6|int
DDI-DrugBank.d743.s12|DDI-DrugBank.d743.s12.e1|DDI-DrugBank.d743.s12.e4|int
DDI-DrugBank.d743.s12|DDI-DrugBank.d743.s12.e1|DDI-DrugBank.d743.s12.e5|int
DDI-DrugBank.d743.s12|DDI-DrugBank.d743.s12.e1|DDI-DrugBank.d743.s12.e6|int
DDI-DrugBank.d743.s12|DDI-DrugBank.d743.s12.e2|DDI-DrugBank.d743.s12.e4|int
DDI-DrugBank.d743.s12|DDI-DrugBank.d743.s12.e2|DDI-DrugBank.d743.s12.e5|int
DDI-DrugBank.d743.s12|DDI-DrugBank.d743.s12.e2|DDI-DrugBank.d743.s12.e6|int
DDI-DrugBank.d743.s12|DDI-DrugBank.d743.s12.e3|DDI-DrugBank.d743.s12.e4|int
DDI-DrugBank.d743.s12|DDI-DrugBank.d743.s12.e3|DDI-DrugBank.d743.s12.e5|int
DDI-DrugBank.d743.s12|DDI-DrugBank.d743.s12.e3|DDI-DrugBank.d743.s12.e6|int
DDI-DrugBank.d434.s11|DDI-DrugBank.d434.s11.e0|DDI-DrugBank.d434.s11.e4|mechanism
DDI-DrugBank.d434.s11|DDI-DrugBank.d434.s11.e1|DDI-DrugBank.d434.s11.e4|mechanism
DDI-DrugBank.d434.s11|DDI-DrugBank.d434.s11.e2|DDI-DrugBank.d434.s11.e4|mechanism
DDI-DrugBank.d434.s11|DDI-DrugBank.d434.s11.e3|DDI-DrugBank.d434.s11.e4|mechanism
DDI-DrugBank.d434.s14|DDI-DrugBank.d434.s14.e0|DDI-DrugBank.d434.s14.e1|mechanism
DDI-DrugBank.d434.s17|DDI-DrugBank.d434.s17.e0|DDI-DrugBank.d434.s17.e2|mechanism
DDI-DrugBank.d434.s17|DDI-DrugBank.d434.s17.e0|DDI-DrugBank.d434.s17.e3|mechanism
DDI-DrugBank.d434.s17|DDI-DrugBank.d434.s17.e1|DDI-DrugBank.d434.s17.e2|mechanism
DDI-DrugBank.d434.s17|DDI-DrugBank.d434.s17.e1|DDI-DrugBank.d434.s17.e3|mechanism
DDI-DrugBank.d434.s17|DDI-DrugBank.d434.s17.e2|DDI-DrugBank.d434.s17.e3|mechanism
DDI-DrugBank.d434.s22|DDI-DrugBank.d434.s22.e0|DDI-DrugBank.d434.s22.e2|mechanism
DDI-DrugBank.d434.s22|DDI-DrugBank.d434.s22.e1|DDI-DrugBank.d434.s22.e2|mechanism
DDI-DrugBank.d434.s25|DDI-DrugBank.d434.s25.e0|DDI-DrugBank.d434.s25.e1|mechanism
DDI-DrugBank.d434.s28|DDI-DrugBank.d434.s28.e0|DDI-DrugBank.d434.s28.e3|mechanism
DDI-DrugBank.d434.s28|DDI-DrugBank.d434.s28.e0|DDI-DrugBank.d434.s28.e4|mechanism
DDI-DrugBank.d434.s28|DDI-DrugBank.d434.s28.e0|DDI-DrugBank.d434.s28.e5|mechanism
DDI-DrugBank.d434.s28|DDI-DrugBank.d434.s28.e1|DDI-DrugBank.d434.s28.e3|mechanism
DDI-DrugBank.d434.s28|DDI-DrugBank.d434.s28.e1|DDI-DrugBank.d434.s28.e4|mechanism
DDI-DrugBank.d434.s28|DDI-DrugBank.d434.s28.e1|DDI-DrugBank.d434.s28.e5|mechanism
DDI-DrugBank.d434.s28|DDI-DrugBank.d434.s28.e2|DDI-DrugBank.d434.s28.e3|mechanism
DDI-DrugBank.d434.s28|DDI-DrugBank.d434.s28.e2|DDI-DrugBank.d434.s28.e4|mechanism
DDI-DrugBank.d434.s28|DDI-DrugBank.d434.s28.e2|DDI-DrugBank.d434.s28.e5|mechanism
DDI-DrugBank.d434.s33|DDI-DrugBank.d434.s33.e0|DDI-DrugBank.d434.s33.e2|effect
DDI-DrugBank.d434.s33|DDI-DrugBank.d434.s33.e1|DDI-DrugBank.d434.s33.e2|effect
DDI-DrugBank.d55.s2|DDI-DrugBank.d55.s2.e0|DDI-DrugBank.d55.s2.e1|advise
DDI-DrugBank.d55.s2|DDI-DrugBank.d55.s2.e0|DDI-DrugBank.d55.s2.e2|advise
DDI-DrugBank.d55.s2|DDI-DrugBank.d55.s2.e0|DDI-DrugBank.d55.s2.e3|advise
DDI-DrugBank.d623.s1|DDI-DrugBank.d623.s1.e0|DDI-DrugBank.d623.s1.e2|mechanism
DDI-DrugBank.d623.s1|DDI-DrugBank.d623.s1.e1|DDI-DrugBank.d623.s1.e2|mechanism
DDI-DrugBank.d591.s0|DDI-DrugBank.d591.s0.e0|DDI-DrugBank.d591.s0.e1|advise
DDI-DrugBank.d591.s0|DDI-DrugBank.d591.s0.e0|DDI-DrugBank.d591.s0.e2|advise
DDI-DrugBank.d591.s3|DDI-DrugBank.d591.s3.e0|DDI-DrugBank.d591.s3.e2|int
DDI-DrugBank.d591.s3|DDI-DrugBank.d591.s3.e0|DDI-DrugBank.d591.s3.e3|int
DDI-DrugBank.d591.s3|DDI-DrugBank.d591.s3.e1|DDI-DrugBank.d591.s3.e2|int
DDI-DrugBank.d591.s3|DDI-DrugBank.d591.s3.e1|DDI-DrugBank.d591.s3.e3|int
DDI-DrugBank.d591.s3|DDI-DrugBank.d591.s3.e2|DDI-DrugBank.d591.s3.e3|mechanism
DDI-DrugBank.d700.s7|DDI-DrugBank.d700.s7.e0|DDI-DrugBank.d700.s7.e1|mechanism
DDI-DrugBank.d700.s7|DDI-DrugBank.d700.s7.e0|DDI-DrugBank.d700.s7.e2|mechanism
DDI-DrugBank.d700.s8|DDI-DrugBank.d700.s8.e0|DDI-DrugBank.d700.s8.e2|int
DDI-DrugBank.d700.s8|DDI-DrugBank.d700.s8.e0|DDI-DrugBank.d700.s8.e3|int
DDI-DrugBank.d700.s8|DDI-DrugBank.d700.s8.e1|DDI-DrugBank.d700.s8.e2|int
DDI-DrugBank.d700.s8|DDI-DrugBank.d700.s8.e1|DDI-DrugBank.d700.s8.e3|int
DDI-DrugBank.d700.s8|DDI-DrugBank.d700.s8.e2|DDI-DrugBank.d700.s8.e3|mechanism
DDI-DrugBank.d480.s4|DDI-DrugBank.d480.s4.e0|DDI-DrugBank.d480.s4.e1|advise
DDI-DrugBank.d480.s8|DDI-DrugBank.d480.s8.e0|DDI-DrugBank.d480.s8.e3|advise
DDI-DrugBank.d480.s8|DDI-DrugBank.d480.s8.e0|DDI-DrugBank.d480.s8.e4|advise
DDI-DrugBank.d480.s8|DDI-DrugBank.d480.s8.e0|DDI-DrugBank.d480.s8.e5|advise
DDI-DrugBank.d480.s8|DDI-DrugBank.d480.s8.e1|DDI-DrugBank.d480.s8.e3|advise
DDI-DrugBank.d480.s8|DDI-DrugBank.d480.s8.e1|DDI-DrugBank.d480.s8.e4|advise
DDI-DrugBank.d480.s8|DDI-DrugBank.d480.s8.e1|DDI-DrugBank.d480.s8.e5|advise
DDI-DrugBank.d480.s8|DDI-DrugBank.d480.s8.e2|DDI-DrugBank.d480.s8.e3|advise
DDI-DrugBank.d480.s8|DDI-DrugBank.d480.s8.e2|DDI-DrugBank.d480.s8.e4|advise
DDI-DrugBank.d480.s8|DDI-DrugBank.d480.s8.e2|DDI-DrugBank.d480.s8.e5|advise
DDI-DrugBank.d480.s9|DDI-DrugBank.d480.s9.e0|DDI-DrugBank.d480.s9.e1|effect
DDI-DrugBank.d480.s9|DDI-DrugBank.d480.s9.e0|DDI-DrugBank.d480.s9.e2|effect
DDI-DrugBank.d480.s15|DDI-DrugBank.d480.s15.e0|DDI-DrugBank.d480.s15.e3|effect
DDI-DrugBank.d480.s15|DDI-DrugBank.d480.s15.e0|DDI-DrugBank.d480.s15.e4|effect
DDI-DrugBank.d480.s15|DDI-DrugBank.d480.s15.e1|DDI-DrugBank.d480.s15.e3|effect
DDI-DrugBank.d480.s15|DDI-DrugBank.d480.s15.e1|DDI-DrugBank.d480.s15.e4|effect
DDI-DrugBank.d480.s15|DDI-DrugBank.d480.s15.e2|DDI-DrugBank.d480.s15.e3|effect
DDI-DrugBank.d480.s15|DDI-DrugBank.d480.s15.e2|DDI-DrugBank.d480.s15.e4|effect
DDI-DrugBank.d480.s15|DDI-DrugBank.d480.s15.e3|DDI-DrugBank.d480.s15.e4|mechanism
DDI-DrugBank.d480.s17|DDI-DrugBank.d480.s17.e0|DDI-DrugBank.d480.s17.e3|effect
DDI-DrugBank.d480.s17|DDI-DrugBank.d480.s17.e1|DDI-DrugBank.d480.s17.e3|effect
DDI-DrugBank.d480.s17|DDI-DrugBank.d480.s17.e2|DDI-DrugBank.d480.s17.e3|effect
DDI-DrugBank.d480.s18|DDI-DrugBank.d480.s18.e0|DDI-DrugBank.d480.s18.e3|effect
DDI-DrugBank.d480.s18|DDI-DrugBank.d480.s18.e1|DDI-DrugBank.d480.s18.e3|effect
DDI-DrugBank.d480.s18|DDI-DrugBank.d480.s18.e2|DDI-DrugBank.d480.s18.e3|effect
DDI-DrugBank.d488.s2|DDI-DrugBank.d488.s2.e0|DDI-DrugBank.d488.s2.e8|int
DDI-DrugBank.d488.s2|DDI-DrugBank.d488.s2.e1|DDI-DrugBank.d488.s2.e8|int
DDI-DrugBank.d488.s2|DDI-DrugBank.d488.s2.e2|DDI-DrugBank.d488.s2.e8|int
DDI-DrugBank.d488.s2|DDI-DrugBank.d488.s2.e3|DDI-DrugBank.d488.s2.e8|int
DDI-DrugBank.d488.s2|DDI-DrugBank.d488.s2.e4|DDI-DrugBank.d488.s2.e8|int
DDI-DrugBank.d488.s2|DDI-DrugBank.d488.s2.e5|DDI-DrugBank.d488.s2.e8|int
DDI-DrugBank.d488.s2|DDI-DrugBank.d488.s2.e6|DDI-DrugBank.d488.s2.e8|int
DDI-DrugBank.d488.s2|DDI-DrugBank.d488.s2.e7|DDI-DrugBank.d488.s2.e8|int
DDI-DrugBank.d488.s3|DDI-DrugBank.d488.s3.e0|DDI-DrugBank.d488.s3.e1|mechanism
DDI-DrugBank.d469.s9|DDI-DrugBank.d469.s9.e0|DDI-DrugBank.d469.s9.e1|effect
DDI-DrugBank.d485.s2|DDI-DrugBank.d485.s2.e0|DDI-DrugBank.d485.s2.e1|effect
DDI-DrugBank.d485.s3|DDI-DrugBank.d485.s3.e0|DDI-DrugBank.d485.s3.e1|mechanism
DDI-DrugBank.d485.s6|DDI-DrugBank.d485.s6.e0|DDI-DrugBank.d485.s6.e1|mechanism
DDI-DrugBank.d485.s10|DDI-DrugBank.d485.s10.e0|DDI-DrugBank.d485.s10.e2|effect
DDI-DrugBank.d485.s10|DDI-DrugBank.d485.s10.e1|DDI-DrugBank.d485.s10.e2|effect
DDI-DrugBank.d485.s17|DDI-DrugBank.d485.s17.e0|DDI-DrugBank.d485.s17.e2|effect
DDI-DrugBank.d485.s17|DDI-DrugBank.d485.s17.e0|DDI-DrugBank.d485.s17.e3|effect
DDI-DrugBank.d485.s17|DDI-DrugBank.d485.s17.e0|DDI-DrugBank.d485.s17.e4|effect
DDI-DrugBank.d485.s17|DDI-DrugBank.d485.s17.e0|DDI-DrugBank.d485.s17.e5|effect
DDI-DrugBank.d485.s17|DDI-DrugBank.d485.s17.e0|DDI-DrugBank.d485.s17.e6|effect
DDI-DrugBank.d485.s17|DDI-DrugBank.d485.s17.e0|DDI-DrugBank.d485.s17.e7|effect
DDI-DrugBank.d485.s17|DDI-DrugBank.d485.s17.e0|DDI-DrugBank.d485.s17.e8|effect
DDI-DrugBank.d485.s17|DDI-DrugBank.d485.s17.e1|DDI-DrugBank.d485.s17.e2|effect
DDI-DrugBank.d485.s17|DDI-DrugBank.d485.s17.e1|DDI-DrugBank.d485.s17.e3|effect
DDI-DrugBank.d485.s17|DDI-DrugBank.d485.s17.e1|DDI-DrugBank.d485.s17.e4|effect
DDI-DrugBank.d485.s17|DDI-DrugBank.d485.s17.e1|DDI-DrugBank.d485.s17.e5|effect
DDI-DrugBank.d485.s17|DDI-DrugBank.d485.s17.e1|DDI-DrugBank.d485.s17.e6|effect
DDI-DrugBank.d485.s17|DDI-DrugBank.d485.s17.e1|DDI-DrugBank.d485.s17.e7|effect
DDI-DrugBank.d485.s17|DDI-DrugBank.d485.s17.e1|DDI-DrugBank.d485.s17.e8|effect
DDI-DrugBank.d485.s17|DDI-DrugBank.d485.s17.e2|DDI-DrugBank.d485.s17.e6|mechanism
DDI-DrugBank.d485.s17|DDI-DrugBank.d485.s17.e2|DDI-DrugBank.d485.s17.e7|mechanism
DDI-DrugBank.d485.s17|DDI-DrugBank.d485.s17.e2|DDI-DrugBank.d485.s17.e8|mechanism
DDI-DrugBank.d485.s17|DDI-DrugBank.d485.s17.e3|DDI-DrugBank.d485.s17.e6|mechanism
DDI-DrugBank.d485.s17|DDI-DrugBank.d485.s17.e3|DDI-DrugBank.d485.s17.e7|mechanism
DDI-DrugBank.d485.s17|DDI-DrugBank.d485.s17.e3|DDI-DrugBank.d485.s17.e8|mechanism
DDI-DrugBank.d485.s17|DDI-DrugBank.d485.s17.e4|DDI-DrugBank.d485.s17.e6|mechanism
DDI-DrugBank.d485.s17|DDI-DrugBank.d485.s17.e4|DDI-DrugBank.d485.s17.e7|mechanism
DDI-DrugBank.d485.s17|DDI-DrugBank.d485.s17.e4|DDI-DrugBank.d485.s17.e8|mechanism
DDI-DrugBank.d485.s17|DDI-DrugBank.d485.s17.e5|DDI-DrugBank.d485.s17.e6|mechanism
DDI-DrugBank.d485.s17|DDI-DrugBank.d485.s17.e5|DDI-DrugBank.d485.s17.e7|mechanism
DDI-DrugBank.d485.s17|DDI-DrugBank.d485.s17.e5|DDI-DrugBank.d485.s17.e8|mechanism
DDI-DrugBank.d485.s18|DDI-DrugBank.d485.s18.e0|DDI-DrugBank.d485.s18.e2|effect
DDI-DrugBank.d485.s18|DDI-DrugBank.d485.s18.e1|DDI-DrugBank.d485.s18.e2|effect
DDI-DrugBank.d485.s26|DDI-DrugBank.d485.s26.e0|DDI-DrugBank.d485.s26.e2|effect
DDI-DrugBank.d485.s26|DDI-DrugBank.d485.s26.e1|DDI-DrugBank.d485.s26.e2|effect
DDI-DrugBank.d485.s27|DDI-DrugBank.d485.s27.e0|DDI-DrugBank.d485.s27.e3|effect
DDI-DrugBank.d485.s27|DDI-DrugBank.d485.s27.e1|DDI-DrugBank.d485.s27.e3|effect
DDI-DrugBank.d485.s27|DDI-DrugBank.d485.s27.e2|DDI-DrugBank.d485.s27.e3|effect
DDI-DrugBank.d485.s32|DDI-DrugBank.d485.s32.e0|DDI-DrugBank.d485.s32.e5|mechanism
DDI-DrugBank.d485.s32|DDI-DrugBank.d485.s32.e1|DDI-DrugBank.d485.s32.e5|mechanism
DDI-DrugBank.d485.s32|DDI-DrugBank.d485.s32.e2|DDI-DrugBank.d485.s32.e5|mechanism
DDI-DrugBank.d485.s32|DDI-DrugBank.d485.s32.e3|DDI-DrugBank.d485.s32.e5|mechanism
DDI-DrugBank.d485.s32|DDI-DrugBank.d485.s32.e4|DDI-DrugBank.d485.s32.e5|mechanism
DDI-DrugBank.d485.s34|DDI-DrugBank.d485.s34.e0|DDI-DrugBank.d485.s34.e1|mechanism
DDI-DrugBank.d485.s38|DDI-DrugBank.d485.s38.e0|DDI-DrugBank.d485.s38.e2|effect
DDI-DrugBank.d485.s38|DDI-DrugBank.d485.s38.e1|DDI-DrugBank.d485.s38.e2|effect
DDI-DrugBank.d485.s39|DDI-DrugBank.d485.s39.e0|DDI-DrugBank.d485.s39.e2|effect
DDI-DrugBank.d485.s39|DDI-DrugBank.d485.s39.e1|DDI-DrugBank.d485.s39.e2|effect
DDI-DrugBank.d485.s43|DDI-DrugBank.d485.s43.e0|DDI-DrugBank.d485.s43.e2|effect
DDI-DrugBank.d485.s43|DDI-DrugBank.d485.s43.e0|DDI-DrugBank.d485.s43.e3|effect
DDI-DrugBank.d485.s43|DDI-DrugBank.d485.s43.e1|DDI-DrugBank.d485.s43.e2|effect
DDI-DrugBank.d485.s43|DDI-DrugBank.d485.s43.e1|DDI-DrugBank.d485.s43.e3|effect
DDI-DrugBank.d485.s44|DDI-DrugBank.d485.s44.e0|DDI-DrugBank.d485.s44.e1|effect
DDI-DrugBank.d146.s2|DDI-DrugBank.d146.s2.e0|DDI-DrugBank.d146.s2.e1|effect
DDI-DrugBank.d146.s3|DDI-DrugBank.d146.s3.e0|DDI-DrugBank.d146.s3.e1|effect
DDI-DrugBank.d603.s2|DDI-DrugBank.d603.s2.e0|DDI-DrugBank.d603.s2.e5|effect
DDI-DrugBank.d603.s2|DDI-DrugBank.d603.s2.e0|DDI-DrugBank.d603.s2.e6|advise
DDI-DrugBank.d603.s2|DDI-DrugBank.d603.s2.e1|DDI-DrugBank.d603.s2.e5|effect
DDI-DrugBank.d603.s2|DDI-DrugBank.d603.s2.e1|DDI-DrugBank.d603.s2.e6|advise
DDI-DrugBank.d603.s2|DDI-DrugBank.d603.s2.e2|DDI-DrugBank.d603.s2.e5|effect
DDI-DrugBank.d603.s2|DDI-DrugBank.d603.s2.e2|DDI-DrugBank.d603.s2.e6|advise
DDI-DrugBank.d603.s2|DDI-DrugBank.d603.s2.e3|DDI-DrugBank.d603.s2.e5|effect
DDI-DrugBank.d603.s2|DDI-DrugBank.d603.s2.e3|DDI-DrugBank.d603.s2.e6|advise
DDI-DrugBank.d603.s2|DDI-DrugBank.d603.s2.e4|DDI-DrugBank.d603.s2.e5|effect
DDI-DrugBank.d603.s2|DDI-DrugBank.d603.s2.e4|DDI-DrugBank.d603.s2.e6|advise
DDI-DrugBank.d603.s2|DDI-DrugBank.d603.s2.e5|DDI-DrugBank.d603.s2.e6|advise
DDI-DrugBank.d603.s5|DDI-DrugBank.d603.s5.e0|DDI-DrugBank.d603.s5.e5|effect
DDI-DrugBank.d603.s5|DDI-DrugBank.d603.s5.e0|DDI-DrugBank.d603.s5.e6|effect
DDI-DrugBank.d603.s5|DDI-DrugBank.d603.s5.e0|DDI-DrugBank.d603.s5.e7|effect
DDI-DrugBank.d603.s5|DDI-DrugBank.d603.s5.e0|DDI-DrugBank.d603.s5.e8|effect
DDI-DrugBank.d603.s5|DDI-DrugBank.d603.s5.e0|DDI-DrugBank.d603.s5.e9|effect
DDI-DrugBank.d603.s5|DDI-DrugBank.d603.s5.e0|DDI-DrugBank.d603.s5.e10|effect
DDI-DrugBank.d603.s5|DDI-DrugBank.d603.s5.e0|DDI-DrugBank.d603.s5.e11|effect
DDI-DrugBank.d603.s5|DDI-DrugBank.d603.s5.e0|DDI-DrugBank.d603.s5.e12|effect
DDI-DrugBank.d603.s5|DDI-DrugBank.d603.s5.e0|DDI-DrugBank.d603.s5.e13|effect
DDI-DrugBank.d603.s5|DDI-DrugBank.d603.s5.e1|DDI-DrugBank.d603.s5.e5|effect
DDI-DrugBank.d603.s5|DDI-DrugBank.d603.s5.e1|DDI-DrugBank.d603.s5.e6|effect
DDI-DrugBank.d603.s5|DDI-DrugBank.d603.s5.e1|DDI-DrugBank.d603.s5.e7|effect
DDI-DrugBank.d603.s5|DDI-DrugBank.d603.s5.e1|DDI-DrugBank.d603.s5.e8|effect
DDI-DrugBank.d603.s5|DDI-DrugBank.d603.s5.e1|DDI-DrugBank.d603.s5.e9|effect
DDI-DrugBank.d603.s5|DDI-DrugBank.d603.s5.e1|DDI-DrugBank.d603.s5.e10|effect
DDI-DrugBank.d603.s5|DDI-DrugBank.d603.s5.e1|DDI-DrugBank.d603.s5.e11|effect
DDI-DrugBank.d603.s5|DDI-DrugBank.d603.s5.e1|DDI-DrugBank.d603.s5.e12|effect
DDI-DrugBank.d603.s5|DDI-DrugBank.d603.s5.e1|DDI-DrugBank.d603.s5.e13|effect
DDI-DrugBank.d603.s5|DDI-DrugBank.d603.s5.e2|DDI-DrugBank.d603.s5.e5|effect
DDI-DrugBank.d603.s5|DDI-DrugBank.d603.s5.e2|DDI-DrugBank.d603.s5.e6|effect
DDI-DrugBank.d603.s5|DDI-DrugBank.d603.s5.e2|DDI-DrugBank.d603.s5.e7|effect
DDI-DrugBank.d603.s5|DDI-DrugBank.d603.s5.e2|DDI-DrugBank.d603.s5.e8|effect
DDI-DrugBank.d603.s5|DDI-DrugBank.d603.s5.e2|DDI-DrugBank.d603.s5.e9|effect
DDI-DrugBank.d603.s5|DDI-DrugBank.d603.s5.e2|DDI-DrugBank.d603.s5.e10|effect
DDI-DrugBank.d603.s5|DDI-DrugBank.d603.s5.e2|DDI-DrugBank.d603.s5.e11|effect
DDI-DrugBank.d603.s5|DDI-DrugBank.d603.s5.e2|DDI-DrugBank.d603.s5.e12|effect
DDI-DrugBank.d603.s5|DDI-DrugBank.d603.s5.e2|DDI-DrugBank.d603.s5.e13|effect
DDI-DrugBank.d603.s5|DDI-DrugBank.d603.s5.e3|DDI-DrugBank.d603.s5.e5|effect
DDI-DrugBank.d603.s5|DDI-DrugBank.d603.s5.e3|DDI-DrugBank.d603.s5.e6|effect
DDI-DrugBank.d603.s5|DDI-DrugBank.d603.s5.e3|DDI-DrugBank.d603.s5.e7|effect
DDI-DrugBank.d603.s5|DDI-DrugBank.d603.s5.e3|DDI-DrugBank.d603.s5.e8|effect
DDI-DrugBank.d603.s5|DDI-DrugBank.d603.s5.e3|DDI-DrugBank.d603.s5.e9|effect
DDI-DrugBank.d603.s5|DDI-DrugBank.d603.s5.e3|DDI-DrugBank.d603.s5.e10|effect
DDI-DrugBank.d603.s5|DDI-DrugBank.d603.s5.e3|DDI-DrugBank.d603.s5.e11|effect
DDI-DrugBank.d603.s5|DDI-DrugBank.d603.s5.e3|DDI-DrugBank.d603.s5.e12|effect
DDI-DrugBank.d603.s5|DDI-DrugBank.d603.s5.e3|DDI-DrugBank.d603.s5.e13|effect
DDI-DrugBank.d603.s5|DDI-DrugBank.d603.s5.e4|DDI-DrugBank.d603.s5.e5|effect
DDI-DrugBank.d603.s5|DDI-DrugBank.d603.s5.e4|DDI-DrugBank.d603.s5.e6|effect
DDI-DrugBank.d603.s5|DDI-DrugBank.d603.s5.e4|DDI-DrugBank.d603.s5.e7|effect
DDI-DrugBank.d603.s5|DDI-DrugBank.d603.s5.e4|DDI-DrugBank.d603.s5.e8|effect
DDI-DrugBank.d603.s5|DDI-DrugBank.d603.s5.e4|DDI-DrugBank.d603.s5.e9|effect
DDI-DrugBank.d603.s5|DDI-DrugBank.d603.s5.e4|DDI-DrugBank.d603.s5.e10|effect
DDI-DrugBank.d603.s5|DDI-DrugBank.d603.s5.e4|DDI-DrugBank.d603.s5.e11|effect
DDI-DrugBank.d603.s5|DDI-DrugBank.d603.s5.e4|DDI-DrugBank.d603.s5.e12|effect
DDI-DrugBank.d603.s5|DDI-DrugBank.d603.s5.e4|DDI-DrugBank.d603.s5.e13|effect
DDI-DrugBank.d628.s0|DDI-DrugBank.d628.s0.e0|DDI-DrugBank.d628.s0.e1|effect
DDI-DrugBank.d628.s0|DDI-DrugBank.d628.s0.e0|DDI-DrugBank.d628.s0.e2|effect
DDI-DrugBank.d628.s0|DDI-DrugBank.d628.s0.e0|DDI-DrugBank.d628.s0.e3|effect
DDI-DrugBank.d628.s0|DDI-DrugBank.d628.s0.e0|DDI-DrugBank.d628.s0.e4|effect
DDI-DrugBank.d628.s3|DDI-DrugBank.d628.s3.e0|DDI-DrugBank.d628.s3.e1|effect
DDI-DrugBank.d628.s3|DDI-DrugBank.d628.s3.e0|DDI-DrugBank.d628.s3.e2|effect
DDI-DrugBank.d628.s3|DDI-DrugBank.d628.s3.e0|DDI-DrugBank.d628.s3.e3|effect
DDI-DrugBank.d158.s0|DDI-DrugBank.d158.s0.e0|DDI-DrugBank.d158.s0.e2|mechanism
DDI-DrugBank.d158.s0|DDI-DrugBank.d158.s0.e1|DDI-DrugBank.d158.s0.e2|mechanism
DDI-DrugBank.d158.s3|DDI-DrugBank.d158.s3.e0|DDI-DrugBank.d158.s3.e3|effect
DDI-DrugBank.d158.s3|DDI-DrugBank.d158.s3.e0|DDI-DrugBank.d158.s3.e4|effect
DDI-DrugBank.d158.s3|DDI-DrugBank.d158.s3.e1|DDI-DrugBank.d158.s3.e3|effect
DDI-DrugBank.d158.s3|DDI-DrugBank.d158.s3.e1|DDI-DrugBank.d158.s3.e4|effect
DDI-DrugBank.d158.s3|DDI-DrugBank.d158.s3.e2|DDI-DrugBank.d158.s3.e3|effect
DDI-DrugBank.d158.s3|DDI-DrugBank.d158.s3.e2|DDI-DrugBank.d158.s3.e4|effect
DDI-DrugBank.d158.s11|DDI-DrugBank.d158.s11.e0|DDI-DrugBank.d158.s11.e2|effect
DDI-DrugBank.d158.s11|DDI-DrugBank.d158.s11.e1|DDI-DrugBank.d158.s11.e2|effect
DDI-DrugBank.d158.s16|DDI-DrugBank.d158.s16.e0|DDI-DrugBank.d158.s16.e2|effect
DDI-DrugBank.d158.s16|DDI-DrugBank.d158.s16.e1|DDI-DrugBank.d158.s16.e2|effect
DDI-DrugBank.d158.s17|DDI-DrugBank.d158.s17.e0|DDI-DrugBank.d158.s17.e2|mechanism
DDI-DrugBank.d158.s17|DDI-DrugBank.d158.s17.e1|DDI-DrugBank.d158.s17.e2|mechanism
DDI-DrugBank.d158.s18|DDI-DrugBank.d158.s18.e0|DDI-DrugBank.d158.s18.e2|mechanism
DDI-DrugBank.d158.s18|DDI-DrugBank.d158.s18.e1|DDI-DrugBank.d158.s18.e2|mechanism
DDI-DrugBank.d487.s1|DDI-DrugBank.d487.s1.e0|DDI-DrugBank.d487.s1.e3|effect
DDI-DrugBank.d487.s1|DDI-DrugBank.d487.s1.e0|DDI-DrugBank.d487.s1.e4|effect
DDI-DrugBank.d487.s1|DDI-DrugBank.d487.s1.e1|DDI-DrugBank.d487.s1.e3|effect
DDI-DrugBank.d487.s1|DDI-DrugBank.d487.s1.e1|DDI-DrugBank.d487.s1.e4|effect
DDI-DrugBank.d487.s1|DDI-DrugBank.d487.s1.e2|DDI-DrugBank.d487.s1.e3|effect
DDI-DrugBank.d487.s1|DDI-DrugBank.d487.s1.e2|DDI-DrugBank.d487.s1.e4|effect
DDI-DrugBank.d487.s4|DDI-DrugBank.d487.s4.e0|DDI-DrugBank.d487.s4.e1|effect
DDI-DrugBank.d487.s5|DDI-DrugBank.d487.s5.e0|DDI-DrugBank.d487.s5.e1|mechanism
DDI-DrugBank.d487.s5|DDI-DrugBank.d487.s5.e0|DDI-DrugBank.d487.s5.e2|mechanism
DDI-DrugBank.d337.s3|DDI-DrugBank.d337.s3.e0|DDI-DrugBank.d337.s3.e2|advise
DDI-DrugBank.d337.s3|DDI-DrugBank.d337.s3.e0|DDI-DrugBank.d337.s3.e3|advise
DDI-DrugBank.d337.s3|DDI-DrugBank.d337.s3.e1|DDI-DrugBank.d337.s3.e2|advise
DDI-DrugBank.d337.s3|DDI-DrugBank.d337.s3.e1|DDI-DrugBank.d337.s3.e3|advise
DDI-DrugBank.d322.s0|DDI-DrugBank.d322.s0.e0|DDI-DrugBank.d322.s0.e3|effect
DDI-DrugBank.d322.s0|DDI-DrugBank.d322.s0.e1|DDI-DrugBank.d322.s0.e3|effect
DDI-DrugBank.d322.s0|DDI-DrugBank.d322.s0.e2|DDI-DrugBank.d322.s0.e3|effect
DDI-DrugBank.d322.s1|DDI-DrugBank.d322.s1.e0|DDI-DrugBank.d322.s1.e1|effect
DDI-DrugBank.d322.s1|DDI-DrugBank.d322.s1.e0|DDI-DrugBank.d322.s1.e2|effect
DDI-DrugBank.d322.s1|DDI-DrugBank.d322.s1.e0|DDI-DrugBank.d322.s1.e3|effect
DDI-MedLine.d34.s1|DDI-MedLine.d34.s1.e0|DDI-MedLine.d34.s1.e2|int
DDI-MedLine.d34.s1|DDI-MedLine.d34.s1.e0|DDI-MedLine.d34.s1.e3|int
DDI-MedLine.d34.s1|DDI-MedLine.d34.s1.e1|DDI-MedLine.d34.s1.e2|int
DDI-MedLine.d34.s1|DDI-MedLine.d34.s1.e1|DDI-MedLine.d34.s1.e3|int
DDI-MedLine.d34.s4|DDI-MedLine.d34.s4.e0|DDI-MedLine.d34.s4.e1|mechanism
DDI-MedLine.d34.s8|DDI-MedLine.d34.s8.e0|DDI-MedLine.d34.s8.e2|mechanism
DDI-MedLine.d34.s8|DDI-MedLine.d34.s8.e1|DDI-MedLine.d34.s8.e2|mechanism
DDI-DrugBank.d231.s0|DDI-DrugBank.d231.s0.e0|DDI-DrugBank.d231.s0.e1|effect
DDI-DrugBank.d231.s4|DDI-DrugBank.d231.s4.e0|DDI-DrugBank.d231.s4.e1|effect
DDI-DrugBank.d231.s4|DDI-DrugBank.d231.s4.e0|DDI-DrugBank.d231.s4.e2|effect
DDI-DrugBank.d231.s4|DDI-DrugBank.d231.s4.e1|DDI-DrugBank.d231.s4.e2|effect
DDI-DrugBank.d231.s5|DDI-DrugBank.d231.s5.e0|DDI-DrugBank.d231.s5.e2|mechanism
DDI-DrugBank.d231.s5|DDI-DrugBank.d231.s5.e0|DDI-DrugBank.d231.s5.e3|mechanism
DDI-DrugBank.d231.s5|DDI-DrugBank.d231.s5.e1|DDI-DrugBank.d231.s5.e2|mechanism
DDI-DrugBank.d231.s5|DDI-DrugBank.d231.s5.e1|DDI-DrugBank.d231.s5.e3|mechanism
DDI-DrugBank.d231.s6|DDI-DrugBank.d231.s6.e0|DDI-DrugBank.d231.s6.e1|effect
DDI-DrugBank.d231.s8|DDI-DrugBank.d231.s8.e0|DDI-DrugBank.d231.s8.e1|effect
DDI-DrugBank.d231.s10|DDI-DrugBank.d231.s10.e0|DDI-DrugBank.d231.s10.e2|effect
DDI-DrugBank.d231.s10|DDI-DrugBank.d231.s10.e1|DDI-DrugBank.d231.s10.e2|effect
DDI-DrugBank.d231.s15|DDI-DrugBank.d231.s15.e0|DDI-DrugBank.d231.s15.e1|effect
